<?xml version="1.0" encoding="UTF-8"?>
<coverage generated="1672671698546" clover="3.2.0">
  <project timestamp="1672671698546" name="All files">
    <metrics statements="619" coveredstatements="300" conditionals="289" coveredconditionals="67" methods="140" coveredmethods="67" elements="1048" coveredelements="434" complexity="0" loc="619" ncloc="619" packages="5" files="19" classes="19"/>
    <package name="lib">
      <metrics statements="416" coveredstatements="149" conditionals="218" coveredconditionals="28" methods="74" coveredmethods="26"/>
      <file name="SchemaForm.tsx" path="Z:\Project\vue3-json-schema-form\lib\SchemaForm.tsx">
        <metrics statements="62" coveredstatements="32" conditionals="21" coveredconditionals="3" methods="19" coveredmethods="10"/>
        <line num="1" count="3" type="stmt"/>
        <line num="12" count="3" type="stmt"/>
        <line num="13" count="3" type="stmt"/>
        <line num="21" count="3" type="stmt"/>
        <line num="22" count="3" type="stmt"/>
        <line num="31" count="3" type="stmt"/>
        <line num="36" count="3" type="stmt"/>
        <line num="78" count="7" type="stmt"/>
        <line num="80" count="7" type="stmt"/>
        <line num="81" count="7" type="stmt"/>
        <line num="86" count="7" type="cond" truecount="0" falsecount="1"/>
        <line num="87" count="0" type="cond" truecount="0" falsecount="2"/>
        <line num="90" count="0" type="stmt"/>
        <line num="91" count="0" type="stmt"/>
        <line num="95" count="7" type="cond" truecount="0" falsecount="1"/>
        <line num="96" count="0" type="cond" truecount="0" falsecount="2"/>
        <line num="99" count="0" type="stmt"/>
        <line num="100" count="0" type="stmt"/>
        <line num="105" count="7" type="stmt"/>
        <line num="107" count="7" type="stmt"/>
        <line num="108" count="7" type="stmt"/>
        <line num="110" count="7" type="stmt"/>
        <line num="111" count="10" type="stmt"/>
        <line num="113" count="3" type="cond" truecount="0" falsecount="1"/>
        <line num="114" count="0" type="stmt"/>
        <line num="123" count="0" type="stmt"/>
        <line num="124" count="0" type="stmt"/>
        <line num="131" count="0" type="cond" truecount="0" falsecount="1"/>
        <line num="132" count="0" type="stmt"/>
        <line num="133" count="0" type="stmt"/>
        <line num="134" count="0" type="stmt"/>
        <line num="137" count="7" type="stmt"/>
        <line num="138" count="7" type="stmt"/>
        <line num="140" count="7" type="cond" truecount="0" falsecount="1"/>
        <line num="141" count="0" type="stmt"/>
        <line num="143" count="0" type="stmt"/>
        <line num="144" count="0" type="stmt"/>
        <line num="145" count="0" type="stmt"/>
        <line num="156" count="7" type="stmt"/>
        <line num="157" count="4" type="stmt"/>
        <line num="160" count="7" type="stmt"/>
        <line num="161" count="0" type="cond" truecount="0" falsecount="2"/>
        <line num="162" count="0" type="cond" truecount="0" falsecount="2"/>
        <line num="165" count="0" type="stmt"/>
        <line num="167" count="0" type="stmt"/>
        <line num="168" count="0" type="stmt"/>
        <line num="171" count="0" type="stmt"/>
        <line num="175" count="7" type="stmt"/>
        <line num="176" count="7" type="cond" truecount="0" falsecount="1"/>
        <line num="177" count="0" type="cond" truecount="0" falsecount="2"/>
        <line num="181" count="0" type="stmt"/>
        <line num="182" count="0" type="stmt"/>
        <line num="183" count="0" type="stmt"/>
        <line num="184" count="0" type="cond" truecount="0" falsecount="1"/>
        <line num="185" count="0" type="stmt"/>
        <line num="188" count="0" type="stmt"/>
        <line num="191" count="20" type="stmt"/>
        <line num="194" count="7" type="stmt"/>
        <line num="201" count="7" type="stmt"/>
        <line num="203" count="7" type="stmt"/>
        <line num="204" count="7" type="stmt"/>
        <line num="205" count="7" type="stmt"/>
      </file>
      <file name="SchemaItem.tsx" path="Z:\Project\vue3-json-schema-form\lib\SchemaItem.tsx">
        <metrics statements="28" coveredstatements="27" conditionals="5" coveredconditionals="4" methods="3" coveredmethods="3"/>
        <line num="1" count="3" type="stmt"/>
        <line num="2" count="3" type="stmt"/>
        <line num="3" count="3" type="stmt"/>
        <line num="4" count="3" type="stmt"/>
        <line num="5" count="3" type="stmt"/>
        <line num="6" count="3" type="stmt"/>
        <line num="7" count="3" type="stmt"/>
        <line num="8" count="3" type="stmt"/>
        <line num="10" count="3" type="stmt"/>
        <line num="14" count="17" type="stmt"/>
        <line num="16" count="17" type="stmt"/>
        <line num="17" count="20" type="stmt"/>
        <line num="18" count="20" type="stmt"/>
        <line num="23" count="17" type="stmt"/>
        <line num="24" count="23" type="stmt"/>
        <line num="26" count="23" type="stmt"/>
        <line num="30" count="23" type="stmt"/>
        <line num="33" count="23" type="cond" truecount="4" falsecount="1"/>
        <line num="35" count="9" type="stmt"/>
        <line num="36" count="9" type="stmt"/>
        <line num="39" count="8" type="stmt"/>
        <line num="40" count="8" type="stmt"/>
        <line num="43" count="3" type="stmt"/>
        <line num="44" count="3" type="stmt"/>
        <line num="47" count="3" type="stmt"/>
        <line num="48" count="3" type="stmt"/>
        <line num="51" count="0" type="stmt"/>
        <line num="55" count="23" type="stmt"/>
      </file>
      <file name="context.ts" path="Z:\Project\vue3-json-schema-form\lib\context.ts">
        <metrics statements="7" coveredstatements="6" conditionals="1" coveredconditionals="0" methods="1" coveredmethods="1"/>
        <line num="1" count="3" type="stmt"/>
        <line num="4" count="3" type="stmt"/>
        <line num="6" count="3" type="stmt"/>
        <line num="14" count="40" type="stmt"/>
        <line num="16" count="40" type="cond" truecount="0" falsecount="1"/>
        <line num="17" count="0" type="stmt"/>
        <line num="20" count="40" type="stmt"/>
      </file>
      <file name="index.ts" path="Z:\Project\vue3-json-schema-form\lib\index.ts">
        <metrics statements="9" coveredstatements="9" conditionals="0" coveredconditionals="0" methods="0" coveredmethods="0"/>
        <line num="1" count="3" type="stmt"/>
        <line num="2" count="3" type="stmt"/>
        <line num="3" count="3" type="stmt"/>
        <line num="4" count="3" type="stmt"/>
        <line num="5" count="3" type="stmt"/>
        <line num="6" count="3" type="stmt"/>
        <line num="8" count="3" type="stmt"/>
        <line num="10" count="3" type="stmt"/>
        <line num="12" count="3" type="stmt"/>
      </file>
      <file name="theme.tsx" path="Z:\Project\vue3-json-schema-form\lib\theme.tsx">
        <metrics statements="24" coveredstatements="20" conditionals="11" coveredconditionals="6" methods="5" coveredmethods="5"/>
        <line num="1" count="3" type="stmt"/>
        <line num="2" count="3" type="stmt"/>
        <line num="19" count="3" type="stmt"/>
        <line num="21" count="3" type="stmt"/>
        <line num="23" count="3" type="stmt"/>
        <line num="32" count="7" type="stmt"/>
        <line num="34" count="7" type="stmt"/>
        <line num="36" count="7" type="cond" truecount="2" falsecount="0"/>
        <line num="40" count="3" type="stmt"/>
        <line num="44" count="17" type="stmt"/>
        <line num="46" count="17" type="cond" truecount="1" falsecount="0"/>
        <line num="47" count="9" type="stmt"/>
        <line num="48" count="9" type="cond" truecount="3" falsecount="2"/>
        <line num="49" count="0" type="stmt"/>
        <line num="51" count="9" type="cond" truecount="0" falsecount="1"/>
        <line num="52" count="0" type="cond" truecount="0" falsecount="1"/>
        <line num="53" count="0" type="stmt"/>
        <line num="59" count="17" type="stmt"/>
        <line num="60" count="17" type="cond" truecount="0" falsecount="1"/>
        <line num="61" count="0" type="stmt"/>
        <line num="64" count="17" type="stmt"/>
        <line num="65" count="17" type="stmt"/>
        <line num="68" count="17" type="stmt"/>
        <line num="71" count="3" type="stmt"/>
      </file>
      <file name="types.ts" path="Z:\Project\vue3-json-schema-form\lib\types.ts">
        <metrics statements="15" coveredstatements="15" conditionals="6" coveredconditionals="6" methods="3" coveredmethods="3"/>
        <line num="5" count="3" type="cond" truecount="2" falsecount="0"/>
        <line num="6" count="3" type="stmt"/>
        <line num="7" count="3" type="stmt"/>
        <line num="8" count="3" type="stmt"/>
        <line num="9" count="3" type="stmt"/>
        <line num="10" count="3" type="stmt"/>
        <line num="11" count="3" type="stmt"/>
        <line num="54" count="3" type="stmt"/>
        <line num="82" count="3" type="stmt"/>
        <line num="100" count="3" type="stmt"/>
        <line num="119" count="3" type="cond" truecount="2" falsecount="0"/>
        <line num="120" count="3" type="stmt"/>
        <line num="123" count="3" type="cond" truecount="2" falsecount="0"/>
        <line num="124" count="3" type="stmt"/>
        <line num="125" count="3" type="stmt"/>
      </file>
      <file name="utils.ts" path="Z:\Project\vue3-json-schema-form\lib\utils.ts">
        <metrics statements="208" coveredstatements="35" conditionals="139" coveredconditionals="9" methods="33" coveredmethods="4"/>
        <line num="1" count="3" type="stmt"/>
        <line num="5" count="3" type="stmt"/>
        <line num="6" count="3" type="stmt"/>
        <line num="7" count="3" type="stmt"/>
        <line num="9" count="3" type="stmt"/>
        <line num="10" count="29" type="cond" truecount="3" falsecount="0"/>
        <line num="13" count="3" type="stmt"/>
        <line num="14" count="0" type="cond" truecount="0" falsecount="2"/>
        <line num="17" count="3" type="stmt"/>
        <line num="22" count="60" type="stmt"/>
        <line num="29" count="3" type="stmt"/>
        <line num="30" count="3" type="stmt"/>
        <line num="31" count="0" type="stmt"/>
        <line num="32" count="0" type="stmt"/>
        <line num="39" count="3" type="cond" truecount="0" falsecount="2"/>
        <line num="40" count="20" type="cond" truecount="1" falsecount="1"/>
        <line num="41" count="0" type="stmt"/>
        <line num="42" count="20" type="cond" truecount="1" falsecount="1"/>
        <line num="43" count="0" type="stmt"/>
        <line num="44" count="0" type="stmt"/>
        <line num="45" count="20" type="cond" truecount="2" falsecount="2"/>
        <line num="46" count="0" type="stmt"/>
        <line num="49" count="0" type="stmt"/>
        <line num="54" count="20" type="stmt"/>
        <line num="58" count="3" type="stmt"/>
        <line num="63" count="20" type="cond" truecount="0" falsecount="1"/>
        <line num="64" count="0" type="stmt"/>
        <line num="66" count="20" type="stmt"/>
        <line num="69" count="20" type="cond" truecount="0" falsecount="1"/>
        <line num="70" count="0" type="stmt"/>
        <line num="71" count="0" type="stmt"/>
        <line num="77" count="0" type="stmt"/>
        <line num="78" count="0" type="stmt"/>
        <line num="79" count="0" type="stmt"/>
        <line num="83" count="20" type="cond" truecount="1" falsecount="1"/>
        <line num="85" count="20" type="cond" truecount="0" falsecount="1"/>
        <line num="87" count="0" type="stmt"/>
        <line num="93" count="20" type="stmt"/>
        <line num="96" count="3" type="stmt"/>
        <line num="98" count="3" type="stmt"/>
        <line num="104" count="0" type="stmt"/>
        <line num="109" count="0" type="stmt"/>
        <line num="110" count="0" type="cond" truecount="0" falsecount="1"/>
        <line num="112" count="0" type="stmt"/>
        <line num="116" count="0" type="cond" truecount="0" falsecount="2"/>
        <line num="117" count="0" type="stmt"/>
        <line num="122" count="0" type="cond" truecount="0" falsecount="2"/>
        <line num="123" count="0" type="stmt"/>
        <line num="125" count="0" type="stmt"/>
        <line num="129" count="0" type="stmt"/>
        <line num="131" count="0" type="stmt"/>
        <line num="134" count="0" type="stmt"/>
        <line num="152" count="0" type="stmt"/>
        <line num="154" count="0" type="stmt"/>
        <line num="156" count="0" type="stmt"/>
        <line num="159" count="3" type="cond" truecount="0" falsecount="1"/>
        <line num="160" count="0" type="stmt"/>
        <line num="161" count="0" type="cond" truecount="0" falsecount="2"/>
        <line num="163" count="0" type="stmt"/>
        <line num="165" count="0" type="stmt"/>
        <line num="167" count="0" type="stmt"/>
        <line num="168" count="0" type="cond" truecount="0" falsecount="1"/>
        <line num="169" count="0" type="stmt"/>
        <line num="171" count="0" type="cond" truecount="0" falsecount="1"/>
        <line num="173" count="0" type="stmt"/>
        <line num="175" count="0" type="stmt"/>
        <line num="184" count="0" type="cond" truecount="0" falsecount="1"/>
        <line num="185" count="0" type="cond" truecount="0" falsecount="2"/>
        <line num="186" count="0" type="stmt"/>
        <line num="190" count="0" type="cond" truecount="0" falsecount="1"/>
        <line num="191" count="0" type="stmt"/>
        <line num="196" count="0" type="stmt"/>
        <line num="205" count="0" type="stmt"/>
        <line num="207" count="0" type="cond" truecount="0" falsecount="1"/>
        <line num="208" count="0" type="stmt"/>
        <line num="211" count="0" type="cond" truecount="0" falsecount="1"/>
        <line num="215" count="0" type="stmt"/>
        <line num="218" count="0" type="stmt"/>
        <line num="219" count="0" type="cond" truecount="0" falsecount="2"/>
        <line num="220" count="0" type="stmt"/>
        <line num="221" count="0" type="cond" truecount="0" falsecount="1"/>
        <line num="222" count="0" type="stmt"/>
        <line num="230" count="0" type="stmt"/>
        <line num="237" count="0" type="stmt"/>
        <line num="241" count="0" type="cond" truecount="0" falsecount="1"/>
        <line num="242" count="0" type="stmt"/>
        <line num="244" count="0" type="cond" truecount="0" falsecount="2"/>
        <line num="247" count="0" type="stmt"/>
        <line num="258" count="0" type="stmt"/>
        <line num="263" count="0" type="stmt"/>
        <line num="265" count="0" type="cond" truecount="0" falsecount="2"/>
        <line num="266" count="0" type="stmt"/>
        <line num="267" count="0" type="cond" truecount="0" falsecount="1"/>
        <line num="268" count="0" type="stmt"/>
        <line num="271" count="0" type="stmt"/>
        <line num="272" count="0" type="cond" truecount="0" falsecount="2"/>
        <line num="276" count="0" type="stmt"/>
        <line num="292" count="0" type="stmt"/>
        <line num="293" count="0" type="cond" truecount="0" falsecount="1"/>
        <line num="294" count="0" type="stmt"/>
        <line num="296" count="0" type="stmt"/>
        <line num="297" count="0" type="cond" truecount="0" falsecount="1"/>
        <line num="298" count="0" type="stmt"/>
        <line num="305" count="0" type="stmt"/>
        <line num="306" count="0" type="cond" truecount="0" falsecount="2"/>
        <line num="309" count="0" type="cond" truecount="0" falsecount="1"/>
        <line num="310" count="0" type="stmt"/>
        <line num="313" count="0" type="stmt"/>
        <line num="316" count="0" type="stmt"/>
        <line num="318" count="0" type="stmt"/>
        <line num="319" count="0" type="stmt"/>
        <line num="320" count="0" type="stmt"/>
        <line num="332" count="3" type="stmt"/>
        <line num="333" count="0" type="stmt"/>
        <line num="334" count="0" type="stmt"/>
        <line num="335" count="0" type="cond" truecount="0" falsecount="2"/>
        <line num="336" count="0" type="stmt"/>
        <line num="337" count="0" type="cond" truecount="0" falsecount="5"/>
        <line num="338" count="0" type="stmt"/>
        <line num="339" count="0" type="cond" truecount="0" falsecount="2"/>
        <line num="349" count="0" type="stmt"/>
        <line num="351" count="0" type="stmt"/>
        <line num="353" count="0" type="stmt"/>
        <line num="366" count="3" type="stmt"/>
        <line num="367" count="0" type="stmt"/>
        <line num="369" count="0" type="cond" truecount="0" falsecount="3"/>
        <line num="370" count="0" type="stmt"/>
        <line num="373" count="0" type="cond" truecount="0" falsecount="3"/>
        <line num="374" count="0" type="stmt"/>
        <line num="377" count="0" type="cond" truecount="0" falsecount="4"/>
        <line num="378" count="0" type="stmt"/>
        <line num="381" count="0" type="stmt"/>
        <line num="382" count="0" type="cond" truecount="0" falsecount="4"/>
        <line num="383" count="0" type="stmt"/>
        <line num="386" count="0" type="stmt"/>
        <line num="415" count="3" type="stmt"/>
        <line num="416" count="0" type="cond" truecount="0" falsecount="2"/>
        <line num="417" count="0" type="stmt"/>
        <line num="418" count="0" type="cond" truecount="0" falsecount="2"/>
        <line num="419" count="0" type="stmt"/>
        <line num="420" count="0" type="cond" truecount="0" falsecount="2"/>
        <line num="421" count="0" type="stmt"/>
        <line num="422" count="0" type="cond" truecount="0" falsecount="2"/>
        <line num="423" count="0" type="stmt"/>
        <line num="424" count="0" type="cond" truecount="0" falsecount="2"/>
        <line num="425" count="0" type="stmt"/>
        <line num="426" count="0" type="cond" truecount="0" falsecount="1"/>
        <line num="427" count="0" type="stmt"/>
        <line num="430" count="0" type="stmt"/>
        <line num="433" count="3" type="stmt"/>
        <line num="434" count="0" type="stmt"/>
        <line num="440" count="3" type="cond" truecount="0" falsecount="1"/>
        <line num="441" count="0" type="stmt"/>
        <line num="442" count="0" type="cond" truecount="0" falsecount="2"/>
        <line num="443" count="0" type="cond" truecount="0" falsecount="2"/>
        <line num="444" count="0" type="stmt"/>
        <line num="445" count="0" type="cond" truecount="0" falsecount="1"/>
        <line num="446" count="0" type="stmt"/>
        <line num="448" count="0" type="stmt"/>
        <line num="451" count="3" type="cond" truecount="0" falsecount="1"/>
        <line num="452" count="0" type="cond" truecount="0" falsecount="3"/>
        <line num="453" count="0" type="stmt"/>
        <line num="455" count="0" type="stmt"/>
        <line num="459" count="3" type="stmt"/>
        <line num="464" count="0" type="stmt"/>
        <line num="465" count="0" type="stmt"/>
        <line num="474" count="0" type="cond" truecount="0" falsecount="2"/>
        <line num="477" count="0" type="stmt"/>
        <line num="478" count="0" type="stmt"/>
        <line num="486" count="0" type="cond" truecount="0" falsecount="2"/>
        <line num="488" count="0" type="stmt"/>
        <line num="490" count="0" type="cond" truecount="0" falsecount="2"/>
        <line num="491" count="0" type="stmt"/>
        <line num="494" count="0" type="stmt"/>
        <line num="497" count="0" type="stmt"/>
        <line num="499" count="0" type="stmt"/>
        <line num="501" count="0" type="stmt"/>
        <line num="506" count="0" type="stmt"/>
        <line num="508" count="0" type="cond" truecount="0" falsecount="1"/>
        <line num="509" count="0" type="stmt"/>
        <line num="511" count="0" type="cond" truecount="0" falsecount="1"/>
        <line num="512" count="0" type="stmt"/>
        <line num="515" count="0" type="stmt"/>
        <line num="518" count="3" type="stmt"/>
        <line num="519" count="0" type="cond" truecount="0" falsecount="2"/>
        <line num="520" count="0" type="cond" truecount="0" falsecount="1"/>
        <line num="521" count="0" type="stmt"/>
        <line num="523" count="0" type="stmt"/>
        <line num="524" count="0" type="cond" truecount="0" falsecount="1"/>
        <line num="525" count="0" type="stmt"/>
        <line num="527" count="0" type="stmt"/>
        <line num="529" count="0" type="cond" truecount="0" falsecount="2"/>
        <line num="530" count="0" type="stmt"/>
        <line num="531" count="0" type="stmt"/>
        <line num="532" count="0" type="stmt"/>
        <line num="536" count="0" type="stmt"/>
        <line num="539" count="0" type="stmt"/>
        <line num="543" count="3" type="stmt"/>
        <line num="549" count="0" type="cond" truecount="0" falsecount="1"/>
        <line num="550" count="0" type="stmt"/>
        <line num="553" count="0" type="stmt"/>
        <line num="562" count="0" type="cond" truecount="0" falsecount="1"/>
        <line num="564" count="0" type="stmt"/>
        <line num="566" count="0" type="cond" truecount="0" falsecount="3"/>
        <line num="567" count="0" type="stmt"/>
        <line num="569" count="0" type="cond" truecount="0" falsecount="4"/>
        <line num="570" count="0" type="stmt"/>
        <line num="572" count="0" type="cond" truecount="0" falsecount="2"/>
      </file>
      <file name="validator.ts" path="Z:\Project\vue3-json-schema-form\lib\validator.ts">
        <metrics statements="63" coveredstatements="5" conditionals="35" coveredconditionals="0" methods="10" coveredmethods="0"/>
        <line num="3" count="3" type="stmt"/>
        <line num="4" count="3" type="stmt"/>
        <line num="5" count="3" type="stmt"/>
        <line num="24" count="0" type="cond" truecount="0" falsecount="1"/>
        <line num="26" count="0" type="stmt"/>
        <line num="27" count="0" type="stmt"/>
        <line num="28" count="0" type="stmt"/>
        <line num="29" count="0" type="stmt"/>
        <line num="33" count="0" type="cond" truecount="0" falsecount="3"/>
        <line num="34" count="0" type="stmt"/>
        <line num="42" count="0" type="stmt"/>
        <line num="43" count="0" type="cond" truecount="0" falsecount="1"/>
        <line num="44" count="0" type="stmt"/>
        <line num="46" count="0" type="stmt"/>
        <line num="49" count="0" type="cond" truecount="0" falsecount="2"/>
        <line num="53" count="0" type="cond" truecount="0" falsecount="2"/>
        <line num="55" count="0" type="cond" truecount="0" falsecount="1"/>
        <line num="56" count="0" type="stmt"/>
        <line num="59" count="0" type="stmt"/>
        <line num="64" count="0" type="cond" truecount="0" falsecount="3"/>
        <line num="66" count="0" type="stmt"/>
        <line num="68" count="0" type="stmt"/>
        <line num="79" count="3" type="stmt"/>
        <line num="86" count="0" type="stmt"/>
        <line num="87" count="0" type="stmt"/>
        <line num="88" count="0" type="stmt"/>
        <line num="90" count="0" type="stmt"/>
        <line num="93" count="0" type="stmt"/>
        <line num="94" count="0" type="stmt"/>
        <line num="96" count="0" type="cond" truecount="0" falsecount="1"/>
        <line num="97" count="0" type="stmt"/>
        <line num="105" count="0" type="stmt"/>
        <line num="107" count="0" type="cond" truecount="0" falsecount="1"/>
        <line num="108" count="0" type="stmt"/>
        <line num="115" count="0" type="stmt"/>
        <line num="116" count="0" type="stmt"/>
        <line num="117" count="0" type="stmt"/>
        <line num="119" count="0" type="stmt"/>
        <line num="127" count="0" type="stmt"/>
        <line num="128" count="0" type="stmt"/>
        <line num="130" count="0" type="cond" truecount="0" falsecount="1"/>
        <line num="131" count="0" type="stmt"/>
        <line num="132" count="0" type="stmt"/>
        <line num="133" count="0" type="cond" truecount="0" falsecount="4"/>
        <line num="134" count="0" type="stmt"/>
        <line num="136" count="0" type="stmt"/>
        <line num="140" count="0" type="stmt"/>
        <line num="141" count="0" type="cond" truecount="0" falsecount="1"/>
        <line num="142" count="0" type="stmt"/>
        <line num="143" count="0" type="stmt"/>
        <line num="144" count="0" type="stmt"/>
        <line num="147" count="0" type="stmt"/>
        <line num="152" count="3" type="cond" truecount="0" falsecount="1"/>
        <line num="154" count="0" type="stmt"/>
        <line num="155" count="0" type="stmt"/>
        <line num="156" count="0" type="cond" truecount="0" falsecount="2"/>
        <line num="157" count="0" type="stmt"/>
        <line num="158" count="0" type="cond" truecount="0" falsecount="5"/>
        <line num="159" count="0" type="stmt"/>
        <line num="160" count="0" type="cond" truecount="0" falsecount="5"/>
        <line num="161" count="0" type="stmt"/>
        <line num="163" count="0" type="stmt"/>
        <line num="165" count="0" type="stmt"/>
      </file>
    </package>
    <package name="lib.fields">
      <metrics statements="115" coveredstatements="87" conditionals="52" coveredconditionals="27" methods="32" coveredmethods="20"/>
      <file name="ArrayField.tsx" path="Z:\Project\vue3-json-schema-form\lib\fields\ArrayField.tsx">
        <metrics statements="66" coveredstatements="40" conditionals="36" coveredconditionals="18" methods="19" coveredmethods="8"/>
        <line num="1" count="3" type="stmt"/>
        <line num="2" count="3" type="stmt"/>
        <line num="3" count="3" type="stmt"/>
        <line num="4" count="3" type="stmt"/>
        <line num="5" count="3" type="stmt"/>
        <line num="8" count="3" type="stmt"/>
        <line num="27" count="3" type="stmt"/>
        <line num="52" count="2" type="stmt"/>
        <line num="54" count="2" type="stmt"/>
        <line num="55" count="2" type="stmt"/>
        <line num="56" count="2" type="stmt"/>
        <line num="57" count="2" type="stmt"/>
        <line num="58" count="2" type="stmt"/>
        <line num="59" count="2" type="stmt"/>
        <line num="61" count="2" type="stmt"/>
        <line num="84" count="3" type="stmt"/>
        <line num="88" count="3" type="stmt"/>
        <line num="89" count="3" type="stmt"/>
        <line num="90" count="0" type="stmt"/>
        <line num="91" count="0" type="cond" truecount="0" falsecount="2"/>
        <line num="93" count="0" type="stmt"/>
        <line num="94" count="0" type="stmt"/>
        <line num="97" count="3" type="stmt"/>
        <line num="98" count="0" type="stmt"/>
        <line num="99" count="0" type="cond" truecount="0" falsecount="2"/>
        <line num="101" count="0" type="stmt"/>
        <line num="103" count="0" type="stmt"/>
        <line num="105" count="3" type="stmt"/>
        <line num="106" count="0" type="stmt"/>
        <line num="107" count="0" type="cond" truecount="0" falsecount="2"/>
        <line num="109" count="0" type="stmt"/>
        <line num="111" count="0" type="stmt"/>
        <line num="113" count="3" type="stmt"/>
        <line num="114" count="0" type="cond" truecount="0" falsecount="1"/>
        <line num="116" count="0" type="stmt"/>
        <line num="117" count="0" type="cond" truecount="0" falsecount="2"/>
        <line num="119" count="0" type="stmt"/>
        <line num="120" count="0" type="stmt"/>
        <line num="122" count="0" type="stmt"/>
        <line num="124" count="3" type="stmt"/>
        <line num="125" count="0" type="stmt"/>
        <line num="126" count="0" type="cond" truecount="0" falsecount="2"/>
        <line num="128" count="0" type="cond" truecount="0" falsecount="1"/>
        <line num="130" count="0" type="stmt"/>
        <line num="131" count="0" type="stmt"/>
        <line num="133" count="0" type="stmt"/>
        <line num="136" count="3" type="stmt"/>
        <line num="138" count="3" type="stmt"/>
        <line num="139" count="3" type="stmt"/>
        <line num="140" count="3" type="stmt"/>
        <line num="142" count="3" type="stmt"/>
        <line num="143" count="3" type="cond" truecount="2" falsecount="0"/>
        <line num="145" count="3" type="stmt"/>
        <line num="149" count="3" type="cond" truecount="2" falsecount="0"/>
        <line num="150" count="1" type="stmt"/>
        <line num="151" count="1" type="cond" truecount="1" falsecount="1"/>
        <line num="152" count="2" type="cond" truecount="1" falsecount="1"/>
        <line num="160" count="0" type="stmt"/>
        <line num="163" count="2" type="cond" truecount="2" falsecount="0"/>
        <line num="166" count="1" type="cond" truecount="1" falsecount="1"/>
        <line num="168" count="1" type="stmt"/>
        <line num="169" count="4" type="stmt"/>
        <line num="184" count="0" type="stmt"/>
        <line num="192" count="1" type="stmt"/>
        <line num="193" count="3" type="stmt"/>
        <line num="197" count="1" type="stmt"/>
      </file>
      <file name="NumberField.tsx" path="Z:\Project\vue3-json-schema-form\lib\fields\NumberField.tsx">
        <metrics statements="14" coveredstatements="13" conditionals="2" coveredconditionals="1" methods="3" coveredmethods="3"/>
        <line num="1" count="3" type="stmt"/>
        <line num="2" count="3" type="stmt"/>
        <line num="3" count="3" type="stmt"/>
        <line num="5" count="3" type="stmt"/>
        <line num="9" count="5" type="stmt"/>
        <line num="10" count="1" type="stmt"/>
        <line num="12" count="1" type="cond" truecount="1" falsecount="1"/>
        <line num="13" count="0" type="stmt"/>
        <line num="15" count="1" type="stmt"/>
        <line num="19" count="5" type="stmt"/>
        <line num="21" count="5" type="stmt"/>
        <line num="22" count="8" type="stmt"/>
        <line num="23" count="8" type="stmt"/>
        <line num="24" count="8" type="stmt"/>
      </file>
      <file name="ObjectField.tsx" path="Z:\Project\vue3-json-schema-form\lib\fields\ObjectField.tsx">
        <metrics statements="19" coveredstatements="19" conditionals="14" coveredconditionals="8" methods="5" coveredmethods="5"/>
        <line num="1" count="3" type="stmt"/>
        <line num="2" count="3" type="stmt"/>
        <line num="3" count="3" type="stmt"/>
        <line num="4" count="3" type="stmt"/>
        <line num="6" count="3" type="stmt"/>
        <line num="10" count="3" type="stmt"/>
        <line num="12" count="3" type="stmt"/>
        <line num="13" count="3" type="cond" truecount="1" falsecount="1"/>
        <line num="15" count="3" type="cond" truecount="2" falsecount="0"/>
        <line num="16" count="1" type="stmt"/>
        <line num="18" count="2" type="stmt"/>
        <line num="21" count="3" type="stmt"/>
        <line num="24" count="3" type="stmt"/>
        <line num="25" count="6" type="stmt"/>
        <line num="27" count="6" type="stmt"/>
        <line num="29" count="6" type="cond" truecount="1" falsecount="1"/>
        <line num="31" count="6" type="cond" truecount="1" falsecount="1"/>
        <line num="33" count="12" type="stmt"/>
        <line num="40" count="3" type="stmt"/>
      </file>
      <file name="StringField.tsx" path="Z:\Project\vue3-json-schema-form\lib\fields\StringField.tsx">
        <metrics statements="16" coveredstatements="15" conditionals="0" coveredconditionals="0" methods="5" coveredmethods="4"/>
        <line num="1" count="3" type="stmt"/>
        <line num="3" count="3" type="stmt"/>
        <line num="5" count="3" type="stmt"/>
        <line num="7" count="3" type="stmt"/>
        <line num="11" count="6" type="stmt"/>
        <line num="12" count="0" type="stmt"/>
        <line num="14" count="6" type="stmt"/>
        <line num="15" count="9" type="stmt"/>
        <line num="16" count="9" type="stmt"/>
        <line num="18" count="6" type="stmt"/>
        <line num="19" count="9" type="stmt"/>
        <line num="20" count="9" type="stmt"/>
        <line num="22" count="6" type="stmt"/>
        <line num="23" count="9" type="stmt"/>
        <line num="25" count="9" type="stmt"/>
        <line num="26" count="9" type="stmt"/>
      </file>
    </package>
    <package name="lib.theme-default">
      <metrics statements="64" coveredstatements="55" conditionals="15" coveredconditionals="10" methods="22" coveredmethods="17"/>
      <file name="FormItem.tsx" path="Z:\Project\vue3-json-schema-form\lib\theme-default\FormItem.tsx">
        <metrics statements="16" coveredstatements="15" conditionals="6" coveredconditionals="5" methods="7" coveredmethods="6"/>
        <line num="1" count="3" type="stmt"/>
        <line num="2" count="3" type="stmt"/>
        <line num="4" count="3" type="stmt"/>
        <line num="6" count="3" type="stmt"/>
        <line num="21" count="3" type="stmt"/>
        <line num="25" count="12" type="stmt"/>
        <line num="26" count="12" type="stmt"/>
        <line num="27" count="18" type="stmt"/>
        <line num="28" count="18" type="stmt"/>
        <line num="29" count="18" type="stmt"/>
        <line num="34" count="0" type="cond" truecount="3" falsecount="1"/>
        <line num="44" count="3" type="stmt"/>
        <line num="47" count="3" type="stmt"/>
        <line num="48" count="9" type="stmt"/>
        <line num="52" count="12" type="stmt"/>
        <line num="53" count="36" type="stmt"/>
      </file>
      <file name="NumberWidget.tsx" path="Z:\Project\vue3-json-schema-form\lib\theme-default\NumberWidget.tsx">
        <metrics statements="11" coveredstatements="11" conditionals="2" coveredconditionals="2" methods="3" coveredmethods="3"/>
        <line num="1" count="3" type="stmt"/>
        <line num="2" count="3" type="stmt"/>
        <line num="3" count="3" type="stmt"/>
        <line num="6" count="3" type="stmt"/>
        <line num="10" count="5" type="stmt"/>
        <line num="11" count="1" type="stmt"/>
        <line num="12" count="1" type="cond" truecount="2" falsecount="0"/>
        <line num="13" count="1" type="stmt"/>
        <line num="15" count="5" type="stmt"/>
        <line num="16" count="8" type="stmt"/>
        <line num="28" count="3" type="stmt"/>
      </file>
      <file name="Selection.tsx" path="Z:\Project\vue3-json-schema-form\lib\theme-default\Selection.tsx">
        <metrics statements="20" coveredstatements="15" conditionals="2" coveredconditionals="0" methods="8" coveredmethods="5"/>
        <line num="1" count="3" type="stmt"/>
        <line num="3" count="3" type="stmt"/>
        <line num="4" count="3" type="stmt"/>
        <line num="7" count="3" type="stmt"/>
        <line num="12" count="1" type="stmt"/>
        <line num="14" count="1" type="stmt"/>
        <line num="15" count="0" type="cond" truecount="0" falsecount="1"/>
        <line num="16" count="0" type="stmt"/>
        <line num="20" count="1" type="stmt"/>
        <line num="21" count="1" type="stmt"/>
        <line num="23" count="0" type="cond" truecount="0" falsecount="1"/>
        <line num="24" count="0" type="stmt"/>
        <line num="29" count="1" type="stmt"/>
        <line num="30" count="1" type="stmt"/>
        <line num="33" count="1" type="stmt"/>
        <line num="34" count="1" type="stmt"/>
        <line num="35" count="1" type="stmt"/>
        <line num="36" count="0" type="stmt"/>
        <line num="37" count="3" type="stmt"/>
        <line num="47" count="3" type="stmt"/>
      </file>
      <file name="TextWidget.tsx" path="Z:\Project\vue3-json-schema-form\lib\theme-default\TextWidget.tsx">
        <metrics statements="13" coveredstatements="10" conditionals="5" coveredconditionals="3" methods="4" coveredmethods="3"/>
        <line num="1" count="3" type="stmt"/>
        <line num="2" count="3" type="stmt"/>
        <line num="3" count="3" type="stmt"/>
        <line num="6" count="3" type="stmt"/>
        <line num="11" count="6" type="stmt"/>
        <line num="12" count="0" type="stmt"/>
        <line num="13" count="0" type="cond" truecount="0" falsecount="2"/>
        <line num="14" count="0" type="stmt"/>
        <line num="17" count="6" type="stmt"/>
        <line num="18" count="9" type="stmt"/>
        <line num="23" count="6" type="stmt"/>
        <line num="24" count="9" type="stmt"/>
        <line num="37" count="3" type="stmt"/>
      </file>
      <file name="index.tsx" path="Z:\Project\vue3-json-schema-form\lib\theme-default\index.tsx">
        <metrics statements="4" coveredstatements="4" conditionals="0" coveredconditionals="0" methods="0" coveredmethods="0"/>
        <line num="1" count="3" type="stmt"/>
        <line num="2" count="3" type="stmt"/>
        <line num="3" count="3" type="stmt"/>
        <line num="5" count="3" type="stmt"/>
      </file>
    </package>
    <package name="lib.widgets">
      <metrics statements="17" coveredstatements="2" conditionals="2" coveredconditionals="0" methods="8" coveredmethods="0"/>
      <file name="Selection.tsx" path="Z:\Project\vue3-json-schema-form\lib\widgets\Selection.tsx">
        <metrics statements="17" coveredstatements="2" conditionals="2" coveredconditionals="0" methods="8" coveredmethods="0"/>
        <line num="1" count="3" type="stmt"/>
        <line num="3" count="3" type="stmt"/>
        <line num="22" count="0" type="stmt"/>
        <line num="24" count="0" type="stmt"/>
        <line num="25" count="0" type="cond" truecount="0" falsecount="1"/>
        <line num="26" count="0" type="stmt"/>
        <line num="30" count="0" type="stmt"/>
        <line num="31" count="0" type="stmt"/>
        <line num="33" count="0" type="cond" truecount="0" falsecount="1"/>
        <line num="34" count="0" type="stmt"/>
        <line num="39" count="0" type="stmt"/>
        <line num="40" count="0" type="stmt"/>
        <line num="43" count="0" type="stmt"/>
        <line num="44" count="0" type="stmt"/>
        <line num="45" count="0" type="stmt"/>
        <line num="46" count="0" type="stmt"/>
        <line num="47" count="0" type="stmt"/>
      </file>
    </package>
    <package name="tests.unit.utils">
      <metrics statements="7" coveredstatements="7" conditionals="2" coveredconditionals="2" methods="4" coveredmethods="4"/>
      <file name="TestComponent.tsx" path="Z:\Project\vue3-json-schema-form\tests\unit\utils\TestComponent.tsx">
        <metrics statements="7" coveredstatements="7" conditionals="2" coveredconditionals="2" methods="4" coveredmethods="4"/>
        <line num="1" count="3" type="stmt"/>
        <line num="2" count="3" type="stmt"/>
        <line num="3" count="3" type="stmt"/>
        <line num="8" count="3" type="stmt"/>
        <line num="10" count="14" type="stmt"/>
        <line num="18" count="3" type="stmt"/>
        <line num="34" count="14" type="stmt"/>
      </file>
    </package>
  </project>
</coverage>
