{"Z:\\Project\\vue3-json-schema-form\\lib\\SchemaForm.tsx": {"path":"Z:\\Project\\vue3-json-schema-form\\lib\\SchemaForm.tsx","statementMap":{"0":{"start":{"line":1,"column":0},"end":{"line":1,"column":null}},"1":{"start":{"line":12,"column":0},"end":{"line":12,"column":null}},"2":{"start":{"line":13,"column":0},"end":{"line":13,"column":null}},"3":{"start":{"line":21,"column":0},"end":{"line":21,"column":null}},"4":{"start":{"line":22,"column":0},"end":{"line":22,"column":null}},"5":{"start":{"line":31,"column":35},"end":{"line":31,"column":null}},"6":{"start":{"line":36,"column":0},"end":{"line":36,"column":15}},"7":{"start":{"line":78,"column":39},"end":{"line":78,"column":null}},"8":{"start":{"line":80,"column":4},"end":{"line":80,"column":16}},"9":{"start":{"line":81,"column":6},"end":{"line":81,"column":18}},"10":{"start":{"line":86,"column":6},"end":{"line":93,"column":null}},"11":{"start":{"line":87,"column":30},"end":{"line":89,"column":13}},"12":{"start":{"line":90,"column":8},"end":{"line":90,"column":21}},"13":{"start":{"line":91,"column":10},"end":{"line":91,"column":22}},"14":{"start":{"line":95,"column":6},"end":{"line":102,"column":null}},"15":{"start":{"line":96,"column":31},"end":{"line":98,"column":13}},"16":{"start":{"line":99,"column":8},"end":{"line":99,"column":22}},"17":{"start":{"line":100,"column":10},"end":{"line":100,"column":22}},"18":{"start":{"line":105,"column":45},"end":{"line":105,"column":56}},"19":{"start":{"line":107,"column":31},"end":{"line":107,"column":null}},"20":{"start":{"line":108,"column":26},"end":{"line":108,"column":30}},"21":{"start":{"line":110,"column":4},"end":{"line":110,"column":null}},"22":{"start":{"line":111,"column":12},"end":{"line":111,"column":null}},"23":{"start":{"line":113,"column":8},"end":{"line":115,"column":null}},"24":{"start":{"line":114,"column":10},"end":{"line":114,"column":null}},"25":{"start":{"line":123,"column":21},"end":{"line":123,"column":null}},"26":{"start":{"line":124,"column":21},"end":{"line":124,"column":null}},"27":{"start":{"line":131,"column":6},"end":{"line":131,"column":null}},"28":{"start":{"line":131,"column":41},"end":{"line":131,"column":null}},"29":{"start":{"line":132,"column":6},"end":{"line":132,"column":20}},"30":{"start":{"line":133,"column":6},"end":{"line":133,"column":24}},"31":{"start":{"line":134,"column":6},"end":{"line":134,"column":24}},"32":{"start":{"line":137,"column":4},"end":{"line":137,"column":null}},"33":{"start":{"line":138,"column":12},"end":{"line":138,"column":null}},"34":{"start":{"line":140,"column":8},"end":{"line":149,"column":null}},"35":{"start":{"line":141,"column":10},"end":{"line":141,"column":15}},"36":{"start":{"line":143,"column":14},"end":{"line":143,"column":21}},"37":{"start":{"line":144,"column":16},"end":{"line":144,"column":34}},"38":{"start":{"line":145,"column":16},"end":{"line":145,"column":null}},"39":{"start":{"line":156,"column":26},"end":{"line":158,"column":null}},"40":{"start":{"line":157,"column":6},"end":{"line":157,"column":11}},"41":{"start":{"line":160,"column":25},"end":{"line":160,"column":34}},"42":{"start":{"line":161,"column":6},"end":{"line":172,"column":null}},"43":{"start":{"line":162,"column":30},"end":{"line":164,"column":13}},"44":{"start":{"line":165,"column":8},"end":{"line":165,"column":15}},"45":{"start":{"line":167,"column":10},"end":{"line":167,"column":16}},"46":{"start":{"line":168,"column":10},"end":{"line":168,"column":17}},"47":{"start":{"line":171,"column":8},"end":{"line":171,"column":15}},"48":{"start":{"line":175,"column":31},"end":{"line":175,"column":40}},"49":{"start":{"line":176,"column":6},"end":{"line":190,"column":null}},"50":{"start":{"line":177,"column":31},"end":{"line":179,"column":13}},"51":{"start":{"line":181,"column":8},"end":{"line":181,"column":15}},"52":{"start":{"line":182,"column":26},"end":{"line":182,"column":null}},"53":{"start":{"line":183,"column":10},"end":{"line":183,"column":24}},"54":{"start":{"line":184,"column":12},"end":{"line":186,"column":null}},"55":{"start":{"line":185,"column":14},"end":{"line":185,"column":23}},"56":{"start":{"line":188,"column":10},"end":{"line":188,"column":17}},"57":{"start":{"line":191,"column":6},"end":{"line":191,"column":13}},"58":{"start":{"line":191,"column":28},"end":{"line":191,"column":null}},"59":{"start":{"line":194,"column":20},"end":{"line":194,"column":null}},"60":{"start":{"line":201,"column":4},"end":{"line":201,"column":12}},"61":{"start":{"line":203,"column":4},"end":{"line":203,"column":11}},"62":{"start":{"line":204,"column":42},"end":{"line":204,"column":null}},"63":{"start":{"line":205,"column":6},"end":{"line":205,"column":null}}},"fnMap":{"0":{"name":"(anonymous_1)","decl":{"start":{"line":77,"column":2},"end":{"line":77,"column":7}},"loc":{"start":{"line":77,"column":13},"end":{"line":216,"column":null}}},"1":{"name":"(anonymous_2)","decl":{"start":{"line":80,"column":16},"end":{"line":80,"column":21}},"loc":{"start":{"line":80,"column":21},"end":{"line":103,"column":null}}},"2":{"name":"(anonymous_3)","decl":{"start":{"line":90,"column":31},"end":{"line":90,"column":41}},"loc":{"start":{"line":90,"column":41},"end":{"line":92,"column":null}}},"3":{"name":"(anonymous_4)","decl":{"start":{"line":99,"column":32},"end":{"line":99,"column":43}},"loc":{"start":{"line":99,"column":43},"end":{"line":101,"column":null}}},"4":{"name":"(anonymous_5)","decl":{"start":{"line":111,"column":6},"end":{"line":111,"column":12}},"loc":{"start":{"line":111,"column":12},"end":{"line":111,"column":null}}},"5":{"name":"(anonymous_6)","decl":{"start":{"line":112,"column":6},"end":{"line":112,"column":11}},"loc":{"start":{"line":112,"column":11},"end":{"line":116,"column":null}}},"6":{"name":"doValidate","decl":{"start":{"line":122,"column":19},"end":{"line":122,"column":29}},"loc":{"start":{"line":122,"column":29},"end":{"line":135,"column":null}}},"7":{"name":"(anonymous_8)","decl":{"start":{"line":138,"column":6},"end":{"line":138,"column":12}},"loc":{"start":{"line":138,"column":12},"end":{"line":138,"column":null}}},"8":{"name":"(anonymous_9)","decl":{"start":{"line":139,"column":6},"end":{"line":139,"column":11}},"loc":{"start":{"line":139,"column":11},"end":{"line":150,"column":null}}},"9":{"name":"(anonymous_10)","decl":{"start":{"line":142,"column":12},"end":{"line":142,"column":18}},"loc":{"start":{"line":142,"column":28},"end":{"line":147,"column":null}}},"10":{"name":"(anonymous_11)","decl":{"start":{"line":143,"column":34},"end":{"line":143,"column":45}},"loc":{"start":{"line":143,"column":45},"end":{"line":146,"column":null}}},"11":{"name":"(anonymous_12)","decl":{"start":{"line":156,"column":26},"end":{"line":156,"column":36}},"loc":{"start":{"line":156,"column":36},"end":{"line":158,"column":null}}},"12":{"name":"(anonymous_13)","decl":{"start":{"line":160,"column":34},"end":{"line":160,"column":39}},"loc":{"start":{"line":160,"column":39},"end":{"line":173,"column":null}}},"13":{"name":"(anonymous_14)","decl":{"start":{"line":165,"column":36},"end":{"line":165,"column":37}},"loc":{"start":{"line":165,"column":55},"end":{"line":169,"column":11}}},"14":{"name":"(anonymous_15)","decl":{"start":{"line":175,"column":40},"end":{"line":175,"column":45}},"loc":{"start":{"line":175,"column":45},"end":{"line":192,"column":null}}},"15":{"name":"(anonymous_16)","decl":{"start":{"line":181,"column":16},"end":{"line":181,"column":29}},"loc":{"start":{"line":181,"column":29},"end":{"line":189,"column":null}}},"16":{"name":"(anonymous_17)","decl":{"start":{"line":183,"column":34},"end":{"line":183,"column":45}},"loc":{"start":{"line":183,"column":45},"end":{"line":187,"column":null}}},"17":{"name":"(anonymous_18)","decl":{"start":{"line":191,"column":14},"end":{"line":191,"column":28}},"loc":{"start":{"line":191,"column":28},"end":{"line":191,"column":null}}},"18":{"name":"(anonymous_19)","decl":{"start":{"line":203,"column":11},"end":{"line":203,"column":16}},"loc":{"start":{"line":203,"column":16},"end":{"line":215,"column":null}}}},"branchMap":{"0":{"loc":{"start":{"line":86,"column":6},"end":{"line":93,"column":null}},"type":"if","locations":[{"start":{"line":86,"column":6},"end":{"line":93,"column":null}}]},"1":{"loc":{"start":{"line":87,"column":30},"end":{"line":89,"column":13}},"type":"cond-expr","locations":[{"start":{"line":88,"column":12},"end":{"line":88,"column":null}},{"start":{"line":89,"column":12},"end":{"line":89,"column":13}}]},"2":{"loc":{"start":{"line":95,"column":6},"end":{"line":102,"column":null}},"type":"if","locations":[{"start":{"line":95,"column":6},"end":{"line":102,"column":null}}]},"3":{"loc":{"start":{"line":96,"column":31},"end":{"line":98,"column":13}},"type":"cond-expr","locations":[{"start":{"line":97,"column":12},"end":{"line":97,"column":null}},{"start":{"line":98,"column":12},"end":{"line":98,"column":13}}]},"4":{"loc":{"start":{"line":113,"column":8},"end":{"line":115,"column":null}},"type":"if","locations":[{"start":{"line":113,"column":8},"end":{"line":115,"column":null}}]},"5":{"loc":{"start":{"line":131,"column":6},"end":{"line":131,"column":null}},"type":"if","locations":[{"start":{"line":131,"column":6},"end":{"line":131,"column":null}}]},"6":{"loc":{"start":{"line":140,"column":8},"end":{"line":149,"column":null}},"type":"if","locations":[{"start":{"line":140,"column":8},"end":{"line":149,"column":null}}]},"7":{"loc":{"start":{"line":161,"column":6},"end":{"line":172,"column":null}},"type":"if","locations":[{"start":{"line":161,"column":6},"end":{"line":172,"column":null}},{"start":{"line":170,"column":13},"end":{"line":172,"column":null}}]},"8":{"loc":{"start":{"line":162,"column":30},"end":{"line":164,"column":13}},"type":"cond-expr","locations":[{"start":{"line":163,"column":12},"end":{"line":163,"column":null}},{"start":{"line":164,"column":12},"end":{"line":164,"column":13}}]},"9":{"loc":{"start":{"line":176,"column":6},"end":{"line":190,"column":null}},"type":"if","locations":[{"start":{"line":176,"column":6},"end":{"line":190,"column":null}}]},"10":{"loc":{"start":{"line":177,"column":31},"end":{"line":179,"column":13}},"type":"cond-expr","locations":[{"start":{"line":178,"column":12},"end":{"line":178,"column":null}},{"start":{"line":179,"column":12},"end":{"line":179,"column":13}}]},"11":{"loc":{"start":{"line":184,"column":12},"end":{"line":186,"column":null}},"type":"if","locations":[{"start":{"line":184,"column":12},"end":{"line":186,"column":null}}]},"12":{"loc":{"start":{"line":211,"column":20},"end":{"line":211,"column":null}},"type":"binary-expr","locations":[{"start":{"line":211,"column":20},"end":{"line":211,"column":28}},{"start":{"line":211,"column":32},"end":{"line":211,"column":null}}]},"13":{"loc":{"start":{"line":212,"column":23},"end":{"line":212,"column":null}},"type":"binary-expr","locations":[{"start":{"line":212,"column":23},"end":{"line":212,"column":47}},{"start":{"line":212,"column":47},"end":{"line":212,"column":null}}]}},"s":{"0":3,"1":3,"2":3,"3":3,"4":3,"5":3,"6":3,"7":7,"8":7,"9":7,"10":7,"11":0,"12":0,"13":0,"14":7,"15":0,"16":0,"17":0,"18":7,"19":7,"20":7,"21":7,"22":10,"23":3,"24":0,"25":0,"26":0,"27":0,"28":0,"29":0,"30":0,"31":0,"32":7,"33":7,"34":7,"35":0,"36":0,"37":0,"38":0,"39":7,"40":4,"41":7,"42":0,"43":0,"44":0,"45":0,"46":0,"47":0,"48":7,"49":7,"50":0,"51":0,"52":0,"53":0,"54":0,"55":0,"56":0,"57":7,"58":20,"59":7,"60":7,"61":7,"62":7,"63":7},"f":{"0":7,"1":7,"2":0,"3":0,"4":10,"5":3,"6":0,"7":7,"8":7,"9":0,"10":0,"11":4,"12":0,"13":0,"14":7,"15":0,"16":0,"17":20,"18":7},"b":{"0":[0],"1":[0,0],"2":[0],"3":[0,0],"4":[0],"5":[0],"6":[0],"7":[0,0],"8":[0,0],"9":[0],"10":[0,0],"11":[0],"12":[7,7],"13":[7,0]}}
,"Z:\\Project\\vue3-json-schema-form\\lib\\SchemaItem.tsx": {"path":"Z:\\Project\\vue3-json-schema-form\\lib\\SchemaItem.tsx","statementMap":{"0":{"start":{"line":1,"column":0},"end":{"line":1,"column":null}},"1":{"start":{"line":2,"column":0},"end":{"line":2,"column":null}},"2":{"start":{"line":3,"column":0},"end":{"line":3,"column":null}},"3":{"start":{"line":4,"column":0},"end":{"line":4,"column":null}},"4":{"start":{"line":5,"column":0},"end":{"line":5,"column":null}},"5":{"start":{"line":6,"column":0},"end":{"line":6,"column":null}},"6":{"start":{"line":7,"column":0},"end":{"line":7,"column":null}},"7":{"start":{"line":8,"column":0},"end":{"line":8,"column":null}},"8":{"start":{"line":10,"column":0},"end":{"line":10,"column":15}},"9":{"start":{"line":14,"column":24},"end":{"line":14,"column":null}},"10":{"start":{"line":16,"column":31},"end":{"line":16,"column":40}},"11":{"start":{"line":17,"column":44},"end":{"line":17,"column":null}},"12":{"start":{"line":18,"column":6},"end":{"line":18,"column":13}},"13":{"start":{"line":23,"column":4},"end":{"line":23,"column":11}},"14":{"start":{"line":24,"column":25},"end":{"line":24,"column":null}},"15":{"start":{"line":26,"column":30},"end":{"line":26,"column":null}},"16":{"start":{"line":30,"column":19},"end":{"line":30,"column":null}},"17":{"start":{"line":33,"column":6},"end":{"line":33,"column":14}},"18":{"start":{"line":35,"column":10},"end":{"line":35,"column":19}},"19":{"start":{"line":36,"column":10},"end":{"line":36,"column":null}},"20":{"start":{"line":39,"column":10},"end":{"line":39,"column":19}},"21":{"start":{"line":40,"column":10},"end":{"line":40,"column":null}},"22":{"start":{"line":43,"column":10},"end":{"line":43,"column":19}},"23":{"start":{"line":44,"column":10},"end":{"line":44,"column":null}},"24":{"start":{"line":47,"column":10},"end":{"line":47,"column":19}},"25":{"start":{"line":48,"column":10},"end":{"line":48,"column":null}},"26":{"start":{"line":51,"column":10},"end":{"line":51,"column":17}},"27":{"start":{"line":55,"column":6},"end":{"line":55,"column":28}}},"fnMap":{"0":{"name":"(anonymous_1)","decl":{"start":{"line":13,"column":2},"end":{"line":13,"column":7}},"loc":{"start":{"line":13,"column":13},"end":{"line":57,"column":null}}},"1":{"name":"(anonymous_2)","decl":{"start":{"line":16,"column":40},"end":{"line":16,"column":45}},"loc":{"start":{"line":16,"column":45},"end":{"line":21,"column":null}}},"2":{"name":"(anonymous_3)","decl":{"start":{"line":23,"column":11},"end":{"line":23,"column":16}},"loc":{"start":{"line":23,"column":16},"end":{"line":56,"column":null}}}},"branchMap":{"0":{"loc":{"start":{"line":33,"column":6},"end":{"line":33,"column":14}},"type":"switch","locations":[{"start":{"line":34,"column":8},"end":{"line":37,"column":null}},{"start":{"line":38,"column":8},"end":{"line":41,"column":null}},{"start":{"line":42,"column":8},"end":{"line":45,"column":null}},{"start":{"line":46,"column":8},"end":{"line":49,"column":null}},{"start":{"line":50,"column":8},"end":{"line":52,"column":null}}]}},"s":{"0":3,"1":3,"2":3,"3":3,"4":3,"5":3,"6":3,"7":3,"8":3,"9":17,"10":17,"11":20,"12":20,"13":17,"14":23,"15":23,"16":23,"17":23,"18":9,"19":9,"20":8,"21":8,"22":3,"23":3,"24":3,"25":3,"26":0,"27":23},"f":{"0":17,"1":20,"2":23},"b":{"0":[9,8,3,3,0]}}
,"Z:\\Project\\vue3-json-schema-form\\lib\\context.ts": {"path":"Z:\\Project\\vue3-json-schema-form\\lib\\context.ts","statementMap":{"0":{"start":{"line":1,"column":0},"end":{"line":1,"column":null}},"1":{"start":{"line":4,"column":13},"end":{"line":4,"column":36}},"2":{"start":{"line":14,"column":18},"end":{"line":14,"column":25}},"3":{"start":{"line":16,"column":2},"end":{"line":18,"column":null}},"4":{"start":{"line":17,"column":4},"end":{"line":17,"column":10}},"5":{"start":{"line":20,"column":2},"end":{"line":20,"column":9}},"6":{"start":{"line":6,"column":0},"end":{"line":6,"column":16}}},"fnMap":{"0":{"name":"useVJSFContext","decl":{"start":{"line":6,"column":16},"end":{"line":6,"column":30}},"loc":{"start":{"line":6,"column":30},"end":{"line":21,"column":null}}}},"branchMap":{"0":{"loc":{"start":{"line":16,"column":2},"end":{"line":18,"column":null}},"type":"if","locations":[{"start":{"line":16,"column":2},"end":{"line":18,"column":null}}]}},"s":{"0":3,"1":3,"2":40,"3":40,"4":0,"5":40,"6":3},"f":{"0":40},"b":{"0":[0]}}
,"Z:\\Project\\vue3-json-schema-form\\lib\\index.ts": {"path":"Z:\\Project\\vue3-json-schema-form\\lib\\index.ts","statementMap":{"0":{"start":{"line":1,"column":0},"end":{"line":1,"column":7}},"1":{"start":{"line":12,"column":35},"end":{"line":12,"column":47}},"2":{"start":{"line":2,"column":0},"end":{"line":2,"column":7}},"3":{"start":{"line":12,"column":9},"end":{"line":12,"column":22}},"4":{"start":{"line":3,"column":0},"end":{"line":3,"column":7}},"5":{"start":{"line":12,"column":22},"end":{"line":12,"column":35}},"6":{"start":{"line":4,"column":0},"end":{"line":4,"column":null}},"7":{"start":{"line":5,"column":0},"end":{"line":5,"column":7}},"8":{"start":{"line":12,"column":47},"end":{"line":12,"column":64}},"9":{"start":{"line":6,"column":0},"end":{"line":6,"column":7}},"10":{"start":{"line":12,"column":64},"end":{"line":12,"column":null}},"11":{"start":{"line":8,"column":0},"end":{"line":8,"column":15}},"12":{"start":{"line":10,"column":0},"end":{"line":10,"column":null}}},"fnMap":{},"branchMap":{},"s":{"0":3,"1":3,"2":3,"3":3,"4":3,"5":3,"6":3,"7":3,"8":3,"9":3,"10":3,"11":3,"12":3},"f":{},"b":{}}
,"Z:\\Project\\vue3-json-schema-form\\lib\\theme.tsx": {"path":"Z:\\Project\\vue3-json-schema-form\\lib\\theme.tsx","statementMap":{"0":{"start":{"line":1,"column":0},"end":{"line":1,"column":null}},"1":{"start":{"line":2,"column":0},"end":{"line":2,"column":null}},"2":{"start":{"line":19,"column":0},"end":{"line":19,"column":null}},"3":{"start":{"line":21,"column":27},"end":{"line":21,"column":null}},"4":{"start":{"line":23,"column":22},"end":{"line":23,"column":38}},"5":{"start":{"line":32,"column":20},"end":{"line":32,"column":29}},"6":{"start":{"line":32,"column":35},"end":{"line":32,"column":null}},"7":{"start":{"line":34,"column":4},"end":{"line":34,"column":12}},"8":{"start":{"line":36,"column":4},"end":{"line":36,"column":11}},"9":{"start":{"line":36,"column":17},"end":{"line":36,"column":39}},"10":{"start":{"line":44,"column":22},"end":{"line":44,"column":null}},"11":{"start":{"line":46,"column":2},"end":{"line":56,"column":null}},"12":{"start":{"line":47,"column":33},"end":{"line":47,"column":null}},"13":{"start":{"line":48,"column":4},"end":{"line":50,"column":null}},"14":{"start":{"line":49,"column":6},"end":{"line":49,"column":13}},"15":{"start":{"line":51,"column":4},"end":{"line":55,"column":null}},"16":{"start":{"line":52,"column":6},"end":{"line":54,"column":null}},"17":{"start":{"line":53,"column":8},"end":{"line":53,"column":15}},"18":{"start":{"line":59,"column":4},"end":{"line":59,"column":31}},"19":{"start":{"line":60,"column":2},"end":{"line":62,"column":null}},"20":{"start":{"line":61,"column":4},"end":{"line":61,"column":10}},"21":{"start":{"line":64,"column":20},"end":{"line":64,"column":29}},"22":{"start":{"line":65,"column":4},"end":{"line":65,"column":11}},"23":{"start":{"line":68,"column":2},"end":{"line":68,"column":9}},"24":{"start":{"line":40,"column":0},"end":{"line":40,"column":16}},"25":{"start":{"line":71,"column":0},"end":{"line":71,"column":15}}},"fnMap":{"0":{"name":"(anonymous_0)","decl":{"start":{"line":31,"column":2},"end":{"line":31,"column":7}},"loc":{"start":{"line":31,"column":24},"end":{"line":37,"column":null}}},"1":{"name":"(anonymous_1)","decl":{"start":{"line":32,"column":29},"end":{"line":32,"column":35}},"loc":{"start":{"line":32,"column":35},"end":{"line":32,"column":null}}},"2":{"name":"(anonymous_2)","decl":{"start":{"line":36,"column":11},"end":{"line":36,"column":17}},"loc":{"start":{"line":36,"column":17},"end":{"line":36,"column":39}}},"3":{"name":"getWidget","decl":{"start":{"line":40,"column":16},"end":{"line":40,"column":null}},"loc":{"start":{"line":42,"column":51},"end":{"line":69,"column":null}}},"4":{"name":"(anonymous_4)","decl":{"start":{"line":64,"column":29},"end":{"line":64,"column":34}},"loc":{"start":{"line":64,"column":34},"end":{"line":66,"column":null}}}},"branchMap":{"0":{"loc":{"start":{"line":36,"column":17},"end":{"line":36,"column":39}},"type":"binary-expr","locations":[{"start":{"line":36,"column":17},"end":{"line":36,"column":34}},{"start":{"line":36,"column":34},"end":{"line":36,"column":39}}]},"1":{"loc":{"start":{"line":46,"column":2},"end":{"line":56,"column":null}},"type":"if","locations":[{"start":{"line":46,"column":2},"end":{"line":56,"column":null}}]},"2":{"loc":{"start":{"line":48,"column":4},"end":{"line":50,"column":null}},"type":"if","locations":[{"start":{"line":48,"column":4},"end":{"line":50,"column":null}}]},"3":{"loc":{"start":{"line":48,"column":8},"end":{"line":48,"column":37}},"type":"binary-expr","locations":[{"start":{"line":48,"column":8},"end":{"line":48,"column":18}},{"start":{"line":48,"column":8},"end":{"line":48,"column":18}},{"start":{"line":48,"column":8},"end":{"line":48,"column":28}},{"start":{"line":48,"column":28},"end":{"line":48,"column":37}}]},"4":{"loc":{"start":{"line":51,"column":4},"end":{"line":55,"column":null}},"type":"if","locations":[{"start":{"line":51,"column":4},"end":{"line":55,"column":null}}]},"5":{"loc":{"start":{"line":52,"column":6},"end":{"line":54,"column":null}},"type":"if","locations":[{"start":{"line":52,"column":6},"end":{"line":54,"column":null}}]},"6":{"loc":{"start":{"line":60,"column":2},"end":{"line":62,"column":null}},"type":"if","locations":[{"start":{"line":60,"column":2},"end":{"line":62,"column":null}}]}},"s":{"0":3,"1":3,"2":3,"3":3,"4":3,"5":7,"6":7,"7":7,"8":7,"9":7,"10":17,"11":17,"12":9,"13":9,"14":0,"15":9,"16":0,"17":0,"18":17,"19":17,"20":0,"21":17,"22":17,"23":17,"24":3,"25":3},"f":{"0":7,"1":7,"2":7,"3":17,"4":17},"b":{"0":[7,7],"1":[9],"2":[0],"3":[9,9,9,0],"4":[0],"5":[0],"6":[0]}}
,"Z:\\Project\\vue3-json-schema-form\\lib\\types.ts": {"path":"Z:\\Project\\vue3-json-schema-form\\lib\\types.ts","statementMap":{"0":{"start":{"line":5,"column":0},"end":{"line":5,"column":12}},"1":{"start":{"line":6,"column":2},"end":{"line":6,"column":null}},"2":{"start":{"line":7,"column":2},"end":{"line":7,"column":null}},"3":{"start":{"line":8,"column":2},"end":{"line":8,"column":null}},"4":{"start":{"line":9,"column":2},"end":{"line":9,"column":null}},"5":{"start":{"line":10,"column":2},"end":{"line":10,"column":null}},"6":{"start":{"line":11,"column":2},"end":{"line":11,"column":null}},"7":{"start":{"line":54,"column":13},"end":{"line":54,"column":32}},"8":{"start":{"line":82,"column":13},"end":{"line":82,"column":39}},"9":{"start":{"line":100,"column":13},"end":{"line":100,"column":42}},"10":{"start":{"line":119,"column":0},"end":{"line":119,"column":12}},"11":{"start":{"line":120,"column":2},"end":{"line":120,"column":null}},"12":{"start":{"line":123,"column":0},"end":{"line":123,"column":12}},"13":{"start":{"line":124,"column":2},"end":{"line":124,"column":null}},"14":{"start":{"line":125,"column":2},"end":{"line":125,"column":null}}},"fnMap":{"0":{"name":"(anonymous_0)","decl":{"start":{"line":5,"column":0},"end":{"line":5,"column":12}},"loc":{"start":{"line":5,"column":23},"end":{"line":12,"column":null}}},"1":{"name":"(anonymous_1)","decl":{"start":{"line":119,"column":0},"end":{"line":119,"column":12}},"loc":{"start":{"line":119,"column":32},"end":{"line":121,"column":null}}},"2":{"name":"(anonymous_2)","decl":{"start":{"line":123,"column":0},"end":{"line":123,"column":12}},"loc":{"start":{"line":123,"column":29},"end":{"line":126,"column":null}}}},"branchMap":{"0":{"loc":{"start":{"line":5,"column":12},"end":{"line":5,"column":23}},"type":"binary-expr","locations":[{"start":{"line":5,"column":12},"end":{"line":5,"column":23}},{"start":{"line":5,"column":12},"end":{"line":5,"column":null}}]},"1":{"loc":{"start":{"line":119,"column":12},"end":{"line":119,"column":32}},"type":"binary-expr","locations":[{"start":{"line":119,"column":12},"end":{"line":119,"column":32}},{"start":{"line":119,"column":12},"end":{"line":119,"column":null}}]},"2":{"loc":{"start":{"line":123,"column":12},"end":{"line":123,"column":29}},"type":"binary-expr","locations":[{"start":{"line":123,"column":12},"end":{"line":123,"column":29}},{"start":{"line":123,"column":12},"end":{"line":123,"column":null}}]}},"s":{"0":3,"1":3,"2":3,"3":3,"4":3,"5":3,"6":3,"7":3,"8":3,"9":3,"10":3,"11":3,"12":3,"13":3,"14":3},"f":{"0":3,"1":3,"2":3},"b":{"0":[3,3],"1":[3,3],"2":[3,3]}}
,"Z:\\Project\\vue3-json-schema-form\\lib\\utils.ts": {"path":"Z:\\Project\\vue3-json-schema-form\\lib\\utils.ts","statementMap":{"0":{"start":{"line":1,"column":0},"end":{"line":1,"column":null}},"1":{"start":{"line":5,"column":0},"end":{"line":5,"column":null}},"2":{"start":{"line":6,"column":0},"end":{"line":6,"column":null}},"3":{"start":{"line":7,"column":0},"end":{"line":7,"column":null}},"4":{"start":{"line":10,"column":2},"end":{"line":10,"column":9}},"5":{"start":{"line":9,"column":0},"end":{"line":9,"column":16}},"6":{"start":{"line":14,"column":2},"end":{"line":14,"column":9}},"7":{"start":{"line":13,"column":0},"end":{"line":13,"column":16}},"8":{"start":{"line":22,"column":2},"end":{"line":22,"column":9}},"9":{"start":{"line":17,"column":0},"end":{"line":17,"column":16}},"10":{"start":{"line":29,"column":24},"end":{"line":29,"column":28}},"11":{"start":{"line":31,"column":16},"end":{"line":31,"column":31}},"12":{"start":{"line":32,"column":2},"end":{"line":32,"column":9}},"13":{"start":{"line":30,"column":0},"end":{"line":30,"column":16}},"14":{"start":{"line":40,"column":2},"end":{"line":55,"column":null}},"15":{"start":{"line":41,"column":4},"end":{"line":41,"column":11}},"16":{"start":{"line":42,"column":9},"end":{"line":55,"column":null}},"17":{"start":{"line":43,"column":27},"end":{"line":43,"column":47}},"18":{"start":{"line":44,"column":4},"end":{"line":44,"column":11}},"19":{"start":{"line":45,"column":9},"end":{"line":55,"column":null}},"20":{"start":{"line":46,"column":4},"end":{"line":46,"column":11}},"21":{"start":{"line":49,"column":8},"end":{"line":49,"column":23}},"22":{"start":{"line":54,"column":4},"end":{"line":54,"column":11}},"23":{"start":{"line":39,"column":0},"end":{"line":39,"column":16}},"24":{"start":{"line":63,"column":2},"end":{"line":65,"column":null}},"25":{"start":{"line":64,"column":4},"end":{"line":64,"column":11}},"26":{"start":{"line":66,"column":23},"end":{"line":66,"column":37}},"27":{"start":{"line":69,"column":2},"end":{"line":81,"column":null}},"28":{"start":{"line":70,"column":4},"end":{"line":80,"column":null}},"29":{"start":{"line":71,"column":6},"end":{"line":71,"column":20}},"30":{"start":{"line":77,"column":6},"end":{"line":77,"column":13}},"31":{"start":{"line":78,"column":48},"end":{"line":78,"column":null}},"32":{"start":{"line":79,"column":6},"end":{"line":79,"column":13}},"33":{"start":{"line":83,"column":4},"end":{"line":84,"column":null}},"34":{"start":{"line":85,"column":2},"end":{"line":92,"column":null}},"35":{"start":{"line":87,"column":4},"end":{"line":87,"column":11}},"36":{"start":{"line":93,"column":2},"end":{"line":93,"column":9}},"37":{"start":{"line":58,"column":0},"end":{"line":58,"column":16}},"38":{"start":{"line":96,"column":13},"end":{"line":96,"column":40}},"39":{"start":{"line":104,"column":2},"end":{"line":104,"column":8}},"40":{"start":{"line":109,"column":2},"end":{"line":109,"column":8}},"41":{"start":{"line":110,"column":4},"end":{"line":113,"column":null}},"42":{"start":{"line":112,"column":6},"end":{"line":112,"column":null}},"43":{"start":{"line":116,"column":4},"end":{"line":126,"column":null}},"44":{"start":{"line":117,"column":6},"end":{"line":117,"column":26}},"45":{"start":{"line":122,"column":11},"end":{"line":126,"column":null}},"46":{"start":{"line":123,"column":6},"end":{"line":123,"column":26}},"47":{"start":{"line":125,"column":6},"end":{"line":125,"column":26}},"48":{"start":{"line":129,"column":6},"end":{"line":129,"column":20}},"49":{"start":{"line":131,"column":6},"end":{"line":131,"column":20}},"50":{"start":{"line":134,"column":2},"end":{"line":134,"column":9}},"51":{"start":{"line":98,"column":0},"end":{"line":98,"column":16}},"52":{"start":{"line":152,"column":21},"end":{"line":152,"column":42}},"53":{"start":{"line":154,"column":35},"end":{"line":154,"column":42}},"54":{"start":{"line":156,"column":2},"end":{"line":156,"column":9}},"55":{"start":{"line":160,"column":18},"end":{"line":160,"column":null}},"56":{"start":{"line":161,"column":2},"end":{"line":166,"column":null}},"57":{"start":{"line":163,"column":4},"end":{"line":163,"column":8}},"58":{"start":{"line":165,"column":4},"end":{"line":165,"column":10}},"59":{"start":{"line":167,"column":18},"end":{"line":167,"column":30}},"60":{"start":{"line":168,"column":2},"end":{"line":170,"column":null}},"61":{"start":{"line":169,"column":4},"end":{"line":169,"column":10}},"62":{"start":{"line":171,"column":2},"end":{"line":174,"column":null}},"63":{"start":{"line":173,"column":4},"end":{"line":173,"column":11}},"64":{"start":{"line":175,"column":2},"end":{"line":175,"column":9}},"65":{"start":{"line":159,"column":0},"end":{"line":159,"column":16}},"66":{"start":{"line":184,"column":49},"end":{"line":184,"column":56}},"67":{"start":{"line":185,"column":2},"end":{"line":195,"column":null}},"68":{"start":{"line":186,"column":4},"end":{"line":186,"column":18}},"69":{"start":{"line":190,"column":9},"end":{"line":195,"column":null}},"70":{"start":{"line":191,"column":4},"end":{"line":191,"column":18}},"71":{"start":{"line":196,"column":2},"end":{"line":196,"column":9}},"72":{"start":{"line":205,"column":2},"end":{"line":236,"column":null}},"73":{"start":{"line":207,"column":4},"end":{"line":209,"column":null}},"74":{"start":{"line":208,"column":6},"end":{"line":208,"column":null}},"75":{"start":{"line":211,"column":4},"end":{"line":216,"column":null}},"76":{"start":{"line":215,"column":6},"end":{"line":215,"column":null}},"77":{"start":{"line":218,"column":6},"end":{"line":218,"column":null}},"78":{"start":{"line":219,"column":4},"end":{"line":229,"column":null}},"79":{"start":{"line":220,"column":6},"end":{"line":220,"column":20}},"80":{"start":{"line":221,"column":11},"end":{"line":229,"column":null}},"81":{"start":{"line":222,"column":6},"end":{"line":222,"column":20}},"82":{"start":{"line":230,"column":4},"end":{"line":230,"column":11}},"83":{"start":{"line":237,"column":2},"end":{"line":237,"column":9}},"84":{"start":{"line":241,"column":2},"end":{"line":243,"column":null}},"85":{"start":{"line":242,"column":4},"end":{"line":242,"column":11}},"86":{"start":{"line":244,"column":19},"end":{"line":246,"column":null}},"87":{"start":{"line":247,"column":2},"end":{"line":247,"column":9}},"88":{"start":{"line":258,"column":40},"end":{"line":258,"column":null}},"89":{"start":{"line":263,"column":2},"end":{"line":263,"column":8}},"90":{"start":{"line":265,"column":2},"end":{"line":269,"column":null}},"91":{"start":{"line":266,"column":4},"end":{"line":266,"column":11}},"92":{"start":{"line":267,"column":9},"end":{"line":269,"column":null}},"93":{"start":{"line":268,"column":4},"end":{"line":268,"column":10}},"94":{"start":{"line":271,"column":24},"end":{"line":271,"column":29}},"95":{"start":{"line":272,"column":4},"end":{"line":274,"column":null}},"96":{"start":{"line":276,"column":2},"end":{"line":276,"column":9}},"97":{"start":{"line":292,"column":26},"end":{"line":292,"column":31}},"98":{"start":{"line":293,"column":4},"end":{"line":295,"column":null}},"99":{"start":{"line":294,"column":6},"end":{"line":294,"column":13}},"100":{"start":{"line":296,"column":57},"end":{"line":296,"column":null}},"101":{"start":{"line":297,"column":4},"end":{"line":307,"column":null}},"102":{"start":{"line":298,"column":30},"end":{"line":298,"column":null}},"103":{"start":{"line":305,"column":25},"end":{"line":305,"column":38}},"104":{"start":{"line":306,"column":6},"end":{"line":306,"column":13}},"105":{"start":{"line":309,"column":2},"end":{"line":314,"column":null}},"106":{"start":{"line":310,"column":4},"end":{"line":310,"column":11}},"107":{"start":{"line":313,"column":4},"end":{"line":313,"column":11}},"108":{"start":{"line":316,"column":20},"end":{"line":316,"column":36}},"109":{"start":{"line":318,"column":4},"end":{"line":318,"column":25}},"110":{"start":{"line":319,"column":26},"end":{"line":319,"column":28}},"111":{"start":{"line":320,"column":2},"end":{"line":320,"column":9}},"112":{"start":{"line":333,"column":14},"end":{"line":333,"column":20}},"113":{"start":{"line":334,"column":2},"end":{"line":334,"column":9}},"114":{"start":{"line":335,"column":17},"end":{"line":335,"column":null}},"115":{"start":{"line":336,"column":14},"end":{"line":336,"column":19}},"116":{"start":{"line":337,"column":4},"end":{"line":352,"column":null}},"117":{"start":{"line":338,"column":6},"end":{"line":338,"column":9}},"118":{"start":{"line":339,"column":11},"end":{"line":352,"column":null}},"119":{"start":{"line":349,"column":6},"end":{"line":349,"column":9}},"120":{"start":{"line":351,"column":6},"end":{"line":351,"column":9}},"121":{"start":{"line":353,"column":4},"end":{"line":353,"column":11}},"122":{"start":{"line":332,"column":0},"end":{"line":332,"column":16}},"123":{"start":{"line":367,"column":19},"end":{"line":367,"column":null}},"124":{"start":{"line":369,"column":2},"end":{"line":371,"column":null}},"125":{"start":{"line":370,"column":4},"end":{"line":370,"column":11}},"126":{"start":{"line":373,"column":2},"end":{"line":375,"column":null}},"127":{"start":{"line":374,"column":4},"end":{"line":374,"column":11}},"128":{"start":{"line":377,"column":2},"end":{"line":379,"column":null}},"129":{"start":{"line":378,"column":4},"end":{"line":378,"column":11}},"130":{"start":{"line":381,"column":17},"end":{"line":381,"column":null}},"131":{"start":{"line":382,"column":2},"end":{"line":384,"column":null}},"132":{"start":{"line":383,"column":4},"end":{"line":383,"column":11}},"133":{"start":{"line":383,"column":28},"end":{"line":383,"column":null}},"134":{"start":{"line":386,"column":2},"end":{"line":386,"column":9}},"135":{"start":{"line":366,"column":0},"end":{"line":366,"column":16}},"136":{"start":{"line":415,"column":25},"end":{"line":431,"column":null}},"137":{"start":{"line":416,"column":2},"end":{"line":428,"column":null}},"138":{"start":{"line":417,"column":4},"end":{"line":417,"column":11}},"139":{"start":{"line":418,"column":9},"end":{"line":428,"column":null}},"140":{"start":{"line":419,"column":4},"end":{"line":419,"column":11}},"141":{"start":{"line":420,"column":9},"end":{"line":428,"column":null}},"142":{"start":{"line":421,"column":4},"end":{"line":421,"column":11}},"143":{"start":{"line":422,"column":9},"end":{"line":428,"column":null}},"144":{"start":{"line":423,"column":4},"end":{"line":423,"column":11}},"145":{"start":{"line":424,"column":9},"end":{"line":428,"column":null}},"146":{"start":{"line":425,"column":4},"end":{"line":425,"column":11}},"147":{"start":{"line":426,"column":9},"end":{"line":428,"column":null}},"148":{"start":{"line":427,"column":4},"end":{"line":427,"column":11}},"149":{"start":{"line":430,"column":2},"end":{"line":430,"column":9}},"150":{"start":{"line":415,"column":13},"end":{"line":415,"column":22}},"151":{"start":{"line":434,"column":2},"end":{"line":434,"column":null}},"152":{"start":{"line":433,"column":0},"end":{"line":433,"column":16}},"153":{"start":{"line":441,"column":17},"end":{"line":441,"column":32}},"154":{"start":{"line":442,"column":21},"end":{"line":442,"column":null}},"155":{"start":{"line":443,"column":2},"end":{"line":447,"column":null}},"156":{"start":{"line":444,"column":4},"end":{"line":444,"column":11}},"157":{"start":{"line":445,"column":9},"end":{"line":447,"column":null}},"158":{"start":{"line":446,"column":4},"end":{"line":446,"column":11}},"159":{"start":{"line":446,"column":44},"end":{"line":446,"column":55}},"160":{"start":{"line":448,"column":2},"end":{"line":448,"column":9}},"161":{"start":{"line":440,"column":0},"end":{"line":440,"column":16}},"162":{"start":{"line":452,"column":2},"end":{"line":454,"column":null}},"163":{"start":{"line":453,"column":4},"end":{"line":453,"column":11}},"164":{"start":{"line":455,"column":2},"end":{"line":455,"column":9}},"165":{"start":{"line":451,"column":0},"end":{"line":451,"column":16}},"166":{"start":{"line":464,"column":2},"end":{"line":514,"column":null}},"167":{"start":{"line":464,"column":15},"end":{"line":464,"column":18}},"168":{"start":{"line":465,"column":19},"end":{"line":465,"column":27}},"169":{"start":{"line":474,"column":4},"end":{"line":513,"column":null}},"170":{"start":{"line":477,"column":28},"end":{"line":477,"column":null}},"171":{"start":{"line":478,"column":60},"end":{"line":478,"column":null}},"172":{"start":{"line":486,"column":6},"end":{"line":502,"column":null}},"173":{"start":{"line":488,"column":36},"end":{"line":488,"column":null}},"174":{"start":{"line":490,"column":8},"end":{"line":495,"column":null}},"175":{"start":{"line":491,"column":10},"end":{"line":491,"column":22}},"176":{"start":{"line":494,"column":10},"end":{"line":494,"column":22}},"177":{"start":{"line":497,"column":8},"end":{"line":497,"column":20}},"178":{"start":{"line":499,"column":8},"end":{"line":499,"column":23}},"179":{"start":{"line":501,"column":8},"end":{"line":501,"column":23}},"180":{"start":{"line":506,"column":6},"end":{"line":506,"column":13}},"181":{"start":{"line":508,"column":6},"end":{"line":510,"column":null}},"182":{"start":{"line":509,"column":8},"end":{"line":509,"column":15}},"183":{"start":{"line":511,"column":11},"end":{"line":513,"column":null}},"184":{"start":{"line":512,"column":6},"end":{"line":512,"column":13}},"185":{"start":{"line":515,"column":2},"end":{"line":515,"column":9}},"186":{"start":{"line":459,"column":0},"end":{"line":459,"column":16}},"187":{"start":{"line":519,"column":2},"end":{"line":540,"column":null}},"188":{"start":{"line":520,"column":4},"end":{"line":522,"column":null}},"189":{"start":{"line":521,"column":6},"end":{"line":521,"column":14}},"190":{"start":{"line":523,"column":4},"end":{"line":523,"column":11}},"191":{"start":{"line":524,"column":6},"end":{"line":526,"column":null}},"192":{"start":{"line":525,"column":8},"end":{"line":525,"column":15}},"193":{"start":{"line":527,"column":6},"end":{"line":527,"column":13}},"194":{"start":{"line":529,"column":9},"end":{"line":540,"column":null}},"195":{"start":{"line":530,"column":16},"end":{"line":530,"column":22}},"196":{"start":{"line":531,"column":4},"end":{"line":531,"column":11}},"197":{"start":{"line":532,"column":6},"end":{"line":532,"column":9}},"198":{"start":{"line":536,"column":6},"end":{"line":536,"column":13}},"199":{"start":{"line":539,"column":4},"end":{"line":539,"column":11}},"200":{"start":{"line":518,"column":0},"end":{"line":518,"column":16}},"201":{"start":{"line":549,"column":2},"end":{"line":551,"column":null}},"202":{"start":{"line":550,"column":4},"end":{"line":550,"column":10}},"203":{"start":{"line":553,"column":19},"end":{"line":553,"column":null}},"204":{"start":{"line":562,"column":2},"end":{"line":565,"column":null}},"205":{"start":{"line":564,"column":4},"end":{"line":564,"column":11}},"206":{"start":{"line":566,"column":2},"end":{"line":568,"column":null}},"207":{"start":{"line":567,"column":4},"end":{"line":567,"column":11}},"208":{"start":{"line":569,"column":2},"end":{"line":571,"column":null}},"209":{"start":{"line":570,"column":4},"end":{"line":570,"column":11}},"210":{"start":{"line":572,"column":2},"end":{"line":572,"column":9}},"211":{"start":{"line":543,"column":0},"end":{"line":543,"column":16}}},"fnMap":{"0":{"name":"isObject","decl":{"start":{"line":9,"column":16},"end":{"line":9,"column":25}},"loc":{"start":{"line":9,"column":35},"end":{"line":11,"column":null}}},"1":{"name":"isEmptyObject","decl":{"start":{"line":13,"column":16},"end":{"line":13,"column":30}},"loc":{"start":{"line":13,"column":40},"end":{"line":15,"column":null}}},"2":{"name":"hasOwnProperty","decl":{"start":{"line":17,"column":16},"end":{"line":17,"column":31}},"loc":{"start":{"line":17,"column":52},"end":{"line":23,"column":null}}},"3":{"name":"validateData","decl":{"start":{"line":30,"column":16},"end":{"line":30,"column":29}},"loc":{"start":{"line":30,"column":51},"end":{"line":36,"column":null}}},"4":{"name":"resolveSchema","decl":{"start":{"line":39,"column":16},"end":{"line":39,"column":30}},"loc":{"start":{"line":39,"column":76},"end":{"line":56,"column":null}}},"5":{"name":"(anonymous_6)","decl":{"start":{"line":48,"column":31},"end":{"line":48,"column":null}},"loc":{"start":{"line":49,"column":8},"end":{"line":49,"column":23}}},"6":{"name":"retrieveSchema","decl":{"start":{"line":58,"column":16},"end":{"line":58,"column":null}},"loc":{"start":{"line":61,"column":20},"end":{"line":94,"column":null}}},"7":{"name":"stubExistingAdditionalProperties","decl":{"start":{"line":98,"column":16},"end":{"line":98,"column":null}},"loc":{"start":{"line":101,"column":20},"end":{"line":135,"column":null}}},"8":{"name":"(anonymous_9)","decl":{"start":{"line":109,"column":33},"end":{"line":109,"column":40}},"loc":{"start":{"line":109,"column":40},"end":{"line":132,"column":null}}},"9":{"name":"resolveReference","decl":{"start":{"line":150,"column":9},"end":{"line":150,"column":26}},"loc":{"start":{"line":150,"column":69},"end":{"line":157,"column":null}}},"10":{"name":"findSchemaDefinition","decl":{"start":{"line":159,"column":16},"end":{"line":159,"column":37}},"loc":{"start":{"line":159,"column":66},"end":{"line":176,"column":null}}},"11":{"name":"resolveDependencies","decl":{"start":{"line":178,"column":9},"end":{"line":178,"column":null}},"loc":{"start":{"line":181,"column":15},"end":{"line":197,"column":null}}},"12":{"name":"processDependencies","decl":{"start":{"line":198,"column":9},"end":{"line":198,"column":null}},"loc":{"start":{"line":202,"column":15},"end":{"line":238,"column":null}}},"13":{"name":"withDependentProperties","decl":{"start":{"line":240,"column":9},"end":{"line":240,"column":33}},"loc":{"start":{"line":240,"column":71},"end":{"line":248,"column":null}}},"14":{"name":"withDependentSchema","decl":{"start":{"line":250,"column":9},"end":{"line":250,"column":null}},"loc":{"start":{"line":255,"column":22},"end":{"line":283,"column":null}}},"15":{"name":"(anonymous_16)","decl":{"start":{"line":271,"column":35},"end":{"line":271,"column":null}},"loc":{"start":{"line":272,"column":4},"end":{"line":274,"column":null}}},"16":{"name":"withExactlyOneSubschema","decl":{"start":{"line":285,"column":9},"end":{"line":285,"column":null}},"loc":{"start":{"line":290,"column":12},"end":{"line":325,"column":null}}},"17":{"name":"(anonymous_18)","decl":{"start":{"line":292,"column":40},"end":{"line":292,"column":58}},"loc":{"start":{"line":292,"column":58},"end":{"line":308,"column":null}}},"18":{"name":"mergeSchemas","decl":{"start":{"line":332,"column":16},"end":{"line":332,"column":29}},"loc":{"start":{"line":332,"column":49},"end":{"line":355,"column":null}}},"19":{"name":"(anonymous_20)","decl":{"start":{"line":334,"column":34},"end":{"line":334,"column":35}},"loc":{"start":{"line":334,"column":47},"end":{"line":354,"column":5}}},"20":{"name":"getSchemaType","decl":{"start":{"line":366,"column":16},"end":{"line":366,"column":30}},"loc":{"start":{"line":366,"column":44},"end":{"line":411,"column":null}}},"21":{"name":"(anonymous_22)","decl":{"start":{"line":383,"column":19},"end":{"line":383,"column":28}},"loc":{"start":{"line":383,"column":28},"end":{"line":383,"column":null}}},"22":{"name":"guessType","decl":{"start":{"line":415,"column":34},"end":{"line":415,"column":44}},"loc":{"start":{"line":415,"column":54},"end":{"line":431,"column":null}}},"23":{"name":"isConstant","decl":{"start":{"line":433,"column":16},"end":{"line":433,"column":27}},"loc":{"start":{"line":433,"column":41},"end":{"line":438,"column":null}}},"24":{"name":"isSelect","decl":{"start":{"line":440,"column":16},"end":{"line":440,"column":25}},"loc":{"start":{"line":440,"column":62},"end":{"line":449,"column":null}}},"25":{"name":"(anonymous_26)","decl":{"start":{"line":446,"column":29},"end":{"line":446,"column":44}},"loc":{"start":{"line":446,"column":44},"end":{"line":446,"column":55}}},"26":{"name":"isMultiSelect","decl":{"start":{"line":451,"column":16},"end":{"line":451,"column":30}},"loc":{"start":{"line":451,"column":69},"end":{"line":456,"column":null}}},"27":{"name":"getMatchingOption","decl":{"start":{"line":459,"column":16},"end":{"line":459,"column":null}},"loc":{"start":{"line":462,"column":49},"end":{"line":516,"column":null}}},"28":{"name":"(anonymous_29)","decl":{"start":{"line":478,"column":51},"end":{"line":478,"column":60}},"loc":{"start":{"line":478,"column":60},"end":{"line":478,"column":null}}},"29":{"name":"mergeDefaultsWithFormData","decl":{"start":{"line":518,"column":16},"end":{"line":518,"column":42}},"loc":{"start":{"line":518,"column":70},"end":{"line":541,"column":null}}},"30":{"name":"(anonymous_31)","decl":{"start":{"line":523,"column":24},"end":{"line":523,"column":25}},"loc":{"start":{"line":523,"column":39},"end":{"line":528,"column":null}}},"31":{"name":"(anonymous_32)","decl":{"start":{"line":531,"column":40},"end":{"line":531,"column":41}},"loc":{"start":{"line":531,"column":53},"end":{"line":537,"column":7}}},"32":{"name":"getDefaultFormState","decl":{"start":{"line":543,"column":16},"end":{"line":543,"column":null}},"loc":{"start":{"line":545,"column":15},"end":{"line":573,"column":null}}}},"branchMap":{"0":{"loc":{"start":{"line":10,"column":9},"end":{"line":10,"column":62}},"type":"binary-expr","locations":[{"start":{"line":10,"column":9},"end":{"line":10,"column":38}},{"start":{"line":10,"column":38},"end":{"line":10,"column":56}},{"start":{"line":10,"column":56},"end":{"line":10,"column":62}}]},"1":{"loc":{"start":{"line":14,"column":9},"end":{"line":14,"column":null}},"type":"binary-expr","locations":[{"start":{"line":14,"column":9},"end":{"line":14,"column":18}},{"start":{"line":14,"column":28},"end":{"line":14,"column":null}}]},"2":{"loc":{"start":{"line":39,"column":46},"end":{"line":39,"column":63}},"type":"default-arg","locations":[{"start":{"line":39,"column":59},"end":{"line":39,"column":63}}]},"3":{"loc":{"start":{"line":39,"column":63},"end":{"line":39,"column":76}},"type":"default-arg","locations":[{"start":{"line":39,"column":74},"end":{"line":39,"column":76}}]},"4":{"loc":{"start":{"line":40,"column":2},"end":{"line":55,"column":null}},"type":"if","locations":[{"start":{"line":40,"column":2},"end":{"line":55,"column":null}},{"start":{"line":42,"column":9},"end":{"line":55,"column":null}}]},"5":{"loc":{"start":{"line":42,"column":9},"end":{"line":55,"column":null}},"type":"if","locations":[{"start":{"line":42,"column":9},"end":{"line":55,"column":null}},{"start":{"line":45,"column":9},"end":{"line":55,"column":null}}]},"6":{"loc":{"start":{"line":45,"column":9},"end":{"line":55,"column":null}},"type":"if","locations":[{"start":{"line":45,"column":9},"end":{"line":55,"column":null}},{"start":{"line":52,"column":9},"end":{"line":55,"column":null}}]},"7":{"loc":{"start":{"line":45,"column":13},"end":{"line":45,"column":53}},"type":"binary-expr","locations":[{"start":{"line":45,"column":13},"end":{"line":45,"column":28}},{"start":{"line":45,"column":48},"end":{"line":45,"column":53}}]},"8":{"loc":{"start":{"line":60,"column":2},"end":{"line":60,"column":null}},"type":"default-arg","locations":[{"start":{"line":60,"column":15},"end":{"line":60,"column":null}}]},"9":{"loc":{"start":{"line":61,"column":2},"end":{"line":61,"column":20}},"type":"default-arg","locations":[{"start":{"line":61,"column":18},"end":{"line":61,"column":20}}]},"10":{"loc":{"start":{"line":63,"column":2},"end":{"line":65,"column":null}},"type":"if","locations":[{"start":{"line":63,"column":2},"end":{"line":65,"column":null}}]},"11":{"loc":{"start":{"line":69,"column":2},"end":{"line":81,"column":null}},"type":"if","locations":[{"start":{"line":69,"column":2},"end":{"line":81,"column":null}}]},"12":{"loc":{"start":{"line":83,"column":4},"end":{"line":84,"column":null}},"type":"binary-expr","locations":[{"start":{"line":83,"column":4},"end":{"line":83,"column":18}},{"start":{"line":84,"column":4},"end":{"line":84,"column":null}}]},"13":{"loc":{"start":{"line":85,"column":2},"end":{"line":92,"column":null}},"type":"if","locations":[{"start":{"line":85,"column":2},"end":{"line":92,"column":null}}]},"14":{"loc":{"start":{"line":100,"column":2},"end":{"line":100,"column":null}},"type":"default-arg","locations":[{"start":{"line":100,"column":23},"end":{"line":100,"column":null}}]},"15":{"loc":{"start":{"line":101,"column":2},"end":{"line":101,"column":20}},"type":"default-arg","locations":[{"start":{"line":101,"column":18},"end":{"line":101,"column":20}}]},"16":{"loc":{"start":{"line":110,"column":4},"end":{"line":113,"column":null}},"type":"if","locations":[{"start":{"line":110,"column":4},"end":{"line":113,"column":null}}]},"17":{"loc":{"start":{"line":116,"column":4},"end":{"line":126,"column":null}},"type":"if","locations":[{"start":{"line":116,"column":4},"end":{"line":126,"column":null}},{"start":{"line":122,"column":11},"end":{"line":126,"column":null}}]},"18":{"loc":{"start":{"line":122,"column":11},"end":{"line":126,"column":null}},"type":"if","locations":[{"start":{"line":122,"column":11},"end":{"line":126,"column":null}},{"start":{"line":124,"column":11},"end":{"line":126,"column":null}}]},"19":{"loc":{"start":{"line":159,"column":51},"end":{"line":159,"column":66}},"type":"default-arg","locations":[{"start":{"line":159,"column":64},"end":{"line":159,"column":66}}]},"20":{"loc":{"start":{"line":161,"column":2},"end":{"line":166,"column":null}},"type":"if","locations":[{"start":{"line":161,"column":2},"end":{"line":166,"column":null}},{"start":{"line":164,"column":9},"end":{"line":166,"column":null}}]},"21":{"loc":{"start":{"line":168,"column":2},"end":{"line":170,"column":null}},"type":"if","locations":[{"start":{"line":168,"column":2},"end":{"line":170,"column":null}}]},"22":{"loc":{"start":{"line":171,"column":2},"end":{"line":174,"column":null}},"type":"if","locations":[{"start":{"line":171,"column":2},"end":{"line":174,"column":null}}]},"23":{"loc":{"start":{"line":184,"column":8},"end":{"line":184,"column":27}},"type":"default-arg","locations":[{"start":{"line":184,"column":23},"end":{"line":184,"column":27}}]},"24":{"loc":{"start":{"line":185,"column":2},"end":{"line":195,"column":null}},"type":"if","locations":[{"start":{"line":185,"column":2},"end":{"line":195,"column":null}},{"start":{"line":190,"column":9},"end":{"line":195,"column":null}}]},"25":{"loc":{"start":{"line":190,"column":9},"end":{"line":195,"column":null}},"type":"if","locations":[{"start":{"line":190,"column":9},"end":{"line":195,"column":null}}]},"26":{"loc":{"start":{"line":207,"column":4},"end":{"line":209,"column":null}},"type":"if","locations":[{"start":{"line":207,"column":4},"end":{"line":209,"column":null}}]},"27":{"loc":{"start":{"line":211,"column":4},"end":{"line":216,"column":null}},"type":"if","locations":[{"start":{"line":211,"column":4},"end":{"line":216,"column":null}}]},"28":{"loc":{"start":{"line":212,"column":6},"end":{"line":213,"column":8}},"type":"binary-expr","locations":[{"start":{"line":212,"column":6},"end":{"line":212,"column":null}},{"start":{"line":213,"column":6},"end":{"line":213,"column":8}}]},"29":{"loc":{"start":{"line":219,"column":4},"end":{"line":229,"column":null}},"type":"if","locations":[{"start":{"line":219,"column":4},"end":{"line":229,"column":null}},{"start":{"line":221,"column":11},"end":{"line":229,"column":null}}]},"30":{"loc":{"start":{"line":221,"column":11},"end":{"line":229,"column":null}},"type":"if","locations":[{"start":{"line":221,"column":11},"end":{"line":229,"column":null}}]},"31":{"loc":{"start":{"line":241,"column":2},"end":{"line":243,"column":null}},"type":"if","locations":[{"start":{"line":241,"column":2},"end":{"line":243,"column":null}}]},"32":{"loc":{"start":{"line":244,"column":19},"end":{"line":246,"column":null}},"type":"cond-expr","locations":[{"start":{"line":245,"column":6},"end":{"line":245,"column":11}},{"start":{"line":246,"column":6},"end":{"line":246,"column":null}}]},"33":{"loc":{"start":{"line":265,"column":2},"end":{"line":269,"column":null}},"type":"if","locations":[{"start":{"line":265,"column":2},"end":{"line":269,"column":null}},{"start":{"line":267,"column":9},"end":{"line":269,"column":null}}]},"34":{"loc":{"start":{"line":267,"column":9},"end":{"line":269,"column":null}},"type":"if","locations":[{"start":{"line":267,"column":9},"end":{"line":269,"column":null}}]},"35":{"loc":{"start":{"line":272,"column":4},"end":{"line":274,"column":null}},"type":"cond-expr","locations":[{"start":{"line":273,"column":8},"end":{"line":273,"column":25}},{"start":{"line":274,"column":8},"end":{"line":274,"column":null}}]},"36":{"loc":{"start":{"line":293,"column":4},"end":{"line":295,"column":null}},"type":"if","locations":[{"start":{"line":293,"column":4},"end":{"line":295,"column":null}}]},"37":{"loc":{"start":{"line":297,"column":4},"end":{"line":307,"column":null}},"type":"if","locations":[{"start":{"line":297,"column":4},"end":{"line":307,"column":null}}]},"38":{"loc":{"start":{"line":306,"column":13},"end":{"line":306,"column":null}},"type":"binary-expr","locations":[{"start":{"line":306,"column":13},"end":{"line":306,"column":24}},{"start":{"line":306,"column":24},"end":{"line":306,"column":null}}]},"39":{"loc":{"start":{"line":309,"column":2},"end":{"line":314,"column":null}},"type":"if","locations":[{"start":{"line":309,"column":2},"end":{"line":314,"column":null}}]},"40":{"loc":{"start":{"line":335,"column":17},"end":{"line":335,"column":null}},"type":"cond-expr","locations":[{"start":{"line":335,"column":24},"end":{"line":335,"column":29}},{"start":{"line":335,"column":36},"end":{"line":335,"column":null}}]},"41":{"loc":{"start":{"line":337,"column":4},"end":{"line":352,"column":null}},"type":"if","locations":[{"start":{"line":337,"column":4},"end":{"line":352,"column":null}},{"start":{"line":339,"column":11},"end":{"line":352,"column":null}}]},"42":{"loc":{"start":{"line":337,"column":8},"end":{"line":337,"column":54}},"type":"binary-expr","locations":[{"start":{"line":337,"column":8},"end":{"line":337,"column":12}},{"start":{"line":337,"column":16},"end":{"line":337,"column":31}},{"start":{"line":337,"column":45},"end":{"line":337,"column":54}}]},"43":{"loc":{"start":{"line":339,"column":11},"end":{"line":352,"column":null}},"type":"if","locations":[{"start":{"line":339,"column":11},"end":{"line":352,"column":null}},{"start":{"line":350,"column":11},"end":{"line":352,"column":null}}]},"44":{"loc":{"start":{"line":340,"column":6},"end":{"line":345,"column":11}},"type":"binary-expr","locations":[{"start":{"line":340,"column":6},"end":{"line":340,"column":10}},{"start":{"line":341,"column":6},"end":{"line":341,"column":null}},{"start":{"line":342,"column":7},"end":{"line":342,"column":43}},{"start":{"line":342,"column":43},"end":{"line":342,"column":null}},{"start":{"line":343,"column":6},"end":{"line":343,"column":null}},{"start":{"line":344,"column":6},"end":{"line":344,"column":11}},{"start":{"line":345,"column":6},"end":{"line":345,"column":11}}]},"45":{"loc":{"start":{"line":369,"column":2},"end":{"line":371,"column":null}},"type":"if","locations":[{"start":{"line":369,"column":2},"end":{"line":371,"column":null}}]},"46":{"loc":{"start":{"line":369,"column":6},"end":{"line":369,"column":29}},"type":"binary-expr","locations":[{"start":{"line":369,"column":6},"end":{"line":369,"column":15}},{"start":{"line":369,"column":15},"end":{"line":369,"column":29}}]},"47":{"loc":{"start":{"line":373,"column":2},"end":{"line":375,"column":null}},"type":"if","locations":[{"start":{"line":373,"column":2},"end":{"line":375,"column":null}}]},"48":{"loc":{"start":{"line":373,"column":6},"end":{"line":373,"column":28}},"type":"binary-expr","locations":[{"start":{"line":373,"column":6},"end":{"line":373,"column":15}},{"start":{"line":373,"column":15},"end":{"line":373,"column":28}}]},"49":{"loc":{"start":{"line":377,"column":2},"end":{"line":379,"column":null}},"type":"if","locations":[{"start":{"line":377,"column":2},"end":{"line":379,"column":null}}]},"50":{"loc":{"start":{"line":377,"column":6},"end":{"line":377,"column":7}},"type":"binary-expr","locations":[{"start":{"line":377,"column":6},"end":{"line":377,"column":16}},{"start":{"line":377,"column":16},"end":{"line":377,"column":37}},{"start":{"line":377,"column":37},"end":{"line":377,"column":67}}]},"51":{"loc":{"start":{"line":382,"column":2},"end":{"line":384,"column":null}},"type":"if","locations":[{"start":{"line":382,"column":2},"end":{"line":384,"column":null}}]},"52":{"loc":{"start":{"line":382,"column":6},"end":{"line":382,"column":47}},"type":"binary-expr","locations":[{"start":{"line":382,"column":6},"end":{"line":382,"column":28}},{"start":{"line":382,"column":28},"end":{"line":382,"column":46}},{"start":{"line":382,"column":46},"end":{"line":382,"column":47}}]},"53":{"loc":{"start":{"line":416,"column":2},"end":{"line":428,"column":null}},"type":"if","locations":[{"start":{"line":416,"column":2},"end":{"line":428,"column":null}},{"start":{"line":418,"column":9},"end":{"line":428,"column":null}}]},"54":{"loc":{"start":{"line":418,"column":9},"end":{"line":428,"column":null}},"type":"if","locations":[{"start":{"line":418,"column":9},"end":{"line":428,"column":null}},{"start":{"line":420,"column":9},"end":{"line":428,"column":null}}]},"55":{"loc":{"start":{"line":420,"column":9},"end":{"line":428,"column":null}},"type":"if","locations":[{"start":{"line":420,"column":9},"end":{"line":428,"column":null}},{"start":{"line":422,"column":9},"end":{"line":428,"column":null}}]},"56":{"loc":{"start":{"line":422,"column":9},"end":{"line":428,"column":null}},"type":"if","locations":[{"start":{"line":422,"column":9},"end":{"line":428,"column":null}},{"start":{"line":424,"column":9},"end":{"line":428,"column":null}}]},"57":{"loc":{"start":{"line":424,"column":9},"end":{"line":428,"column":null}},"type":"if","locations":[{"start":{"line":424,"column":9},"end":{"line":428,"column":null}},{"start":{"line":426,"column":9},"end":{"line":428,"column":null}}]},"58":{"loc":{"start":{"line":426,"column":9},"end":{"line":428,"column":null}},"type":"if","locations":[{"start":{"line":426,"column":9},"end":{"line":428,"column":null}}]},"59":{"loc":{"start":{"line":435,"column":5},"end":{"line":436,"column":10}},"type":"binary-expr","locations":[{"start":{"line":435,"column":5},"end":{"line":435,"column":10}},{"start":{"line":435,"column":35},"end":{"line":435,"column":null}},{"start":{"line":436,"column":4},"end":{"line":436,"column":10}}]},"60":{"loc":{"start":{"line":440,"column":39},"end":{"line":440,"column":62}},"type":"default-arg","locations":[{"start":{"line":440,"column":60},"end":{"line":440,"column":62}}]},"61":{"loc":{"start":{"line":442,"column":21},"end":{"line":442,"column":null}},"type":"binary-expr","locations":[{"start":{"line":442,"column":21},"end":{"line":442,"column":37}},{"start":{"line":442,"column":37},"end":{"line":442,"column":null}}]},"62":{"loc":{"start":{"line":443,"column":2},"end":{"line":447,"column":null}},"type":"if","locations":[{"start":{"line":443,"column":2},"end":{"line":447,"column":null}},{"start":{"line":445,"column":9},"end":{"line":447,"column":null}}]},"63":{"loc":{"start":{"line":445,"column":9},"end":{"line":447,"column":null}},"type":"if","locations":[{"start":{"line":445,"column":9},"end":{"line":447,"column":null}}]},"64":{"loc":{"start":{"line":451,"column":46},"end":{"line":451,"column":69}},"type":"default-arg","locations":[{"start":{"line":451,"column":67},"end":{"line":451,"column":69}}]},"65":{"loc":{"start":{"line":452,"column":2},"end":{"line":454,"column":null}},"type":"if","locations":[{"start":{"line":452,"column":2},"end":{"line":454,"column":null}}]},"66":{"loc":{"start":{"line":452,"column":6},"end":{"line":452,"column":44}},"type":"binary-expr","locations":[{"start":{"line":452,"column":6},"end":{"line":452,"column":29}},{"start":{"line":452,"column":29},"end":{"line":452,"column":44}}]},"67":{"loc":{"start":{"line":474,"column":4},"end":{"line":513,"column":null}},"type":"if","locations":[{"start":{"line":474,"column":4},"end":{"line":513,"column":null}},{"start":{"line":511,"column":11},"end":{"line":513,"column":null}}]},"68":{"loc":{"start":{"line":486,"column":6},"end":{"line":502,"column":null}},"type":"if","locations":[{"start":{"line":486,"column":6},"end":{"line":502,"column":null}},{"start":{"line":500,"column":13},"end":{"line":502,"column":null}}]},"69":{"loc":{"start":{"line":490,"column":8},"end":{"line":495,"column":null}},"type":"if","locations":[{"start":{"line":490,"column":8},"end":{"line":495,"column":null}},{"start":{"line":492,"column":15},"end":{"line":495,"column":null}}]},"70":{"loc":{"start":{"line":508,"column":6},"end":{"line":510,"column":null}},"type":"if","locations":[{"start":{"line":508,"column":6},"end":{"line":510,"column":null}}]},"71":{"loc":{"start":{"line":511,"column":11},"end":{"line":513,"column":null}},"type":"if","locations":[{"start":{"line":511,"column":11},"end":{"line":513,"column":null}}]},"72":{"loc":{"start":{"line":519,"column":2},"end":{"line":540,"column":null}},"type":"if","locations":[{"start":{"line":519,"column":2},"end":{"line":540,"column":null}},{"start":{"line":529,"column":9},"end":{"line":540,"column":null}}]},"73":{"loc":{"start":{"line":520,"column":4},"end":{"line":522,"column":null}},"type":"if","locations":[{"start":{"line":520,"column":4},"end":{"line":522,"column":null}}]},"74":{"loc":{"start":{"line":524,"column":6},"end":{"line":526,"column":null}},"type":"if","locations":[{"start":{"line":524,"column":6},"end":{"line":526,"column":null}}]},"75":{"loc":{"start":{"line":529,"column":9},"end":{"line":540,"column":null}},"type":"if","locations":[{"start":{"line":529,"column":9},"end":{"line":540,"column":null}},{"start":{"line":538,"column":9},"end":{"line":540,"column":null}}]},"76":{"loc":{"start":{"line":533,"column":8},"end":{"line":533,"column":null}},"type":"cond-expr","locations":[{"start":{"line":533,"column":19},"end":{"line":533,"column":28}},{"start":{"line":533,"column":35},"end":{"line":533,"column":null}}]},"77":{"loc":{"start":{"line":549,"column":2},"end":{"line":551,"column":null}},"type":"if","locations":[{"start":{"line":549,"column":2},"end":{"line":551,"column":null}}]},"78":{"loc":{"start":{"line":562,"column":2},"end":{"line":565,"column":null}},"type":"if","locations":[{"start":{"line":562,"column":2},"end":{"line":565,"column":null}}]},"79":{"loc":{"start":{"line":566,"column":2},"end":{"line":568,"column":null}},"type":"if","locations":[{"start":{"line":566,"column":2},"end":{"line":568,"column":null}}]},"80":{"loc":{"start":{"line":566,"column":6},"end":{"line":566,"column":33}},"type":"binary-expr","locations":[{"start":{"line":566,"column":6},"end":{"line":566,"column":15}},{"start":{"line":566,"column":28},"end":{"line":566,"column":33}}]},"81":{"loc":{"start":{"line":569,"column":2},"end":{"line":571,"column":null}},"type":"if","locations":[{"start":{"line":569,"column":2},"end":{"line":571,"column":null}}]},"82":{"loc":{"start":{"line":569,"column":6},"end":{"line":569,"column":63}},"type":"binary-expr","locations":[{"start":{"line":569,"column":6},"end":{"line":569,"column":24}},{"start":{"line":569,"column":24},"end":{"line":569,"column":46}},{"start":{"line":569,"column":46},"end":{"line":569,"column":63}}]},"83":{"loc":{"start":{"line":572,"column":9},"end":{"line":572,"column":null}},"type":"binary-expr","locations":[{"start":{"line":572,"column":9},"end":{"line":572,"column":17}},{"start":{"line":572,"column":21},"end":{"line":572,"column":null}}]}},"s":{"0":3,"1":3,"2":3,"3":3,"4":29,"5":3,"6":0,"7":3,"8":60,"9":3,"10":3,"11":0,"12":0,"13":3,"14":20,"15":0,"16":20,"17":0,"18":0,"19":20,"20":0,"21":0,"22":20,"23":3,"24":20,"25":0,"26":20,"27":20,"28":0,"29":0,"30":0,"31":0,"32":0,"33":20,"34":20,"35":0,"36":20,"37":3,"38":3,"39":0,"40":0,"41":0,"42":0,"43":0,"44":0,"45":0,"46":0,"47":0,"48":0,"49":0,"50":0,"51":3,"52":0,"53":0,"54":0,"55":0,"56":0,"57":0,"58":0,"59":0,"60":0,"61":0,"62":0,"63":0,"64":0,"65":3,"66":0,"67":0,"68":0,"69":0,"70":0,"71":0,"72":0,"73":0,"74":0,"75":0,"76":0,"77":0,"78":0,"79":0,"80":0,"81":0,"82":0,"83":0,"84":0,"85":0,"86":0,"87":0,"88":0,"89":0,"90":0,"91":0,"92":0,"93":0,"94":0,"95":0,"96":0,"97":0,"98":0,"99":0,"100":0,"101":0,"102":0,"103":0,"104":0,"105":0,"106":0,"107":0,"108":0,"109":0,"110":0,"111":0,"112":0,"113":0,"114":0,"115":0,"116":0,"117":0,"118":0,"119":0,"120":0,"121":0,"122":3,"123":0,"124":0,"125":0,"126":0,"127":0,"128":0,"129":0,"130":0,"131":0,"132":0,"133":0,"134":0,"135":3,"136":3,"137":0,"138":0,"139":0,"140":0,"141":0,"142":0,"143":0,"144":0,"145":0,"146":0,"147":0,"148":0,"149":0,"150":3,"151":0,"152":3,"153":0,"154":0,"155":0,"156":0,"157":0,"158":0,"159":0,"160":0,"161":3,"162":0,"163":0,"164":0,"165":3,"166":0,"167":0,"168":0,"169":0,"170":0,"171":0,"172":0,"173":0,"174":0,"175":0,"176":0,"177":0,"178":0,"179":0,"180":0,"181":0,"182":0,"183":0,"184":0,"185":0,"186":3,"187":0,"188":0,"189":0,"190":0,"191":0,"192":0,"193":0,"194":0,"195":0,"196":0,"197":0,"198":0,"199":0,"200":3,"201":0,"202":0,"203":0,"204":0,"205":0,"206":0,"207":0,"208":0,"209":0,"210":0,"211":3},"f":{"0":29,"1":0,"2":60,"3":0,"4":20,"5":0,"6":20,"7":0,"8":0,"9":0,"10":0,"11":0,"12":0,"13":0,"14":0,"15":0,"16":0,"17":0,"18":0,"19":0,"20":0,"21":0,"22":0,"23":0,"24":0,"25":0,"26":0,"27":0,"28":0,"29":0,"30":0,"31":0,"32":0},"b":{"0":[29,29,29],"1":[0,0],"2":[0],"3":[0],"4":[0,20],"5":[0,20],"6":[0,20],"7":[20,0],"8":[0],"9":[8],"10":[0],"11":[0],"12":[20,0],"13":[0],"14":[0],"15":[0],"16":[0],"17":[0,0],"18":[0,0],"19":[0],"20":[0,0],"21":[0],"22":[0],"23":[0],"24":[0,0],"25":[0],"26":[0],"27":[0],"28":[0,0],"29":[0,0],"30":[0],"31":[0],"32":[0,0],"33":[0,0],"34":[0],"35":[0,0],"36":[0],"37":[0],"38":[0,0],"39":[0],"40":[0,0],"41":[0,0],"42":[0,0,0],"43":[0,0],"44":[0,0,0,0,0,0,0],"45":[0],"46":[0,0],"47":[0],"48":[0,0],"49":[0],"50":[0,0,0],"51":[0],"52":[0,0,0],"53":[0,0],"54":[0,0],"55":[0,0],"56":[0,0],"57":[0,0],"58":[0],"59":[0,0,0],"60":[0],"61":[0,0],"62":[0,0],"63":[0],"64":[0],"65":[0],"66":[0,0],"67":[0,0],"68":[0,0],"69":[0,0],"70":[0],"71":[0],"72":[0,0],"73":[0],"74":[0],"75":[0,0],"76":[0,0],"77":[0],"78":[0],"79":[0],"80":[0,0],"81":[0],"82":[0,0,0],"83":[0,0]}}
,"Z:\\Project\\vue3-json-schema-form\\lib\\validator.ts": {"path":"Z:\\Project\\vue3-json-schema-form\\lib\\validator.ts","statementMap":{"0":{"start":{"line":3,"column":0},"end":{"line":3,"column":null}},"1":{"start":{"line":4,"column":0},"end":{"line":4,"column":null}},"2":{"start":{"line":5,"column":13},"end":{"line":5,"column":21}},"3":{"start":{"line":24,"column":2},"end":{"line":24,"column":32}},"4":{"start":{"line":24,"column":25},"end":{"line":24,"column":32}},"5":{"start":{"line":26,"column":2},"end":{"line":26,"column":9}},"6":{"start":{"line":27,"column":34},"end":{"line":27,"column":null}},"7":{"start":{"line":28,"column":17},"end":{"line":28,"column":24}},"8":{"start":{"line":29,"column":17},"end":{"line":29,"column":null}},"9":{"start":{"line":33,"column":4},"end":{"line":35,"column":null}},"10":{"start":{"line":34,"column":6},"end":{"line":34,"column":10}},"11":{"start":{"line":42,"column":4},"end":{"line":47,"column":null}},"12":{"start":{"line":43,"column":6},"end":{"line":45,"column":null}},"13":{"start":{"line":44,"column":10},"end":{"line":44,"column":24}},"14":{"start":{"line":46,"column":6},"end":{"line":46,"column":12}},"15":{"start":{"line":49,"column":4},"end":{"line":58,"column":null}},"16":{"start":{"line":53,"column":6},"end":{"line":53,"column":12}},"17":{"start":{"line":55,"column":6},"end":{"line":57,"column":null}},"18":{"start":{"line":56,"column":8},"end":{"line":56,"column":14}},"19":{"start":{"line":59,"column":4},"end":{"line":59,"column":11}},"20":{"start":{"line":64,"column":2},"end":{"line":64,"column":54}},"21":{"start":{"line":64,"column":47},"end":{"line":64,"column":54}},"22":{"start":{"line":66,"column":2},"end":{"line":66,"column":10}},"23":{"start":{"line":68,"column":6},"end":{"line":68,"column":13}},"24":{"start":{"line":86,"column":29},"end":{"line":86,"column":null}},"25":{"start":{"line":87,"column":2},"end":{"line":91,"column":null}},"26":{"start":{"line":88,"column":4},"end":{"line":88,"column":13}},"27":{"start":{"line":90,"column":4},"end":{"line":90,"column":19}},"28":{"start":{"line":93,"column":2},"end":{"line":93,"column":6}},"29":{"start":{"line":94,"column":15},"end":{"line":94,"column":31}},"30":{"start":{"line":96,"column":2},"end":{"line":103,"column":null}},"31":{"start":{"line":97,"column":4},"end":{"line":97,"column":10}},"32":{"start":{"line":105,"column":22},"end":{"line":105,"column":36}},"33":{"start":{"line":107,"column":2},"end":{"line":113,"column":null}},"34":{"start":{"line":108,"column":4},"end":{"line":108,"column":11}},"35":{"start":{"line":115,"column":16},"end":{"line":115,"column":null}},"36":{"start":{"line":116,"column":2},"end":{"line":116,"column":8}},"37":{"start":{"line":117,"column":25},"end":{"line":117,"column":38}},"38":{"start":{"line":119,"column":2},"end":{"line":119,"column":9}},"39":{"start":{"line":79,"column":0},"end":{"line":79,"column":7}},"40":{"start":{"line":127,"column":14},"end":{"line":127,"column":null}},"41":{"start":{"line":128,"column":2},"end":{"line":128,"column":9}},"42":{"start":{"line":130,"column":6},"end":{"line":139,"column":null}},"43":{"start":{"line":131,"column":8},"end":{"line":131,"column":15}},"44":{"start":{"line":132,"column":27},"end":{"line":132,"column":34}},"45":{"start":{"line":133,"column":10},"end":{"line":137,"column":null}},"46":{"start":{"line":134,"column":12},"end":{"line":134,"column":20}},"47":{"start":{"line":136,"column":14},"end":{"line":136,"column":28}},"48":{"start":{"line":140,"column":18},"end":{"line":140,"column":25}},"49":{"start":{"line":141,"column":6},"end":{"line":145,"column":null}},"50":{"start":{"line":142,"column":23},"end":{"line":142,"column":null}},"51":{"start":{"line":143,"column":8},"end":{"line":143,"column":14}},"52":{"start":{"line":144,"column":8},"end":{"line":144,"column":15}},"53":{"start":{"line":147,"column":6},"end":{"line":147,"column":13}},"54":{"start":{"line":154,"column":14},"end":{"line":154,"column":20}},"55":{"start":{"line":155,"column":2},"end":{"line":155,"column":9}},"56":{"start":{"line":156,"column":17},"end":{"line":156,"column":null}},"57":{"start":{"line":157,"column":14},"end":{"line":157,"column":19}},"58":{"start":{"line":158,"column":4},"end":{"line":164,"column":null}},"59":{"start":{"line":159,"column":6},"end":{"line":159,"column":9}},"60":{"start":{"line":160,"column":11},"end":{"line":164,"column":null}},"61":{"start":{"line":161,"column":6},"end":{"line":161,"column":9}},"62":{"start":{"line":163,"column":6},"end":{"line":163,"column":9}},"63":{"start":{"line":165,"column":4},"end":{"line":165,"column":11}},"64":{"start":{"line":152,"column":0},"end":{"line":152,"column":16}}},"fnMap":{"0":{"name":"toErrorSchema","decl":{"start":{"line":23,"column":9},"end":{"line":23,"column":23}},"loc":{"start":{"line":23,"column":54},"end":{"line":61,"column":null}}},"1":{"name":"(anonymous_2)","decl":{"start":{"line":26,"column":23},"end":{"line":26,"column":24}},"loc":{"start":{"line":26,"column":46},"end":{"line":60,"column":5}}},"2":{"name":"transformErrors","decl":{"start":{"line":63,"column":9},"end":{"line":63,"column":25}},"loc":{"start":{"line":63,"column":69},"end":{"line":77,"column":null}}},"3":{"name":"(anonymous_4)","decl":{"start":{"line":67,"column":4},"end":{"line":67,"column":5}},"loc":{"start":{"line":67,"column":59},"end":{"line":75,"column":null}}},"4":{"name":"validateFormData","decl":{"start":{"line":79,"column":22},"end":{"line":79,"column":null}},"loc":{"start":{"line":84,"column":51},"end":{"line":124,"column":null}}},"5":{"name":"createErrorProxy","decl":{"start":{"line":126,"column":9},"end":{"line":126,"column":25}},"loc":{"start":{"line":126,"column":25},"end":{"line":150,"column":null}}},"6":{"name":"(anonymous_7)","decl":{"start":{"line":129,"column":4},"end":{"line":129,"column":7}},"loc":{"start":{"line":129,"column":29},"end":{"line":148,"column":null}}},"7":{"name":"(anonymous_8)","decl":{"start":{"line":131,"column":16},"end":{"line":131,"column":31}},"loc":{"start":{"line":131,"column":31},"end":{"line":138,"column":null}}},"8":{"name":"mergeObjects","decl":{"start":{"line":152,"column":16},"end":{"line":152,"column":29}},"loc":{"start":{"line":152,"column":71},"end":{"line":167,"column":null}}},"9":{"name":"(anonymous_10)","decl":{"start":{"line":155,"column":34},"end":{"line":155,"column":35}},"loc":{"start":{"line":155,"column":47},"end":{"line":166,"column":5}}}},"branchMap":{"0":{"loc":{"start":{"line":24,"column":2},"end":{"line":24,"column":32}},"type":"if","locations":[{"start":{"line":24,"column":2},"end":{"line":24,"column":32}}]},"1":{"loc":{"start":{"line":33,"column":4},"end":{"line":35,"column":null}},"type":"if","locations":[{"start":{"line":33,"column":4},"end":{"line":35,"column":null}}]},"2":{"loc":{"start":{"line":33,"column":8},"end":{"line":33,"column":43}},"type":"binary-expr","locations":[{"start":{"line":33,"column":8},"end":{"line":33,"column":27}},{"start":{"line":33,"column":27},"end":{"line":33,"column":43}}]},"3":{"loc":{"start":{"line":43,"column":6},"end":{"line":45,"column":null}},"type":"if","locations":[{"start":{"line":43,"column":6},"end":{"line":45,"column":null}}]},"4":{"loc":{"start":{"line":49,"column":4},"end":{"line":58,"column":null}},"type":"if","locations":[{"start":{"line":49,"column":4},"end":{"line":58,"column":null}},{"start":{"line":54,"column":11},"end":{"line":58,"column":null}}]},"5":{"loc":{"start":{"line":53,"column":47},"end":{"line":53,"column":null}},"type":"binary-expr","locations":[{"start":{"line":53,"column":47},"end":{"line":53,"column":54}},{"start":{"line":53,"column":58},"end":{"line":53,"column":null}}]},"6":{"loc":{"start":{"line":55,"column":6},"end":{"line":57,"column":null}},"type":"if","locations":[{"start":{"line":55,"column":6},"end":{"line":57,"column":null}}]},"7":{"loc":{"start":{"line":64,"column":2},"end":{"line":64,"column":54}},"type":"if","locations":[{"start":{"line":64,"column":2},"end":{"line":64,"column":54}}]},"8":{"loc":{"start":{"line":64,"column":6},"end":{"line":64,"column":47}},"type":"binary-expr","locations":[{"start":{"line":64,"column":6},"end":{"line":64,"column":25}},{"start":{"line":64,"column":25},"end":{"line":64,"column":47}}]},"9":{"loc":{"start":{"line":83,"column":2},"end":{"line":83,"column":null}},"type":"default-arg","locations":[{"start":{"line":83,"column":11},"end":{"line":83,"column":null}}]},"10":{"loc":{"start":{"line":96,"column":2},"end":{"line":103,"column":null}},"type":"if","locations":[{"start":{"line":96,"column":2},"end":{"line":103,"column":null}}]},"11":{"loc":{"start":{"line":107,"column":2},"end":{"line":113,"column":null}},"type":"if","locations":[{"start":{"line":107,"column":2},"end":{"line":113,"column":null}}]},"12":{"loc":{"start":{"line":130,"column":6},"end":{"line":139,"column":null}},"type":"if","locations":[{"start":{"line":130,"column":6},"end":{"line":139,"column":null}}]},"13":{"loc":{"start":{"line":133,"column":10},"end":{"line":137,"column":null}},"type":"if","locations":[{"start":{"line":133,"column":10},"end":{"line":137,"column":null}},{"start":{"line":135,"column":17},"end":{"line":137,"column":null}}]},"14":{"loc":{"start":{"line":133,"column":14},"end":{"line":133,"column":31}},"type":"binary-expr","locations":[{"start":{"line":133,"column":14},"end":{"line":133,"column":22}},{"start":{"line":133,"column":26},"end":{"line":133,"column":31}}]},"15":{"loc":{"start":{"line":141,"column":6},"end":{"line":145,"column":null}},"type":"if","locations":[{"start":{"line":141,"column":6},"end":{"line":145,"column":null}}]},"16":{"loc":{"start":{"line":152,"column":51},"end":{"line":152,"column":71}},"type":"default-arg","locations":[{"start":{"line":152,"column":66},"end":{"line":152,"column":71}}]},"17":{"loc":{"start":{"line":156,"column":17},"end":{"line":156,"column":null}},"type":"cond-expr","locations":[{"start":{"line":156,"column":24},"end":{"line":156,"column":29}},{"start":{"line":156,"column":36},"end":{"line":156,"column":null}}]},"18":{"loc":{"start":{"line":158,"column":4},"end":{"line":164,"column":null}},"type":"if","locations":[{"start":{"line":158,"column":4},"end":{"line":164,"column":null}},{"start":{"line":160,"column":11},"end":{"line":164,"column":null}}]},"19":{"loc":{"start":{"line":158,"column":8},"end":{"line":158,"column":53}},"type":"binary-expr","locations":[{"start":{"line":158,"column":8},"end":{"line":158,"column":12}},{"start":{"line":158,"column":16},"end":{"line":158,"column":20}},{"start":{"line":158,"column":44},"end":{"line":158,"column":53}}]},"20":{"loc":{"start":{"line":160,"column":11},"end":{"line":164,"column":null}},"type":"if","locations":[{"start":{"line":160,"column":11},"end":{"line":164,"column":null}},{"start":{"line":162,"column":11},"end":{"line":164,"column":null}}]},"21":{"loc":{"start":{"line":160,"column":15},"end":{"line":160,"column":59}},"type":"binary-expr","locations":[{"start":{"line":160,"column":15},"end":{"line":160,"column":27}},{"start":{"line":160,"column":31},"end":{"line":160,"column":36}},{"start":{"line":160,"column":54},"end":{"line":160,"column":59}}]}},"s":{"0":3,"1":3,"2":3,"3":0,"4":0,"5":0,"6":0,"7":0,"8":0,"9":0,"10":0,"11":0,"12":0,"13":0,"14":0,"15":0,"16":0,"17":0,"18":0,"19":0,"20":0,"21":0,"22":0,"23":0,"24":0,"25":0,"26":0,"27":0,"28":0,"29":0,"30":0,"31":0,"32":0,"33":0,"34":0,"35":0,"36":0,"37":0,"38":0,"39":3,"40":0,"41":0,"42":0,"43":0,"44":0,"45":0,"46":0,"47":0,"48":0,"49":0,"50":0,"51":0,"52":0,"53":0,"54":0,"55":0,"56":0,"57":0,"58":0,"59":0,"60":0,"61":0,"62":0,"63":0,"64":3},"f":{"0":0,"1":0,"2":0,"3":0,"4":0,"5":0,"6":0,"7":0,"8":0,"9":0},"b":{"0":[0],"1":[0],"2":[0,0],"3":[0],"4":[0,0],"5":[0,0],"6":[0],"7":[0],"8":[0,0],"9":[0],"10":[0],"11":[0],"12":[0],"13":[0,0],"14":[0,0],"15":[0],"16":[0],"17":[0,0],"18":[0,0],"19":[0,0,0],"20":[0,0],"21":[0,0,0]}}
[...]
,"Z:\\Project\\vue3-json-schema-form\\lib\\fields\\StringField.tsx": {"path":"Z:\\Project\\vue3-json-schema-form\\lib\\fields\\StringField.tsx","statementMap":{"0":{"start":{"line":1,"column":0},"end":{"line":1,"column":null}},"1":{"start":{"line":3,"column":0},"end":{"line":3,"column":null}},"2":{"start":{"line":5,"column":0},"end":{"line":5,"column":null}},"3":{"start":{"line":7,"column":0},"end":{"line":7,"column":15}},"4":{"start":{"line":11,"column":26},"end":{"line":13,"column":null}},"5":{"start":{"line":12,"column":6},"end":{"line":12,"column":11}},"6":{"start":{"line":14,"column":26},"end":{"line":14,"column":35}},"7":{"start":{"line":15,"column":24},"end":{"line":15,"column":34}},"8":{"start":{"line":16,"column":6},"end":{"line":16,"column":13}},"9":{"start":{"line":18,"column":29},"end":{"line":18,"column":38}},"10":{"start":{"line":19,"column":53},"end":{"line":19,"column":68}},"11":{"start":{"line":20,"column":6},"end":{"line":20,"column":13}},"12":{"start":{"line":22,"column":4},"end":{"line":22,"column":11}},"13":{"start":{"line":23,"column":51},"end":{"line":23,"column":57}},"14":{"start":{"line":25,"column":25},"end":{"line":25,"column":null}},"15":{"start":{"line":26,"column":6},"end":{"line":26,"column":null}}},"fnMap":{"0":{"name":"(anonymous_0)","decl":{"start":{"line":10,"column":2},"end":{"line":10,"column":7}},"loc":{"start":{"line":10,"column":13},"end":{"line":35,"column":null}}},"1":{"name":"(anonymous_1)","decl":{"start":{"line":11,"column":26},"end":{"line":11,"column":39}},"loc":{"start":{"line":11,"column":39},"end":{"line":13,"column":null}}},"2":{"name":"(anonymous_2)","decl":{"start":{"line":14,"column":35},"end":{"line":14,"column":40}},"loc":{"start":{"line":14,"column":40},"end":{"line":17,"column":null}}},"3":{"name":"(anonymous_3)","decl":{"start":{"line":18,"column":38},"end":{"line":18,"column":43}},"loc":{"start":{"line":18,"column":43},"end":{"line":21,"column":null}}},"4":{"name":"(anonymous_4)","decl":{"start":{"line":22,"column":11},"end":{"line":22,"column":16}},"loc":{"start":{"line":22,"column":16},"end":{"line":34,"column":null}}}},"branchMap":{},"s":{"0":3,"1":3,"2":3,"3":3,"4":6,"5":0,"6":6,"7":9,"8":9,"9":6,"10":9,"11":9,"12":6,"13":9,"14":9,"15":9},"f":{"0":6,"1":0,"2":9,"3":9,"4":9},"b":{}}
,"Z:\\Project\\vue3-json-schema-form\\lib\\theme-default\\FormItem.tsx": {"path":"Z:\\Project\\vue3-json-schema-form\\lib\\theme-default\\FormItem.tsx","statementMap":{"0":{"start":{"line":1,"column":0},"end":{"line":1,"column":null}},"1":{"start":{"line":2,"column":0},"end":{"line":2,"column":null}},"2":{"start":{"line":4,"column":0},"end":{"line":4,"column":null}},"3":{"start":{"line":6,"column":18},"end":{"line":6,"column":34}},"4":{"start":{"line":21,"column":17},"end":{"line":21,"column":33}},"5":{"start":{"line":25,"column":23},"end":{"line":25,"column":null}},"6":{"start":{"line":26,"column":4},"end":{"line":26,"column":11}},"7":{"start":{"line":27,"column":33},"end":{"line":27,"column":null}},"8":{"start":{"line":28,"column":22},"end":{"line":28,"column":null}},"9":{"start":{"line":29,"column":6},"end":{"line":29,"column":null}},"10":{"start":{"line":34,"column":25},"end":{"line":34,"column":26}},"11":{"start":{"line":44,"column":0},"end":{"line":44,"column":15}},"12":{"start":{"line":48,"column":2},"end":{"line":48,"column":9}},"13":{"start":{"line":52,"column":6},"end":{"line":52,"column":13}},"14":{"start":{"line":53,"column":8},"end":{"line":53,"column":null}},"15":{"start":{"line":47,"column":0},"end":{"line":47,"column":16}}},"fnMap":{"0":{"name":"(anonymous_0)","decl":{"start":{"line":24,"column":2},"end":{"line":24,"column":7}},"loc":{"start":{"line":24,"column":24},"end":{"line":41,"column":null}}},"1":{"name":"(anonymous_1)","decl":{"start":{"line":26,"column":11},"end":{"line":26,"column":16}},"loc":{"start":{"line":26,"column":16},"end":{"line":40,"column":null}}},"2":{"name":"(anonymous_2)","decl":{"start":{"line":34,"column":26},"end":{"line":34,"column":null}},"loc":{"start":{"line":34,"column":25},"end":{"line":34,"column":26}}},"3":{"name":"withFormItem","decl":{"start":{"line":47,"column":16},"end":{"line":47,"column":29}},"loc":{"start":{"line":47,"column":40},"end":{"line":61,"column":null}}},"4":{"name":"(anonymous_4)","decl":{"start":{"line":51,"column":4},"end":{"line":51,"column":9}},"loc":{"start":{"line":51,"column":26},"end":{"line":59,"column":null}}},"5":{"name":"(anonymous_5)","decl":{"start":{"line":52,"column":13},"end":{"line":52,"column":18}},"loc":{"start":{"line":52,"column":18},"end":{"line":58,"column":null}}},"6":{"name":"(anonymous_6)","decl":{"start":{"line":53,"column":8},"end":{"line":53,"column":null}},"loc":{"start":{"line":53,"column":8},"end":{"line":53,"column":null}}}},"branchMap":{"0":{"loc":{"start":{"line":32,"column":11},"end":{"line":32,"column":33}},"type":"binary-expr","locations":[{"start":{"line":32,"column":11},"end":{"line":32,"column":28}},{"start":{"line":32,"column":28},"end":{"line":32,"column":33}}]},"1":{"loc":{"start":{"line":34,"column":13},"end":{"line":34,"column":19}},"type":"cond-expr","locations":[{"start":{"line":29,"column":6},"end":{"line":29,"column":null}},{"start":{"line":34,"column":13},"end":{"line":34,"column":19}}]},"2":{"loc":{"start":{"line":34,"column":13},"end":{"line":29,"column":null}},"type":"binary-expr","locations":[{"start":{"line":34,"column":13},"end":{"line":29,"column":null}},{"start":{"line":34,"column":13},"end":{"line":29,"column":null}}]}},"s":{"0":3,"1":3,"2":3,"3":3,"4":3,"5":12,"6":12,"7":18,"8":18,"9":18,"10":0,"11":3,"12":9,"13":12,"14":36,"15":3},"f":{"0":12,"1":18,"2":0,"3":9,"4":12,"5":18,"6":18},"b":{"0":[18,18],"1":[18,0],"2":[18,18]}}
,"Z:\\Project\\vue3-json-schema-form\\lib\\theme-default\\NumberWidget.tsx": {"path":"Z:\\Project\\vue3-json-schema-form\\lib\\theme-default\\NumberWidget.tsx","statementMap":{"0":{"start":{"line":1,"column":0},"end":{"line":1,"column":null}},"1":{"start":{"line":2,"column":0},"end":{"line":2,"column":null}},"2":{"start":{"line":3,"column":0},"end":{"line":3,"column":null}},"3":{"start":{"line":6,"column":2},"end":{"line":6,"column":null}},"4":{"start":{"line":10,"column":30},"end":{"line":14,"column":null}},"5":{"start":{"line":11,"column":24},"end":{"line":11,"column":null}},"6":{"start":{"line":12,"column":10},"end":{"line":12,"column":11}},"7":{"start":{"line":13,"column":10},"end":{"line":13,"column":15}},"8":{"start":{"line":15,"column":8},"end":{"line":15,"column":15}},"9":{"start":{"line":16,"column":10},"end":{"line":16,"column":null}},"10":{"start":{"line":28,"column":0},"end":{"line":28,"column":15}}},"fnMap":{"0":{"name":"(anonymous_0)","decl":{"start":{"line":9,"column":6},"end":{"line":9,"column":11}},"loc":{"start":{"line":9,"column":17},"end":{"line":24,"column":null}}},"1":{"name":"(anonymous_1)","decl":{"start":{"line":10,"column":30},"end":{"line":10,"column":40}},"loc":{"start":{"line":10,"column":40},"end":{"line":14,"column":null}}},"2":{"name":"(anonymous_2)","decl":{"start":{"line":15,"column":15},"end":{"line":15,"column":20}},"loc":{"start":{"line":15,"column":20},"end":{"line":23,"column":null}}}},"branchMap":{"0":{"loc":{"start":{"line":12,"column":27},"end":{"line":12,"column":null}},"type":"binary-expr","locations":[{"start":{"line":12,"column":27},"end":{"line":12,"column":42}},{"start":{"line":12,"column":42},"end":{"line":12,"column":null}}]}},"s":{"0":3,"1":3,"2":3,"3":3,"4":5,"5":1,"6":1,"7":1,"8":5,"9":8,"10":3},"f":{"0":5,"1":1,"2":8},"b":{"0":[1,1]}}
,"Z:\\Project\\vue3-json-schema-form\\lib\\theme-default\\Selection.tsx": {"path":"Z:\\Project\\vue3-json-schema-form\\lib\\theme-default\\Selection.tsx","statementMap":{"0":{"start":{"line":1,"column":0},"end":{"line":1,"column":null}},"1":{"start":{"line":3,"column":0},"end":{"line":3,"column":null}},"2":{"start":{"line":4,"column":0},"end":{"line":4,"column":null}},"3":{"start":{"line":7,"column":2},"end":{"line":7,"column":null}},"4":{"start":{"line":12,"column":32},"end":{"line":12,"column":36}},"5":{"start":{"line":14,"column":8},"end":{"line":14,"column":14}},"6":{"start":{"line":15,"column":10},"end":{"line":17,"column":null}},"7":{"start":{"line":16,"column":12},"end":{"line":16,"column":17}},"8":{"start":{"line":20,"column":8},"end":{"line":20,"column":null}},"9":{"start":{"line":21,"column":16},"end":{"line":21,"column":null}},"10":{"start":{"line":23,"column":12},"end":{"line":25,"column":null}},"11":{"start":{"line":24,"column":14},"end":{"line":24,"column":29}},"12":{"start":{"line":29,"column":8},"end":{"line":29,"column":20}},"13":{"start":{"line":30,"column":10},"end":{"line":30,"column":17}},"14":{"start":{"line":33,"column":8},"end":{"line":33,"column":15}},"15":{"start":{"line":34,"column":30},"end":{"line":34,"column":null}},"16":{"start":{"line":35,"column":10},"end":{"line":35,"column":null}},"17":{"start":{"line":36,"column":45},"end":{"line":35,"column":null}},"18":{"start":{"line":37,"column":27},"end":{"line":37,"column":28}},"19":{"start":{"line":47,"column":0},"end":{"line":47,"column":15}}},"fnMap":{"0":{"name":"(anonymous_0)","decl":{"start":{"line":11,"column":6},"end":{"line":11,"column":11}},"loc":{"start":{"line":11,"column":17},"end":{"line":43,"column":null}}},"1":{"name":"(anonymous_1)","decl":{"start":{"line":14,"column":32},"end":{"line":14,"column":40}},"loc":{"start":{"line":14,"column":40},"end":{"line":18,"column":null}}},"2":{"name":"(anonymous_2)","decl":{"start":{"line":21,"column":10},"end":{"line":21,"column":16}},"loc":{"start":{"line":21,"column":16},"end":{"line":21,"column":null}}},"3":{"name":"(anonymous_3)","decl":{"start":{"line":22,"column":11},"end":{"line":22,"column":16}},"loc":{"start":{"line":22,"column":16},"end":{"line":26,"column":null}}},"4":{"name":"(anonymous_4)","decl":{"start":{"line":29,"column":20},"end":{"line":29,"column":25}},"loc":{"start":{"line":29,"column":25},"end":{"line":31,"column":null}}},"5":{"name":"(anonymous_5)","decl":{"start":{"line":33,"column":15},"end":{"line":33,"column":20}},"loc":{"start":{"line":33,"column":20},"end":{"line":42,"column":null}}},"6":{"name":"(anonymous_6)","decl":{"start":{"line":35,"column":10},"end":{"line":35,"column":null}},"loc":{"start":{"line":36,"column":45},"end":{"line":35,"column":null}}},"7":{"name":"(anonymous_7)","decl":{"start":{"line":37,"column":28},"end":{"line":37,"column":null}},"loc":{"start":{"line":37,"column":27},"end":{"line":37,"column":28}}}},"branchMap":{"0":{"loc":{"start":{"line":15,"column":10},"end":{"line":17,"column":null}},"type":"if","locations":[{"start":{"line":15,"column":10},"end":{"line":17,"column":null}}]},"1":{"loc":{"start":{"line":23,"column":12},"end":{"line":25,"column":null}},"type":"if","locations":[{"start":{"line":23,"column":12},"end":{"line":25,"column":null}}]}},"s":{"0":3,"1":3,"2":3,"3":3,"4":1,"5":1,"6":0,"7":0,"8":1,"9":1,"10":0,"11":0,"12":1,"13":1,"14":1,"15":1,"16":1,"17":0,"18":3,"19":3},"f":{"0":1,"1":0,"2":1,"3":0,"4":1,"5":1,"6":0,"7":3},"b":{"0":[0],"1":[0]}}
,"Z:\\Project\\vue3-json-schema-form\\lib\\theme-default\\TextWidget.tsx": {"path":"Z:\\Project\\vue3-json-schema-form\\lib\\theme-default\\TextWidget.tsx","statementMap":{"0":{"start":{"line":1,"column":0},"end":{"line":1,"column":null}},"1":{"start":{"line":2,"column":0},"end":{"line":2,"column":null}},"2":{"start":{"line":3,"column":0},"end":{"line":3,"column":null}},"3":{"start":{"line":6,"column":2},"end":{"line":6,"column":null}},"4":{"start":{"line":11,"column":30},"end":{"line":15,"column":null}},"5":{"start":{"line":12,"column":24},"end":{"line":12,"column":null}},"6":{"start":{"line":13,"column":10},"end":{"line":13,"column":11}},"7":{"start":{"line":14,"column":10},"end":{"line":14,"column":15}},"8":{"start":{"line":17,"column":25},"end":{"line":17,"column":34}},"9":{"start":{"line":18,"column":10},"end":{"line":18,"column":17}},"10":{"start":{"line":23,"column":8},"end":{"line":23,"column":15}},"11":{"start":{"line":24,"column":10},"end":{"line":24,"column":null}},"12":{"start":{"line":37,"column":0},"end":{"line":37,"column":15}}},"fnMap":{"0":{"name":"(anonymous_0)","decl":{"start":{"line":10,"column":6},"end":{"line":10,"column":11}},"loc":{"start":{"line":10,"column":17},"end":{"line":33,"column":null}}},"1":{"name":"(anonymous_1)","decl":{"start":{"line":11,"column":30},"end":{"line":11,"column":40}},"loc":{"start":{"line":11,"column":40},"end":{"line":15,"column":null}}},"2":{"name":"(anonymous_2)","decl":{"start":{"line":17,"column":34},"end":{"line":17,"column":39}},"loc":{"start":{"line":17,"column":39},"end":{"line":21,"column":null}}},"3":{"name":"(anonymous_3)","decl":{"start":{"line":23,"column":15},"end":{"line":23,"column":20}},"loc":{"start":{"line":23,"column":20},"end":{"line":32,"column":null}}}},"branchMap":{"0":{"loc":{"start":{"line":13,"column":27},"end":{"line":13,"column":null}},"type":"binary-expr","locations":[{"start":{"line":13,"column":27},"end":{"line":13,"column":42}},{"start":{"line":13,"column":42},"end":{"line":13,"column":null}}]},"1":{"loc":{"start":{"line":19,"column":20},"end":{"line":19,"column":null}},"type":"binary-expr","locations":[{"start":{"line":19,"column":20},"end":{"line":19,"column":37}},{"start":{"line":19,"column":37},"end":{"line":19,"column":61}},{"start":{"line":19,"column":61},"end":{"line":19,"column":null}}]}},"s":{"0":3,"1":3,"2":3,"3":3,"4":6,"5":0,"6":0,"7":0,"8":6,"9":9,"10":6,"11":9,"12":3},"f":{"0":6,"1":0,"2":9,"3":9},"b":{"0":[0,0],"1":[9,9,9]}}
,"Z:\\Project\\vue3-json-schema-form\\lib\\theme-default\\index.tsx": {"path":"Z:\\Project\\vue3-json-schema-form\\lib\\theme-default\\index.tsx","statementMap":{"0":{"start":{"line":1,"column":0},"end":{"line":1,"column":null}},"1":{"start":{"line":2,"column":0},"end":{"line":2,"column":null}},"2":{"start":{"line":3,"column":0},"end":{"line":3,"column":null}},"3":{"start":{"line":5,"column":0},"end":{"line":5,"column":15}}},"fnMap":{},"branchMap":{},"s":{"0":3,"1":3,"2":3,"3":3},"f":{},"b":{}}
,"Z:\\Project\\vue3-json-schema-form\\lib\\widgets\\Selection.tsx": {"path":"Z:\\Project\\vue3-json-schema-form\\lib\\widgets\\Selection.tsx","statementMap":{"0":{"start":{"line":1,"column":0},"end":{"line":1,"column":null}},"1":{"start":{"line":3,"column":0},"end":{"line":3,"column":15}},"2":{"start":{"line":22,"column":28},"end":{"line":22,"column":32}},"3":{"start":{"line":24,"column":4},"end":{"line":24,"column":10}},"4":{"start":{"line":25,"column":6},"end":{"line":27,"column":null}},"5":{"start":{"line":26,"column":8},"end":{"line":26,"column":13}},"6":{"start":{"line":30,"column":4},"end":{"line":30,"column":null}},"7":{"start":{"line":31,"column":12},"end":{"line":31,"column":null}},"8":{"start":{"line":33,"column":8},"end":{"line":35,"column":null}},"9":{"start":{"line":34,"column":10},"end":{"line":34,"column":25}},"10":{"start":{"line":39,"column":4},"end":{"line":39,"column":16}},"11":{"start":{"line":40,"column":6},"end":{"line":40,"column":13}},"12":{"start":{"line":43,"column":4},"end":{"line":43,"column":11}},"13":{"start":{"line":44,"column":26},"end":{"line":44,"column":null}},"14":{"start":{"line":45,"column":6},"end":{"line":45,"column":null}},"15":{"start":{"line":46,"column":41},"end":{"line":45,"column":null}},"16":{"start":{"line":47,"column":23},"end":{"line":47,"column":24}}},"fnMap":{"0":{"name":"(anonymous_0)","decl":{"start":{"line":21,"column":2},"end":{"line":21,"column":7}},"loc":{"start":{"line":21,"column":13},"end":{"line":53,"column":null}}},"1":{"name":"(anonymous_1)","decl":{"start":{"line":24,"column":28},"end":{"line":24,"column":36}},"loc":{"start":{"line":24,"column":36},"end":{"line":28,"column":null}}},"2":{"name":"(anonymous_2)","decl":{"start":{"line":31,"column":6},"end":{"line":31,"column":12}},"loc":{"start":{"line":31,"column":12},"end":{"line":31,"column":null}}},"3":{"name":"(anonymous_3)","decl":{"start":{"line":32,"column":7},"end":{"line":32,"column":12}},"loc":{"start":{"line":32,"column":12},"end":{"line":36,"column":null}}},"4":{"name":"(anonymous_4)","decl":{"start":{"line":39,"column":16},"end":{"line":39,"column":21}},"loc":{"start":{"line":39,"column":21},"end":{"line":41,"column":null}}},"5":{"name":"(anonymous_5)","decl":{"start":{"line":43,"column":11},"end":{"line":43,"column":16}},"loc":{"start":{"line":43,"column":16},"end":{"line":52,"column":null}}},"6":{"name":"(anonymous_6)","decl":{"start":{"line":45,"column":6},"end":{"line":45,"column":null}},"loc":{"start":{"line":46,"column":41},"end":{"line":45,"column":null}}},"7":{"name":"(anonymous_7)","decl":{"start":{"line":47,"column":24},"end":{"line":47,"column":null}},"loc":{"start":{"line":47,"column":23},"end":{"line":47,"column":24}}}},"branchMap":{"0":{"loc":{"start":{"line":25,"column":6},"end":{"line":27,"column":null}},"type":"if","locations":[{"start":{"line":25,"column":6},"end":{"line":27,"column":null}}]},"1":{"loc":{"start":{"line":33,"column":8},"end":{"line":35,"column":null}},"type":"if","locations":[{"start":{"line":33,"column":8},"end":{"line":35,"column":null}}]}},"s":{"0":3,"1":3,"2":0,"3":0,"4":0,"5":0,"6":0,"7":0,"8":0,"9":0,"10":0,"11":0,"12":0,"13":0,"14":0,"15":0,"16":0},"f":{"0":0,"1":0,"2":0,"3":0,"4":0,"5":0,"6":0,"7":0},"b":{"0":[0],"1":[0]}}
,"Z:\\Project\\vue3-json-schema-form\\tests\\unit\\utils\\TestComponent.tsx": {"path":"Z:\\Project\\vue3-json-schema-form\\tests\\unit\\utils\\TestComponent.tsx","statementMap":{"0":{"start":{"line":1,"column":0},"end":{"line":1,"column":null}},"1":{"start":{"line":2,"column":0},"end":{"line":2,"column":null}},"2":{"start":{"line":3,"column":0},"end":{"line":3,"column":null}},"3":{"start":{"line":8,"column":13},"end":{"line":8,"column":36}},"4":{"start":{"line":10,"column":4},"end":{"line":10,"column":11}},"5":{"start":{"line":10,"column":11},"end":{"line":10,"column":null}},"6":{"start":{"line":18,"column":0},"end":{"line":18,"column":15}},"7":{"start":{"line":34,"column":4},"end":{"line":34,"column":11}},"8":{"start":{"line":34,"column":11},"end":{"line":34,"column":null}}},"fnMap":{"0":{"name":"(anonymous_7)","decl":{"start":{"line":9,"column":2},"end":{"line":9,"column":7}},"loc":{"start":{"line":9,"column":20},"end":{"line":15,"column":null}}},"1":{"name":"(anonymous_8)","decl":{"start":{"line":10,"column":11},"end":{"line":10,"column":null}},"loc":{"start":{"line":10,"column":11},"end":{"line":10,"column":null}}},"2":{"name":"(anonymous_10)","decl":{"start":{"line":33,"column":2},"end":{"line":33,"column":7}},"loc":{"start":{"line":33,"column":13},"end":{"line":39,"column":null}}},"3":{"name":"(anonymous_11)","decl":{"start":{"line":34,"column":11},"end":{"line":34,"column":null}},"loc":{"start":{"line":34,"column":11},"end":{"line":34,"column":null}}}},"branchMap":{"0":{"loc":{"start":{"line":12,"column":9},"end":{"line":12,"column":31}},"type":"binary-expr","locations":[{"start":{"line":12,"column":9},"end":{"line":12,"column":26}},{"start":{"line":12,"column":26},"end":{"line":12,"column":31}}]}},"s":{"0":3,"1":3,"2":3,"3":3,"4":7,"5":14,"6":3,"7":7,"8":14},"f":{"0":7,"1":14,"2":7,"3":14},"b":{"0":[7,7]}}
}
