TN:
SF:lib\SchemaForm.tsx
FN:77,(anonymous_1)
FN:80,(anonymous_2)
FN:90,(anonymous_3)
FN:99,(anonymous_4)
FN:111,(anonymous_5)
FN:112,(anonymous_6)
FN:122,doValidate
FN:138,(anonymous_8)
FN:139,(anonymous_9)
FN:142,(anonymous_10)
FN:143,(anonymous_11)
FN:156,(anonymous_12)
FN:160,(anonymous_13)
FN:165,(anonymous_14)
FN:175,(anonymous_15)
FN:181,(anonymous_16)
FN:183,(anonymous_17)
FN:191,(anonymous_18)
FN:203,(anonymous_19)
FNF:19
FNH:10
FNDA:7,(anonymous_1)
FNDA:7,(anonymous_2)
FNDA:0,(anonymous_3)
FNDA:0,(anonymous_4)
FNDA:10,(anonymous_5)
FNDA:3,(anonymous_6)
FNDA:0,doValidate
FNDA:7,(anonymous_8)
FNDA:7,(anonymous_9)
FNDA:0,(anonymous_10)
FNDA:0,(anonymous_11)
FNDA:4,(anonymous_12)
FNDA:0,(anonymous_13)
FNDA:0,(anonymous_14)
FNDA:7,(anonymous_15)
FNDA:0,(anonymous_16)
FNDA:0,(anonymous_17)
FNDA:20,(anonymous_18)
FNDA:7,(anonymous_19)
DA:1,3
DA:12,3
DA:13,3
DA:21,3
DA:22,3
DA:31,3
DA:36,3
DA:78,7
DA:80,7
DA:81,7
DA:86,7
DA:87,0
DA:90,0
DA:91,0
DA:95,7
DA:96,0
DA:99,0
DA:100,0
DA:105,7
DA:107,7
DA:108,7
DA:110,7
DA:111,10
DA:113,3
DA:114,0
DA:123,0
DA:124,0
DA:131,0
DA:132,0
DA:133,0
DA:134,0
DA:137,7
DA:138,7
DA:140,7
DA:141,0
DA:143,0
DA:144,0
DA:145,0
DA:156,7
DA:157,4
DA:160,7
DA:161,0
DA:162,0
DA:165,0
DA:167,0
DA:168,0
DA:171,0
DA:175,7
DA:176,7
DA:177,0
DA:181,0
DA:182,0
DA:183,0
DA:184,0
DA:185,0
DA:188,0
DA:191,20
DA:194,7
DA:201,7
DA:203,7
DA:204,7
DA:205,7
LF:62
LH:32
BRDA:86,0,0,0
BRDA:87,1,0,0
BRDA:87,1,1,0
BRDA:95,2,0,0
BRDA:96,3,0,0
BRDA:96,3,1,0
BRDA:113,4,0,0
BRDA:131,5,0,0
BRDA:140,6,0,0
BRDA:161,7,0,0
BRDA:161,7,1,0
BRDA:162,8,0,0
BRDA:162,8,1,0
BRDA:176,9,0,0
BRDA:177,10,0,0
BRDA:177,10,1,0
BRDA:184,11,0,0
BRDA:211,12,0,7
BRDA:211,12,1,7
BRDA:212,13,0,7
BRDA:212,13,1,0
BRF:21
BRH:3
end_of_record
TN:
SF:lib\SchemaItem.tsx
FN:13,(anonymous_1)
FN:16,(anonymous_2)
FN:23,(anonymous_3)
FNF:3
FNH:3
FNDA:17,(anonymous_1)
FNDA:20,(anonymous_2)
FNDA:23,(anonymous_3)
DA:1,3
DA:2,3
DA:3,3
DA:4,3
DA:5,3
DA:6,3
DA:7,3
DA:8,3
DA:10,3
DA:14,17
DA:16,17
DA:17,20
DA:18,20
DA:23,17
DA:24,23
DA:26,23
DA:30,23
DA:33,23
DA:35,9
DA:36,9
DA:39,8
DA:40,8
DA:43,3
DA:44,3
DA:47,3
DA:48,3
DA:51,0
DA:55,23
LF:28
LH:27
BRDA:33,0,0,9
BRDA:33,0,1,8
BRDA:33,0,2,3
BRDA:33,0,3,3
BRDA:33,0,4,0
BRF:5
BRH:4
end_of_record
TN:
SF:lib\context.ts
FN:6,useVJSFContext
FNF:1
FNH:1
FNDA:40,useVJSFContext
DA:1,3
DA:4,3
DA:6,3
DA:14,40
DA:16,40
DA:17,0
DA:20,40
LF:7
LH:6
BRDA:16,0,0,0
BRF:1
BRH:0
end_of_record
TN:
SF:lib\index.ts
FNF:0
FNH:0
DA:1,3
DA:2,3
DA:3,3
DA:4,3
DA:5,3
DA:6,3
DA:8,3
DA:10,3
DA:12,3
LF:9
LH:9
BRF:0
BRH:0
end_of_record
TN:
SF:lib\theme.tsx
FN:31,(anonymous_0)
FN:32,(anonymous_1)
FN:36,(anonymous_2)
FN:40,getWidget
FN:64,(anonymous_4)
FNF:5
FNH:5
FNDA:7,(anonymous_0)
FNDA:7,(anonymous_1)
FNDA:7,(anonymous_2)
FNDA:17,getWidget
FNDA:17,(anonymous_4)
DA:1,3
DA:2,3
DA:19,3
DA:21,3
DA:23,3
DA:32,7
DA:34,7
DA:36,7
DA:40,3
DA:44,17
DA:46,17
DA:47,9
DA:48,9
DA:49,0
DA:51,9
DA:52,0
DA:53,0
DA:59,17
DA:60,17
DA:61,0
DA:64,17
DA:65,17
DA:68,17
DA:71,3
LF:24
LH:20
BRDA:36,0,0,7
BRDA:36,0,1,7
BRDA:46,1,0,9
BRDA:48,2,0,0
BRDA:48,3,0,9
BRDA:48,3,1,9
BRDA:48,3,2,9
BRDA:48,3,3,0
BRDA:51,4,0,0
BRDA:52,5,0,0
BRDA:60,6,0,0
BRF:11
BRH:6
end_of_record
TN:
SF:lib\types.ts
FN:5,(anonymous_0)
FN:119,(anonymous_1)
FN:123,(anonymous_2)
FNF:3
FNH:3
FNDA:3,(anonymous_0)
FNDA:3,(anonymous_1)
FNDA:3,(anonymous_2)
DA:5,3
DA:6,3
DA:7,3
DA:8,3
DA:9,3
DA:10,3
DA:11,3
DA:54,3
DA:82,3
DA:100,3
DA:119,3
DA:120,3
DA:123,3
DA:124,3
DA:125,3
LF:15
LH:15
BRDA:5,0,0,3
BRDA:5,0,1,3
BRDA:119,1,0,3
BRDA:119,1,1,3
BRDA:123,2,0,3
BRDA:123,2,1,3
BRF:6
BRH:6
end_of_record
TN:
SF:lib\utils.ts
FN:9,isObject
FN:13,isEmptyObject
FN:17,hasOwnProperty
FN:30,validateData
FN:39,resolveSchema
FN:48,(anonymous_6)
FN:58,retrieveSchema
FN:98,stubExistingAdditionalProperties
FN:109,(anonymous_9)
FN:150,resolveReference
FN:159,findSchemaDefinition
FN:178,resolveDependencies
FN:198,processDependencies
FN:240,withDependentProperties
FN:250,withDependentSchema
FN:271,(anonymous_16)
FN:285,withExactlyOneSubschema
FN:292,(anonymous_18)
FN:332,mergeSchemas
FN:334,(anonymous_20)
FN:366,getSchemaType
FN:383,(anonymous_22)
FN:415,guessType
FN:433,isConstant
FN:440,isSelect
FN:446,(anonymous_26)
FN:451,isMultiSelect
FN:459,getMatchingOption
FN:478,(anonymous_29)
FN:518,mergeDefaultsWithFormData
FN:523,(anonymous_31)
FN:531,(anonymous_32)
FN:543,getDefaultFormState
FNF:33
FNH:4
FNDA:29,isObject
FNDA:0,isEmptyObject
FNDA:60,hasOwnProperty
FNDA:0,validateData
FNDA:20,resolveSchema
FNDA:0,(anonymous_6)
FNDA:20,retrieveSchema
FNDA:0,stubExistingAdditionalProperties
FNDA:0,(anonymous_9)
FNDA:0,resolveReference
FNDA:0,findSchemaDefinition
FNDA:0,resolveDependencies
FNDA:0,processDependencies
FNDA:0,withDependentProperties
FNDA:0,withDependentSchema
FNDA:0,(anonymous_16)
FNDA:0,withExactlyOneSubschema
FNDA:0,(anonymous_18)
FNDA:0,mergeSchemas
FNDA:0,(anonymous_20)
FNDA:0,getSchemaType
FNDA:0,(anonymous_22)
FNDA:0,guessType
FNDA:0,isConstant
FNDA:0,isSelect
FNDA:0,(anonymous_26)
FNDA:0,isMultiSelect
FNDA:0,getMatchingOption
FNDA:0,(anonymous_29)
FNDA:0,mergeDefaultsWithFormData
FNDA:0,(anonymous_31)
FNDA:0,(anonymous_32)
FNDA:0,getDefaultFormState
DA:1,3
DA:5,3
DA:6,3
DA:7,3
DA:9,3
DA:10,29
DA:13,3
DA:14,0
DA:17,3
DA:22,60
DA:29,3
DA:30,3
DA:31,0
DA:32,0
DA:39,3
DA:40,20
DA:41,0
DA:42,20
DA:43,0
DA:44,0
DA:45,20
DA:46,0
DA:49,0
DA:54,20
DA:58,3
DA:63,20
DA:64,0
DA:66,20
DA:69,20
DA:70,0
DA:71,0
DA:77,0
DA:78,0
DA:79,0
DA:83,20
DA:85,20
DA:87,0
DA:93,20
DA:96,3
DA:98,3
DA:104,0
DA:109,0
DA:110,0
DA:112,0
DA:116,0
DA:117,0
DA:122,0
DA:123,0
DA:125,0
DA:129,0
DA:131,0
DA:134,0
DA:152,0
DA:154,0
DA:156,0
DA:159,3
DA:160,0
DA:161,0
DA:163,0
DA:165,0
DA:167,0
DA:168,0
DA:169,0
DA:171,0
DA:173,0
DA:175,0
DA:184,0
DA:185,0
DA:186,0
DA:190,0
DA:191,0
DA:196,0
DA:205,0
DA:207,0
DA:208,0
DA:211,0
DA:215,0
DA:218,0
DA:219,0
DA:220,0
DA:221,0
DA:222,0
DA:230,0
DA:237,0
DA:241,0
DA:242,0
DA:244,0
DA:247,0
DA:258,0
DA:263,0
DA:265,0
DA:266,0
DA:267,0
DA:268,0
DA:271,0
DA:272,0
DA:276,0
DA:292,0
DA:293,0
DA:294,0
DA:296,0
DA:297,0
DA:298,0
DA:305,0
DA:306,0
DA:309,0
DA:310,0
DA:313,0
DA:316,0
DA:318,0
DA:319,0
DA:320,0
DA:332,3
DA:333,0
DA:334,0
DA:335,0
DA:336,0
DA:337,0
DA:338,0
DA:339,0
DA:349,0
DA:351,0
DA:353,0
DA:366,3
DA:367,0
DA:369,0
DA:370,0
DA:373,0
DA:374,0
DA:377,0
DA:378,0
DA:381,0
DA:382,0
DA:383,0
DA:386,0
DA:415,3
DA:416,0
DA:417,0
DA:418,0
DA:419,0
DA:420,0
DA:421,0
DA:422,0
DA:423,0
DA:424,0
DA:425,0
DA:426,0
DA:427,0
DA:430,0
DA:433,3
DA:434,0
DA:440,3
DA:441,0
DA:442,0
DA:443,0
DA:444,0
DA:445,0
DA:446,0
DA:448,0
DA:451,3
DA:452,0
DA:453,0
DA:455,0
DA:459,3
DA:464,0
DA:465,0
DA:474,0
DA:477,0
DA:478,0
DA:486,0
DA:488,0
DA:490,0
DA:491,0
DA:494,0
DA:497,0
DA:499,0
DA:501,0
DA:506,0
DA:508,0
DA:509,0
DA:511,0
DA:512,0
DA:515,0
DA:518,3
DA:519,0
DA:520,0
DA:521,0
DA:523,0
DA:524,0
DA:525,0
DA:527,0
DA:529,0
DA:530,0
DA:531,0
DA:532,0
DA:536,0
DA:539,0
DA:543,3
DA:549,0
DA:550,0
DA:553,0
DA:562,0
DA:564,0
DA:566,0
DA:567,0
DA:569,0
DA:570,0
DA:572,0
LF:208
LH:35
BRDA:10,0,0,29
BRDA:10,0,1,29
BRDA:10,0,2,29
BRDA:14,1,0,0
BRDA:14,1,1,0
BRDA:39,2,0,0
BRDA:39,3,0,0
BRDA:40,4,0,0
BRDA:40,4,1,20
BRDA:42,5,0,0
BRDA:42,5,1,20
BRDA:45,6,0,0
BRDA:45,6,1,20
BRDA:45,7,0,20
BRDA:45,7,1,0
BRDA:60,8,0,0
BRDA:61,9,0,8
BRDA:63,10,0,0
BRDA:69,11,0,0
BRDA:83,12,0,20
BRDA:83,12,1,0
BRDA:85,13,0,0
BRDA:100,14,0,0
BRDA:101,15,0,0
BRDA:110,16,0,0
BRDA:116,17,0,0
BRDA:116,17,1,0
BRDA:122,18,0,0
BRDA:122,18,1,0
BRDA:159,19,0,0
BRDA:161,20,0,0
BRDA:161,20,1,0
BRDA:168,21,0,0
BRDA:171,22,0,0
BRDA:184,23,0,0
BRDA:185,24,0,0
BRDA:185,24,1,0
BRDA:190,25,0,0
BRDA:207,26,0,0
BRDA:211,27,0,0
BRDA:212,28,0,0
BRDA:212,28,1,0
BRDA:219,29,0,0
BRDA:219,29,1,0
BRDA:221,30,0,0
BRDA:241,31,0,0
BRDA:244,32,0,0
BRDA:244,32,1,0
BRDA:265,33,0,0
BRDA:265,33,1,0
BRDA:267,34,0,0
BRDA:272,35,0,0
BRDA:272,35,1,0
BRDA:293,36,0,0
BRDA:297,37,0,0
BRDA:306,38,0,0
BRDA:306,38,1,0
BRDA:309,39,0,0
BRDA:335,40,0,0
BRDA:335,40,1,0
BRDA:337,41,0,0
BRDA:337,41,1,0
BRDA:337,42,0,0
BRDA:337,42,1,0
BRDA:337,42,2,0
BRDA:339,43,0,0
BRDA:339,43,1,0
BRDA:340,44,0,0
BRDA:340,44,1,0
BRDA:340,44,2,0
BRDA:340,44,3,0
BRDA:340,44,4,0
BRDA:340,44,5,0
BRDA:340,44,6,0
BRDA:369,45,0,0
BRDA:369,46,0,0
BRDA:369,46,1,0
BRDA:373,47,0,0
BRDA:373,48,0,0
BRDA:373,48,1,0
BRDA:377,49,0,0
BRDA:377,50,0,0
BRDA:377,50,1,0
BRDA:377,50,2,0
BRDA:382,51,0,0
BRDA:382,52,0,0
BRDA:382,52,1,0
BRDA:382,52,2,0
BRDA:416,53,0,0
BRDA:416,53,1,0
BRDA:418,54,0,0
BRDA:418,54,1,0
BRDA:420,55,0,0
BRDA:420,55,1,0
BRDA:422,56,0,0
BRDA:422,56,1,0
BRDA:424,57,0,0
BRDA:424,57,1,0
BRDA:426,58,0,0
BRDA:435,59,0,0
BRDA:435,59,1,0
BRDA:435,59,2,0
BRDA:440,60,0,0
BRDA:442,61,0,0
BRDA:442,61,1,0
BRDA:443,62,0,0
BRDA:443,62,1,0
BRDA:445,63,0,0
BRDA:451,64,0,0
BRDA:452,65,0,0
BRDA:452,66,0,0
BRDA:452,66,1,0
BRDA:474,67,0,0
BRDA:474,67,1,0
BRDA:486,68,0,0
BRDA:486,68,1,0
BRDA:490,69,0,0
BRDA:490,69,1,0
BRDA:508,70,0,0
BRDA:511,71,0,0
BRDA:519,72,0,0
BRDA:519,72,1,0
BRDA:520,73,0,0
BRDA:524,74,0,0
BRDA:529,75,0,0
BRDA:529,75,1,0
BRDA:533,76,0,0
BRDA:533,76,1,0
BRDA:549,77,0,0
BRDA:562,78,0,0
BRDA:566,79,0,0
BRDA:566,80,0,0
BRDA:566,80,1,0
BRDA:569,81,0,0
BRDA:569,82,0,0
BRDA:569,82,1,0
BRDA:569,82,2,0
BRDA:572,83,0,0
BRDA:572,83,1,0
BRF:139
BRH:9
end_of_record
TN:
SF:lib\validator.ts
FN:23,toErrorSchema
FN:26,(anonymous_2)
FN:63,transformErrors
FN:67,(anonymous_4)
FN:79,validateFormData
FN:126,createErrorProxy
FN:129,(anonymous_7)
FN:131,(anonymous_8)
FN:152,mergeObjects
FN:155,(anonymous_10)
FNF:10
FNH:0
FNDA:0,toErrorSchema
FNDA:0,(anonymous_2)
FNDA:0,transformErrors
FNDA:0,(anonymous_4)
FNDA:0,validateFormData
FNDA:0,createErrorProxy
FNDA:0,(anonymous_7)
FNDA:0,(anonymous_8)
FNDA:0,mergeObjects
FNDA:0,(anonymous_10)
DA:3,3
DA:4,3
DA:5,3
DA:24,0
DA:26,0
DA:27,0
DA:28,0
DA:29,0
DA:33,0
DA:34,0
DA:42,0
DA:43,0
DA:44,0
DA:46,0
DA:49,0
DA:53,0
DA:55,0
DA:56,0
DA:59,0
DA:64,0
DA:66,0
DA:68,0
DA:79,3
DA:86,0
DA:87,0
DA:88,0
DA:90,0
DA:93,0
DA:94,0
DA:96,0
DA:97,0
DA:105,0
DA:107,0
DA:108,0
DA:115,0
DA:116,0
DA:117,0
DA:119,0
DA:127,0
DA:128,0
DA:130,0
DA:131,0
DA:132,0
DA:133,0
DA:134,0
DA:136,0
DA:140,0
DA:141,0
DA:142,0
DA:143,0
DA:144,0
DA:147,0
DA:152,3
DA:154,0
DA:155,0
DA:156,0
DA:157,0
DA:158,0
DA:159,0
DA:160,0
DA:161,0
DA:163,0
DA:165,0
LF:63
LH:5
BRDA:24,0,0,0
BRDA:33,1,0,0
BRDA:33,2,0,0
BRDA:33,2,1,0
BRDA:43,3,0,0
BRDA:49,4,0,0
BRDA:49,4,1,0
BRDA:53,5,0,0
BRDA:53,5,1,0
BRDA:55,6,0,0
BRDA:64,7,0,0
BRDA:64,8,0,0
BRDA:64,8,1,0
BRDA:83,9,0,0
BRDA:96,10,0,0
BRDA:107,11,0,0
BRDA:130,12,0,0
BRDA:133,13,0,0
BRDA:133,13,1,0
BRDA:133,14,0,0
BRDA:133,14,1,0
BRDA:141,15,0,0
BRDA:152,16,0,0
BRDA:156,17,0,0
BRDA:156,17,1,0
BRDA:158,18,0,0
BRDA:158,18,1,0
BRDA:158,19,0,0
BRDA:158,19,1,0
BRDA:158,19,2,0
BRDA:160,20,0,0
BRDA:160,20,1,0
BRDA:160,21,0,0
BRDA:160,21,1,0
BRDA:160,21,2,0
BRF:35
BRH:0
end_of_record
TN:
SF:lib\fields\ArrayField.tsx
FN:51,(anonymous_0)
FN:54,(anonymous_1)
FN:55,(anonymous_2)
FN:56,(anonymous_3)
FN:57,(anonymous_4)
FN:58,(anonymous_5)
FN:87,(anonymous_6)
FN:89,(anonymous_7)
FN:97,(anonymous_8)
FN:105,(anonymous_9)
FN:113,(anonymous_10)
FN:124,(anonymous_11)
FN:138,(anonymous_12)
FN:152,(anonymous_13)
FN:160,(anonymous_14)
FN:168,(anonymous_15)
FN:169,(anonymous_16)
FN:184,(anonymous_17)
FN:193,(anonymous_18)
FNF:19
FNH:8
FNDA:2,(anonymous_0)
FNDA:0,(anonymous_1)
FNDA:0,(anonymous_2)
FNDA:0,(anonymous_3)
FNDA:0,(anonymous_4)
FNDA:2,(anonymous_5)
FNDA:3,(anonymous_6)
FNDA:0,(anonymous_7)
FNDA:0,(anonymous_8)
FNDA:0,(anonymous_9)
FNDA:0,(anonymous_10)
FNDA:0,(anonymous_11)
FNDA:3,(anonymous_12)
FNDA:2,(anonymous_13)
FNDA:0,(anonymous_14)
FNDA:2,(anonymous_15)
FNDA:2,(anonymous_16)
FNDA:0,(anonymous_17)
FNDA:3,(anonymous_18)
DA:1,3
DA:2,3
DA:3,3
DA:4,3
DA:5,3
DA:8,3
DA:27,3
DA:52,2
DA:54,2
DA:55,2
DA:56,2
DA:57,2
DA:58,2
DA:59,2
DA:61,2
DA:84,3
DA:88,3
DA:89,3
DA:90,0
DA:91,0
DA:93,0
DA:94,0
DA:97,3
DA:98,0
DA:99,0
DA:101,0
DA:103,0
DA:105,3
DA:106,0
DA:107,0
DA:109,0
DA:111,0
DA:113,3
DA:114,0
DA:116,0
DA:117,0
DA:119,0
DA:120,0
DA:122,0
DA:124,3
DA:125,0
DA:126,0
DA:128,0
DA:130,0
DA:131,0
DA:133,0
DA:136,3
DA:138,3
DA:139,3
DA:140,3
DA:142,3
DA:143,3
DA:145,3
DA:149,3
DA:150,1
DA:151,1
DA:152,2
DA:160,0
DA:163,2
DA:166,1
DA:168,1
DA:169,4
DA:184,0
DA:192,1
DA:193,3
DA:197,1
LF:66
LH:40
BRDA:77,0,0,2
BRDA:77,0,1,2
BRDA:91,1,0,0
BRDA:91,1,1,0
BRDA:99,2,0,0
BRDA:99,2,1,0
BRDA:107,3,0,0
BRDA:107,3,1,0
BRDA:114,4,0,0
BRDA:117,5,0,0
BRDA:117,5,1,0
BRDA:126,6,0,0
BRDA:126,6,1,0
BRDA:128,7,0,0
BRDA:143,8,0,3
BRDA:143,8,1,3
BRDA:149,9,0,1
BRDA:149,9,1,2
BRDA:151,10,0,1
BRDA:151,10,1,0
BRDA:152,11,0,1
BRDA:152,11,1,0
BRDA:155,12,0,0
BRDA:155,12,1,2
BRDA:155,13,0,0
BRDA:155,13,1,0
BRDA:159,14,0,2
BRDA:159,14,1,2
BRDA:163,15,0,1
BRDA:163,15,1,1
BRDA:166,16,0,1
BRDA:166,16,1,0
BRDA:179,17,0,2
BRDA:179,17,1,2
BRDA:183,18,0,2
BRDA:183,18,1,2
BRF:36
BRH:18
end_of_record
TN:
SF:lib\fields\NumberField.tsx
FN:8,(anonymous_0)
FN:9,(anonymous_1)
FN:21,(anonymous_2)
FNF:3
FNH:3
FNDA:5,(anonymous_0)
FNDA:1,(anonymous_1)
FNDA:8,(anonymous_2)
DA:1,3
DA:2,3
DA:3,3
DA:5,3
DA:9,5
DA:10,1
DA:12,1
DA:13,0
DA:15,1
DA:19,5
DA:21,5
DA:22,8
DA:23,8
DA:24,8
LF:14
LH:13
BRDA:12,0,0,0
BRDA:12,0,1,1
BRF:2
BRH:1
end_of_record
TN:
SF:lib\fields\ObjectField.tsx
FN:9,(anonymous_0)
FN:12,(anonymous_1)
FN:24,(anonymous_2)
FN:33,(anonymous_3)
FN:40,(anonymous_4)
FNF:5
FNH:5
FNDA:3,(anonymous_0)
FNDA:3,(anonymous_1)
FNDA:6,(anonymous_2)
FNDA:12,(anonymous_3)
FNDA:3,(anonymous_4)
DA:1,3
DA:2,3
DA:3,3
DA:4,3
DA:6,3
DA:10,3
DA:12,3
DA:13,3
DA:15,3
DA:16,1
DA:18,2
DA:21,3
DA:24,3
DA:25,6
DA:27,6
DA:29,6
DA:31,6
DA:33,12
DA:40,3
LF:19
LH:19
BRDA:13,0,0,3
BRDA:13,0,1,0
BRDA:15,1,0,1
BRDA:15,1,1,2
BRDA:29,2,0,6
BRDA:29,2,1,0
BRDA:31,3,0,6
BRDA:31,3,1,0
BRDA:36,4,0,0
BRDA:36,4,1,12
BRDA:36,5,0,0
BRDA:36,5,1,0
BRDA:41,6,0,12
BRDA:41,6,1,12
BRF:14
BRH:8
end_of_record
TN:
SF:lib\fields\StringField.tsx
FN:10,(anonymous_0)
FN:11,(anonymous_1)
FN:14,(anonymous_2)
FN:18,(anonymous_3)
FN:22,(anonymous_4)
FNF:5
FNH:4
FNDA:6,(anonymous_0)
FNDA:0,(anonymous_1)
FNDA:9,(anonymous_2)
FNDA:9,(anonymous_3)
FNDA:9,(anonymous_4)
DA:1,3
DA:3,3
DA:5,3
DA:7,3
DA:11,6
DA:12,0
DA:14,6
DA:15,9
DA:16,9
DA:18,6
DA:19,9
DA:20,9
DA:22,6
DA:23,9
DA:25,9
DA:26,9
LF:16
LH:15
BRF:0
BRH:0
end_of_record
TN:
SF:lib\theme-default\FormItem.tsx
FN:24,(anonymous_0)
FN:26,(anonymous_1)
FN:34,(anonymous_2)
FN:47,withFormItem
FN:51,(anonymous_4)
FN:52,(anonymous_5)
FN:53,(anonymous_6)
FNF:7
FNH:6
FNDA:12,(anonymous_0)
FNDA:18,(anonymous_1)
FNDA:0,(anonymous_2)
FNDA:9,withFormItem
FNDA:12,(anonymous_4)
FNDA:18,(anonymous_5)
FNDA:18,(anonymous_6)
DA:1,3
DA:2,3
DA:4,3
DA:6,3
DA:21,3
DA:25,12
DA:26,12
DA:27,18
DA:28,18
DA:29,18
DA:34,0
DA:44,3
DA:47,3
DA:48,9
DA:52,12
DA:53,36
LF:16
LH:15
BRDA:32,0,0,18
BRDA:32,0,1,18
BRDA:34,1,0,18
BRDA:34,1,1,0
BRDA:34,2,0,18
BRDA:34,2,1,18
BRF:6
BRH:5
end_of_record
TN:
SF:lib\theme-default\NumberWidget.tsx
FN:9,(anonymous_0)
FN:10,(anonymous_1)
FN:15,(anonymous_2)
FNF:3
FNH:3
FNDA:5,(anonymous_0)
FNDA:1,(anonymous_1)
FNDA:8,(anonymous_2)
DA:1,3
DA:2,3
DA:3,3
DA:6,3
DA:10,5
DA:11,1
DA:12,1
DA:13,1
DA:15,5
DA:16,8
DA:28,3
LF:11
LH:11
BRDA:12,0,0,1
BRDA:12,0,1,1
BRF:2
BRH:2
end_of_record
TN:
SF:lib\theme-default\Selection.tsx
FN:11,(anonymous_0)
FN:14,(anonymous_1)
FN:21,(anonymous_2)
FN:22,(anonymous_3)
FN:29,(anonymous_4)
FN:33,(anonymous_5)
FN:35,(anonymous_6)
FN:37,(anonymous_7)
FNF:8
FNH:5
FNDA:1,(anonymous_0)
FNDA:0,(anonymous_1)
FNDA:1,(anonymous_2)
FNDA:0,(anonymous_3)
FNDA:1,(anonymous_4)
FNDA:1,(anonymous_5)
FNDA:0,(anonymous_6)
FNDA:3,(anonymous_7)
DA:1,3
DA:3,3
DA:4,3
DA:7,3
DA:12,1
DA:14,1
DA:15,0
DA:16,0
DA:20,1
DA:21,1
DA:23,0
DA:24,0
DA:29,1
DA:30,1
DA:33,1
DA:34,1
DA:35,1
DA:36,0
DA:37,3
DA:47,3
LF:20
LH:15
BRDA:15,0,0,0
BRDA:23,1,0,0
BRF:2
BRH:0
end_of_record
TN:
SF:lib\theme-default\TextWidget.tsx
FN:10,(anonymous_0)
FN:11,(anonymous_1)
FN:17,(anonymous_2)
FN:23,(anonymous_3)
FNF:4
FNH:3
FNDA:6,(anonymous_0)
FNDA:0,(anonymous_1)
FNDA:9,(anonymous_2)
FNDA:9,(anonymous_3)
DA:1,3
DA:2,3
DA:3,3
DA:6,3
DA:11,6
DA:12,0
DA:13,0
DA:14,0
DA:17,6
DA:18,9
DA:23,6
DA:24,9
DA:37,3
LF:13
LH:10
BRDA:13,0,0,0
BRDA:13,0,1,0
BRDA:19,1,0,9
BRDA:19,1,1,9
BRDA:19,1,2,9
BRF:5
BRH:3
end_of_record
TN:
SF:lib\theme-default\index.tsx
FNF:0
FNH:0
DA:1,3
DA:2,3
DA:3,3
DA:5,3
LF:4
LH:4
BRF:0
BRH:0
end_of_record
TN:
SF:lib\widgets\Selection.tsx
FN:21,(anonymous_0)
FN:24,(anonymous_1)
FN:31,(anonymous_2)
FN:32,(anonymous_3)
FN:39,(anonymous_4)
FN:43,(anonymous_5)
FN:45,(anonymous_6)
FN:47,(anonymous_7)
FNF:8
FNH:0
FNDA:0,(anonymous_0)
FNDA:0,(anonymous_1)
FNDA:0,(anonymous_2)
FNDA:0,(anonymous_3)
FNDA:0,(anonymous_4)
FNDA:0,(anonymous_5)
FNDA:0,(anonymous_6)
FNDA:0,(anonymous_7)
DA:1,3
DA:3,3
DA:22,0
DA:24,0
DA:25,0
DA:26,0
DA:30,0
DA:31,0
DA:33,0
DA:34,0
DA:39,0
DA:40,0
DA:43,0
DA:44,0
DA:45,0
DA:46,0
DA:47,0
LF:17
LH:2
BRDA:25,0,0,0
BRDA:33,1,0,0
BRF:2
BRH:0
end_of_record
TN:
SF:tests\unit\utils\TestComponent.tsx
FN:9,(anonymous_7)
FN:10,(anonymous_8)
FN:33,(anonymous_10)
FN:34,(anonymous_11)
FNF:4
FNH:4
FNDA:7,(anonymous_7)
FNDA:14,(anonymous_8)
FNDA:7,(anonymous_10)
FNDA:14,(anonymous_11)
DA:1,3
DA:2,3
DA:3,3
DA:8,3
DA:10,14
DA:18,3
DA:34,14
LF:7
LH:7
BRDA:12,0,0,7
BRDA:12,0,1,7
BRF:2
BRH:2
end_of_record
