TN:
SF:lib\SchemaForm.tsx
FN:9,(anonymous_1)
FN:10,(anonymous_2)
FN:20,(anonymous_3)
FNF:3
FNH:3
FNDA:1,(anonymous_1)
FNDA:1,(anonymous_2)
FNDA:1,(anonymous_3)
DA:1,1
DA:2,1
DA:3,1
DA:4,1
DA:6,1
DA:10,1
DA:11,1
DA:14,1
DA:18,1
DA:20,1
DA:21,1
DA:22,1
LF:12
LH:12
BRF:0
BRH:0
end_of_record
TN:
SF:lib\SchemaItem.tsx
FN:12,(anonymous_1)
FN:13,(anonymous_2)
FN:18,(anonymous_3)
FNF:3
FNH:3
FNDA:1,(anonymous_1)
FNDA:1,(anonymous_2)
FNDA:1,(anonymous_3)
DA:1,1
DA:2,1
DA:3,1
DA:4,1
DA:5,1
DA:6,1
DA:7,1
DA:9,1
DA:13,1
DA:14,1
DA:15,1
DA:18,1
DA:19,1
DA:21,1
DA:25,1
DA:28,1
DA:30,0
DA:31,0
DA:34,1
DA:35,1
DA:38,0
DA:39,0
DA:42,0
DA:43,0
DA:46,0
DA:50,1
LF:26
LH:19
BRDA:28,0,0,0
BRDA:28,0,1,1
BRDA:28,0,2,0
BRDA:28,0,3,0
BRDA:28,0,4,0
BRF:5
BRH:1
end_of_record
TN:
SF:lib\index.ts
FNF:0
FNH:0
DA:1,1
DA:2,1
DA:4,1
DA:6,1
LF:4
LH:4
BRF:0
BRH:0
end_of_record
TN:
SF:lib\types.ts
FN:3,(anonymous_0)
FNF:1
FNH:1
FNDA:1,(anonymous_0)
DA:3,1
DA:4,1
DA:5,1
DA:6,1
DA:7,1
DA:8,1
DA:9,1
DA:52,1
LF:8
LH:8
BRDA:3,0,0,1
BRDA:3,0,1,1
BRF:2
BRH:2
end_of_record
TN:
SF:lib\utils.ts
FN:9,isObject
FN:13,isEmptyObject
FN:17,hasOwnProperty
FN:30,validateData
FN:39,resolveSchema
FN:48,(anonymous_6)
FN:58,retrieveSchema
FN:98,stubExistingAdditionalProperties
FN:109,(anonymous_9)
FN:150,resolveReference
FN:159,findSchemaDefinition
FN:178,resolveDependencies
FN:198,processDependencies
FN:240,withDependentProperties
FN:250,withDependentSchema
FN:271,(anonymous_16)
FN:285,withExactlyOneSubschema
FN:292,(anonymous_18)
FN:332,mergeSchemas
FN:334,(anonymous_20)
FN:366,getSchemaType
FN:383,(anonymous_22)
FN:415,guessType
FN:433,isConstant
FN:440,isSelect
FN:446,(anonymous_26)
FN:451,isMultiSelect
FN:459,getMatchingOption
FN:478,(anonymous_29)
FN:518,mergeDefaultsWithFormData
FN:523,(anonymous_31)
FN:531,(anonymous_32)
FN:543,getDefaultFormState
FNF:33
FNH:4
FNDA:1,isObject
FNDA:0,isEmptyObject
FNDA:3,hasOwnProperty
FNDA:0,validateData
FNDA:1,resolveSchema
FNDA:0,(anonymous_6)
FNDA:1,retrieveSchema
FNDA:0,stubExistingAdditionalProperties
FNDA:0,(anonymous_9)
FNDA:0,resolveReference
FNDA:0,findSchemaDefinition
FNDA:0,resolveDependencies
FNDA:0,processDependencies
FNDA:0,withDependentProperties
FNDA:0,withDependentSchema
FNDA:0,(anonymous_16)
FNDA:0,withExactlyOneSubschema
FNDA:0,(anonymous_18)
FNDA:0,mergeSchemas
FNDA:0,(anonymous_20)
FNDA:0,getSchemaType
FNDA:0,(anonymous_22)
FNDA:0,guessType
FNDA:0,isConstant
FNDA:0,isSelect
FNDA:0,(anonymous_26)
FNDA:0,isMultiSelect
FNDA:0,getMatchingOption
FNDA:0,(anonymous_29)
FNDA:0,mergeDefaultsWithFormData
FNDA:0,(anonymous_31)
FNDA:0,(anonymous_32)
FNDA:0,getDefaultFormState
DA:1,1
DA:5,1
DA:6,1
DA:7,1
DA:9,1
DA:10,1
DA:13,1
DA:14,0
DA:17,1
DA:22,3
DA:29,1
DA:30,1
DA:31,0
DA:32,0
DA:39,1
DA:40,1
DA:41,0
DA:42,1
DA:43,0
DA:44,0
DA:45,1
DA:46,0
DA:49,0
DA:54,1
DA:58,1
DA:63,1
DA:64,0
DA:66,1
DA:69,1
DA:70,0
DA:71,0
DA:77,0
DA:78,0
DA:79,0
DA:83,1
DA:85,1
DA:87,0
DA:93,1
DA:96,1
DA:98,1
DA:104,0
DA:109,0
DA:110,0
DA:112,0
DA:116,0
DA:117,0
DA:122,0
DA:123,0
DA:125,0
DA:129,0
DA:131,0
DA:134,0
DA:152,0
DA:154,0
DA:156,0
DA:159,1
DA:160,0
DA:161,0
DA:163,0
DA:165,0
DA:167,0
DA:168,0
DA:169,0
DA:171,0
DA:173,0
DA:175,0
DA:184,0
DA:185,0
DA:186,0
DA:190,0
DA:191,0
DA:196,0
DA:205,0
DA:207,0
DA:208,0
DA:211,0
DA:215,0
DA:218,0
DA:219,0
DA:220,0
DA:221,0
DA:222,0
DA:230,0
DA:237,0
DA:241,0
DA:242,0
DA:244,0
DA:247,0
DA:258,0
DA:263,0
DA:265,0
DA:266,0
DA:267,0
DA:268,0
DA:271,0
DA:272,0
DA:276,0
DA:292,0
DA:293,0
DA:294,0
DA:296,0
DA:297,0
DA:298,0
DA:305,0
DA:306,0
DA:309,0
DA:310,0
DA:313,0
DA:316,0
DA:318,0
DA:319,0
DA:320,0
DA:332,1
DA:333,0
DA:334,0
DA:335,0
DA:336,0
DA:337,0
DA:338,0
DA:339,0
DA:349,0
DA:351,0
DA:353,0
DA:366,1
DA:367,0
DA:369,0
DA:370,0
DA:373,0
DA:374,0
DA:377,0
DA:378,0
DA:381,0
DA:382,0
DA:383,0
DA:386,0
DA:415,1
DA:416,0
DA:417,0
DA:418,0
DA:419,0
DA:420,0
DA:421,0
DA:422,0
DA:423,0
DA:424,0
DA:425,0
DA:426,0
DA:427,0
DA:430,0
DA:433,1
DA:434,0
DA:440,1
DA:441,0
DA:442,0
DA:443,0
DA:444,0
DA:445,0
DA:446,0
DA:448,0
DA:451,1
DA:452,0
DA:453,0
DA:455,0
DA:459,1
DA:464,0
DA:465,0
DA:474,0
DA:477,0
DA:478,0
DA:486,0
DA:488,0
DA:490,0
DA:491,0
DA:494,0
DA:497,0
DA:499,0
DA:501,0
DA:506,0
DA:508,0
DA:509,0
DA:511,0
DA:512,0
DA:515,0
DA:518,1
DA:519,0
DA:520,0
DA:521,0
DA:523,0
DA:524,0
DA:525,0
DA:527,0
DA:529,0
DA:530,0
DA:531,0
DA:532,0
DA:536,0
DA:539,0
DA:543,1
DA:549,0
DA:550,0
DA:553,0
DA:562,0
DA:564,0
DA:566,0
DA:567,0
DA:569,0
DA:570,0
DA:572,0
LF:208
LH:35
BRDA:10,0,0,1
BRDA:10,0,1,1
BRDA:10,0,2,1
BRDA:14,1,0,0
BRDA:14,1,1,0
BRDA:39,2,0,0
BRDA:39,3,0,0
BRDA:40,4,0,0
BRDA:40,4,1,1
BRDA:42,5,0,0
BRDA:42,5,1,1
BRDA:45,6,0,0
BRDA:45,6,1,1
BRDA:45,7,0,1
BRDA:45,7,1,0
BRDA:60,8,0,0
BRDA:61,9,0,0
BRDA:63,10,0,0
BRDA:69,11,0,0
BRDA:83,12,0,1
BRDA:83,12,1,0
BRDA:85,13,0,0
BRDA:100,14,0,0
BRDA:101,15,0,0
BRDA:110,16,0,0
BRDA:116,17,0,0
BRDA:116,17,1,0
BRDA:122,18,0,0
BRDA:122,18,1,0
BRDA:159,19,0,0
BRDA:161,20,0,0
BRDA:161,20,1,0
BRDA:168,21,0,0
BRDA:171,22,0,0
BRDA:184,23,0,0
BRDA:185,24,0,0
BRDA:185,24,1,0
BRDA:190,25,0,0
BRDA:207,26,0,0
BRDA:211,27,0,0
BRDA:212,28,0,0
BRDA:212,28,1,0
BRDA:219,29,0,0
BRDA:219,29,1,0
BRDA:221,30,0,0
BRDA:241,31,0,0
BRDA:244,32,0,0
BRDA:244,32,1,0
BRDA:265,33,0,0
BRDA:265,33,1,0
BRDA:267,34,0,0
BRDA:272,35,0,0
BRDA:272,35,1,0
BRDA:293,36,0,0
BRDA:297,37,0,0
BRDA:306,38,0,0
BRDA:306,38,1,0
BRDA:309,39,0,0
BRDA:335,40,0,0
BRDA:335,40,1,0
BRDA:337,41,0,0
BRDA:337,41,1,0
BRDA:337,42,0,0
BRDA:337,42,1,0
BRDA:337,42,2,0
BRDA:339,43,0,0
BRDA:339,43,1,0
BRDA:340,44,0,0
BRDA:340,44,1,0
BRDA:340,44,2,0
BRDA:340,44,3,0
BRDA:340,44,4,0
BRDA:340,44,5,0
BRDA:340,44,6,0
BRDA:369,45,0,0
BRDA:369,46,0,0
BRDA:369,46,1,0
BRDA:373,47,0,0
BRDA:373,48,0,0
BRDA:373,48,1,0
BRDA:377,49,0,0
BRDA:377,50,0,0
BRDA:377,50,1,0
BRDA:377,50,2,0
BRDA:382,51,0,0
BRDA:382,52,0,0
BRDA:382,52,1,0
BRDA:382,52,2,0
BRDA:416,53,0,0
BRDA:416,53,1,0
BRDA:418,54,0,0
BRDA:418,54,1,0
BRDA:420,55,0,0
BRDA:420,55,1,0
BRDA:422,56,0,0
BRDA:422,56,1,0
BRDA:424,57,0,0
BRDA:424,57,1,0
BRDA:426,58,0,0
BRDA:435,59,0,0
BRDA:435,59,1,0
BRDA:435,59,2,0
BRDA:440,60,0,0
BRDA:442,61,0,0
BRDA:442,61,1,0
BRDA:443,62,0,0
BRDA:443,62,1,0
BRDA:445,63,0,0
BRDA:451,64,0,0
BRDA:452,65,0,0
BRDA:452,66,0,0
BRDA:452,66,1,0
BRDA:474,67,0,0
BRDA:474,67,1,0
BRDA:486,68,0,0
BRDA:486,68,1,0
BRDA:490,69,0,0
BRDA:490,69,1,0
BRDA:508,70,0,0
BRDA:511,71,0,0
BRDA:519,72,0,0
BRDA:519,72,1,0
BRDA:520,73,0,0
BRDA:524,74,0,0
BRDA:529,75,0,0
BRDA:529,75,1,0
BRDA:533,76,0,0
BRDA:533,76,1,0
BRDA:549,77,0,0
BRDA:562,78,0,0
BRDA:566,79,0,0
BRDA:566,80,0,0
BRDA:566,80,1,0
BRDA:569,81,0,0
BRDA:569,82,0,0
BRDA:569,82,1,0
BRDA:569,82,2,0
BRDA:572,83,0,0
BRDA:572,83,1,0
BRF:139
BRH:8
end_of_record
TN:
SF:lib\fields\ArrayField.tsx
FN:50,(anonymous_1)
FN:53,(anonymous_2)
FN:54,(anonymous_3)
FN:55,(anonymous_4)
FN:56,(anonymous_5)
FN:57,(anonymous_6)
FN:85,(anonymous_7)
FN:87,(anonymous_8)
FN:95,(anonymous_9)
FN:103,(anonymous_10)
FN:111,(anonymous_11)
FN:122,(anonymous_12)
FN:134,(anonymous_13)
FN:146,(anonymous_14)
FN:152,(anonymous_15)
FN:160,(anonymous_16)
FN:161,(anonymous_17)
FN:174,(anonymous_18)
FN:183,(anonymous_19)
FNF:19
FNH:0
FNDA:0,(anonymous_1)
FNDA:0,(anonymous_2)
FNDA:0,(anonymous_3)
FNDA:0,(anonymous_4)
FNDA:0,(anonymous_5)
FNDA:0,(anonymous_6)
FNDA:0,(anonymous_7)
FNDA:0,(anonymous_8)
FNDA:0,(anonymous_9)
FNDA:0,(anonymous_10)
FNDA:0,(anonymous_11)
FNDA:0,(anonymous_12)
FNDA:0,(anonymous_13)
FNDA:0,(anonymous_14)
FNDA:0,(anonymous_15)
FNDA:0,(anonymous_16)
FNDA:0,(anonymous_17)
FNDA:0,(anonymous_18)
FNDA:0,(anonymous_19)
DA:1,1
DA:2,1
DA:3,1
DA:4,1
DA:5,1
DA:7,1
DA:26,1
DA:51,0
DA:53,0
DA:54,0
DA:55,0
DA:56,0
DA:57,0
DA:58,0
DA:59,0
DA:82,1
DA:86,0
DA:87,0
DA:88,0
DA:89,0
DA:91,0
DA:92,0
DA:95,0
DA:96,0
DA:97,0
DA:99,0
DA:101,0
DA:103,0
DA:104,0
DA:105,0
DA:107,0
DA:109,0
DA:111,0
DA:112,0
DA:114,0
DA:115,0
DA:117,0
DA:118,0
DA:120,0
DA:122,0
DA:123,0
DA:124,0
DA:126,0
DA:128,0
DA:129,0
DA:131,0
DA:134,0
DA:135,0
DA:136,0
DA:138,0
DA:139,0
DA:143,0
DA:144,0
DA:145,0
DA:146,0
DA:152,0
DA:155,0
DA:158,0
DA:160,0
DA:161,0
DA:174,0
DA:182,0
DA:183,0
DA:187,0
LF:64
LH:8
BRDA:75,0,0,0
BRDA:75,0,1,0
BRDA:89,1,0,0
BRDA:89,1,1,0
BRDA:97,2,0,0
BRDA:97,2,1,0
BRDA:105,3,0,0
BRDA:105,3,1,0
BRDA:112,4,0,0
BRDA:115,5,0,0
BRDA:115,5,1,0
BRDA:124,6,0,0
BRDA:124,6,1,0
BRDA:126,7,0,0
BRDA:139,8,0,0
BRDA:139,8,1,0
BRDA:143,9,0,0
BRDA:143,9,1,0
BRDA:145,10,0,0
BRDA:145,10,1,0
BRDA:155,11,0,0
BRDA:155,11,1,0
BRDA:158,12,0,0
BRDA:158,12,1,0
BRF:24
BRH:0
end_of_record
TN:
SF:lib\fields\NumberField.tsx
FN:7,(anonymous_0)
FN:8,(anonymous_1)
FN:20,(anonymous_2)
FNF:3
FNH:3
FNDA:1,(anonymous_0)
FNDA:1,(anonymous_1)
FNDA:1,(anonymous_2)
DA:1,1
DA:2,1
DA:4,1
DA:8,1
DA:9,1
DA:11,1
DA:13,1
DA:14,0
DA:16,1
DA:20,1
DA:21,1
DA:22,1
LF:12
LH:11
BRDA:13,0,0,0
BRDA:13,0,1,1
BRF:2
BRH:1
end_of_record
TN:
SF:lib\fields\ObjectField.tsx
FN:9,(anonymous_0)
FN:12,(anonymous_1)
FN:24,(anonymous_2)
FN:33,(anonymous_3)
FN:39,(anonymous_4)
FNF:5
FNH:0
FNDA:0,(anonymous_0)
FNDA:0,(anonymous_1)
FNDA:0,(anonymous_2)
FNDA:0,(anonymous_3)
FNDA:0,(anonymous_4)
DA:1,1
DA:2,1
DA:3,1
DA:4,1
DA:6,1
DA:10,0
DA:12,0
DA:13,0
DA:15,0
DA:16,0
DA:18,0
DA:21,0
DA:24,0
DA:25,0
DA:27,0
DA:29,0
DA:31,0
DA:33,0
DA:39,0
LF:19
LH:5
BRDA:13,0,0,0
BRDA:13,0,1,0
BRDA:15,1,0,0
BRDA:15,1,1,0
BRDA:29,2,0,0
BRDA:29,2,1,0
BRDA:31,3,0,0
BRDA:31,3,1,0
BRF:8
BRH:0
end_of_record
TN:
SF:lib\fields\StringField.tsx
FN:8,(anonymous_0)
FN:9,(anonymous_1)
FN:13,(anonymous_2)
FNF:3
FNH:0
FNDA:0,(anonymous_0)
FNDA:0,(anonymous_1)
FNDA:0,(anonymous_2)
DA:1,1
DA:3,1
DA:5,1
DA:9,0
DA:10,0
DA:11,0
DA:13,0
DA:14,0
LF:8
LH:3
BRF:0
BRH:0
end_of_record
TN:
SF:lib\fields\context.ts
FN:6,useVJSFContext
FNF:1
FNH:0
FNDA:0,useVJSFContext
DA:1,1
DA:4,1
DA:6,1
DA:8,0
DA:10,0
DA:11,0
DA:14,0
LF:7
LH:3
BRDA:10,0,0,0
BRF:1
BRH:0
end_of_record
TN:
SF:lib\widgets\Selection.tsx
FN:21,(anonymous_0)
FN:24,(anonymous_1)
FN:31,(anonymous_2)
FN:32,(anonymous_3)
FN:39,(anonymous_4)
FN:43,(anonymous_5)
FN:45,(anonymous_6)
FN:47,(anonymous_7)
FNF:8
FNH:0
FNDA:0,(anonymous_0)
FNDA:0,(anonymous_1)
FNDA:0,(anonymous_2)
FNDA:0,(anonymous_3)
FNDA:0,(anonymous_4)
FNDA:0,(anonymous_5)
FNDA:0,(anonymous_6)
FNDA:0,(anonymous_7)
DA:1,1
DA:3,1
DA:22,0
DA:24,0
DA:25,0
DA:26,0
DA:30,0
DA:31,0
DA:33,0
DA:34,0
DA:39,0
DA:40,0
DA:43,0
DA:44,0
DA:45,0
DA:46,0
DA:47,0
LF:17
LH:2
BRDA:25,0,0,0
BRDA:33,1,0,0
BRF:2
BRH:0
end_of_record
